ARM GAS  C:\Users\Wojciech\AppData\Local\Temp\ccFmsfGB.s 			page 1


   1              		.cpu cortex-m0
   2              		.eabi_attribute 20, 1
   3              		.eabi_attribute 21, 1
   4              		.eabi_attribute 23, 3
   5              		.eabi_attribute 24, 1
   6              		.eabi_attribute 25, 1
   7              		.eabi_attribute 26, 1
   8              		.eabi_attribute 30, 1
   9              		.eabi_attribute 34, 0
  10              		.eabi_attribute 18, 4
  11              		.file	"adc.c"
  12              		.text
  13              	.Ltext0:
  14              		.cfi_sections	.debug_frame
  15              		.section	.text.MX_ADC_Init,"ax",%progbits
  16              		.align	1
  17              		.global	MX_ADC_Init
  18              		.syntax unified
  19              		.code	16
  20              		.thumb_func
  21              		.fpu softvfp
  23              	MX_ADC_Init:
  24              	.LFB35:
  25              		.file 1 "Src/adc.c"
   1:Src/adc.c     **** /**
   2:Src/adc.c     ****   ******************************************************************************
   3:Src/adc.c     ****   * File Name          : ADC.c
   4:Src/adc.c     ****   * Description        : This file provides code for the configuration
   5:Src/adc.c     ****   *                      of the ADC instances.
   6:Src/adc.c     ****   ******************************************************************************
   7:Src/adc.c     ****   ** This notice applies to any and all portions of this file
   8:Src/adc.c     ****   * that are not between comment pairs USER CODE BEGIN and
   9:Src/adc.c     ****   * USER CODE END. Other portions of this file, whether 
  10:Src/adc.c     ****   * inserted by the user or by software development tools
  11:Src/adc.c     ****   * are owned by their respective copyright owners.
  12:Src/adc.c     ****   *
  13:Src/adc.c     ****   * COPYRIGHT(c) 2017 STMicroelectronics
  14:Src/adc.c     ****   *
  15:Src/adc.c     ****   * Redistribution and use in source and binary forms, with or without modification,
  16:Src/adc.c     ****   * are permitted provided that the following conditions are met:
  17:Src/adc.c     ****   *   1. Redistributions of source code must retain the above copyright notice,
  18:Src/adc.c     ****   *      this list of conditions and the following disclaimer.
  19:Src/adc.c     ****   *   2. Redistributions in binary form must reproduce the above copyright notice,
  20:Src/adc.c     ****   *      this list of conditions and the following disclaimer in the documentation
  21:Src/adc.c     ****   *      and/or other materials provided with the distribution.
  22:Src/adc.c     ****   *   3. Neither the name of STMicroelectronics nor the names of its contributors
  23:Src/adc.c     ****   *      may be used to endorse or promote products derived from this software
  24:Src/adc.c     ****   *      without specific prior written permission.
  25:Src/adc.c     ****   *
  26:Src/adc.c     ****   * THIS SOFTWARE IS PROVIDED BY THE COPYRIGHT HOLDERS AND CONTRIBUTORS "AS IS"
  27:Src/adc.c     ****   * AND ANY EXPRESS OR IMPLIED WARRANTIES, INCLUDING, BUT NOT LIMITED TO, THE
  28:Src/adc.c     ****   * IMPLIED WARRANTIES OF MERCHANTABILITY AND FITNESS FOR A PARTICULAR PURPOSE ARE
  29:Src/adc.c     ****   * DISCLAIMED. IN NO EVENT SHALL THE COPYRIGHT HOLDER OR CONTRIBUTORS BE LIABLE
  30:Src/adc.c     ****   * FOR ANY DIRECT, INDIRECT, INCIDENTAL, SPECIAL, EXEMPLARY, OR CONSEQUENTIAL
  31:Src/adc.c     ****   * DAMAGES (INCLUDING, BUT NOT LIMITED TO, PROCUREMENT OF SUBSTITUTE GOODS OR
  32:Src/adc.c     ****   * SERVICES; LOSS OF USE, DATA, OR PROFITS; OR BUSINESS INTERRUPTION) HOWEVER
  33:Src/adc.c     ****   * CAUSED AND ON ANY THEORY OF LIABILITY, WHETHER IN CONTRACT, STRICT LIABILITY,
ARM GAS  C:\Users\Wojciech\AppData\Local\Temp\ccFmsfGB.s 			page 2


  34:Src/adc.c     ****   * OR TORT (INCLUDING NEGLIGENCE OR OTHERWISE) ARISING IN ANY WAY OUT OF THE USE
  35:Src/adc.c     ****   * OF THIS SOFTWARE, EVEN IF ADVISED OF THE POSSIBILITY OF SUCH DAMAGE.
  36:Src/adc.c     ****   *
  37:Src/adc.c     ****   ******************************************************************************
  38:Src/adc.c     ****   */
  39:Src/adc.c     **** 
  40:Src/adc.c     **** /* Includes ------------------------------------------------------------------*/
  41:Src/adc.c     **** #include "adc.h"
  42:Src/adc.c     **** 
  43:Src/adc.c     **** #include "gpio.h"
  44:Src/adc.c     **** 
  45:Src/adc.c     **** /* USER CODE BEGIN 0 */
  46:Src/adc.c     **** 
  47:Src/adc.c     **** /* USER CODE END 0 */
  48:Src/adc.c     **** 
  49:Src/adc.c     **** ADC_HandleTypeDef hadc;
  50:Src/adc.c     **** 
  51:Src/adc.c     **** /* ADC init function */
  52:Src/adc.c     **** void MX_ADC_Init(void)
  53:Src/adc.c     **** {
  26              		.loc 1 53 0
  27              		.cfi_startproc
  28              		@ args = 0, pretend = 0, frame = 16
  29              		@ frame_needed = 0, uses_anonymous_args = 0
  30 0000 00B5     		push	{lr}
  31              	.LCFI0:
  32              		.cfi_def_cfa_offset 4
  33              		.cfi_offset 14, -4
  34 0002 85B0     		sub	sp, sp, #20
  35              	.LCFI1:
  36              		.cfi_def_cfa_offset 24
  54:Src/adc.c     ****   ADC_ChannelConfTypeDef sConfig;
  55:Src/adc.c     **** 
  56:Src/adc.c     ****     /**Configure the global features of the ADC (Clock, Resolution, Data Alignment and number of co
  57:Src/adc.c     ****     */
  58:Src/adc.c     ****   hadc.Instance = ADC1;
  37              		.loc 1 58 0
  38 0004 1F48     		ldr	r0, .L8
  39 0006 204B     		ldr	r3, .L8+4
  40 0008 0360     		str	r3, [r0]
  59:Src/adc.c     ****   hadc.Init.ClockPrescaler = ADC_CLOCK_ASYNC_DIV1;
  41              		.loc 1 59 0
  42 000a 0023     		movs	r3, #0
  43 000c 4360     		str	r3, [r0, #4]
  60:Src/adc.c     ****   hadc.Init.Resolution = ADC_RESOLUTION_12B;
  44              		.loc 1 60 0
  45 000e 8360     		str	r3, [r0, #8]
  61:Src/adc.c     ****   hadc.Init.DataAlign = ADC_DATAALIGN_RIGHT;
  46              		.loc 1 61 0
  47 0010 C360     		str	r3, [r0, #12]
  62:Src/adc.c     ****   hadc.Init.ScanConvMode = ADC_SCAN_DIRECTION_FORWARD;
  48              		.loc 1 62 0
  49 0012 0122     		movs	r2, #1
  50 0014 0261     		str	r2, [r0, #16]
  63:Src/adc.c     ****   hadc.Init.EOCSelection = ADC_EOC_SINGLE_CONV;
  51              		.loc 1 63 0
  52 0016 0421     		movs	r1, #4
ARM GAS  C:\Users\Wojciech\AppData\Local\Temp\ccFmsfGB.s 			page 3


  53 0018 4161     		str	r1, [r0, #20]
  64:Src/adc.c     ****   hadc.Init.LowPowerAutoWait = DISABLE;
  54              		.loc 1 64 0
  55 001a 8361     		str	r3, [r0, #24]
  65:Src/adc.c     ****   hadc.Init.LowPowerAutoPowerOff = DISABLE;
  56              		.loc 1 65 0
  57 001c C361     		str	r3, [r0, #28]
  66:Src/adc.c     ****   hadc.Init.ContinuousConvMode = DISABLE;
  58              		.loc 1 66 0
  59 001e 0362     		str	r3, [r0, #32]
  67:Src/adc.c     ****   hadc.Init.DiscontinuousConvMode = DISABLE;
  60              		.loc 1 67 0
  61 0020 4362     		str	r3, [r0, #36]
  68:Src/adc.c     ****   hadc.Init.ExternalTrigConv = ADC_SOFTWARE_START;
  62              		.loc 1 68 0
  63 0022 C221     		movs	r1, #194
  64 0024 FF31     		adds	r1, r1, #255
  65 0026 8162     		str	r1, [r0, #40]
  69:Src/adc.c     ****   hadc.Init.ExternalTrigConvEdge = ADC_EXTERNALTRIGCONVEDGE_NONE;
  66              		.loc 1 69 0
  67 0028 C362     		str	r3, [r0, #44]
  70:Src/adc.c     ****   hadc.Init.DMAContinuousRequests = DISABLE;
  68              		.loc 1 70 0
  69 002a 0363     		str	r3, [r0, #48]
  71:Src/adc.c     ****   hadc.Init.Overrun = ADC_OVR_DATA_PRESERVED;
  70              		.loc 1 71 0
  71 002c 4263     		str	r2, [r0, #52]
  72:Src/adc.c     ****   if (HAL_ADC_Init(&hadc) != HAL_OK)
  72              		.loc 1 72 0
  73 002e FFF7FEFF 		bl	HAL_ADC_Init
  74              	.LVL0:
  75 0032 0028     		cmp	r0, #0
  76 0034 17D1     		bne	.L5
  77              	.L2:
  73:Src/adc.c     ****   {
  74:Src/adc.c     ****     _Error_Handler(__FILE__, __LINE__);
  75:Src/adc.c     ****   }
  76:Src/adc.c     **** 
  77:Src/adc.c     ****     /**Configure for the selected ADC regular channel to be converted. 
  78:Src/adc.c     ****     */
  79:Src/adc.c     ****   sConfig.Channel = ADC_CHANNEL_0;
  78              		.loc 1 79 0
  79 0036 0023     		movs	r3, #0
  80 0038 0193     		str	r3, [sp, #4]
  80:Src/adc.c     ****   sConfig.Rank = ADC_RANK_CHANNEL_NUMBER;
  81              		.loc 1 80 0
  82 003a 8023     		movs	r3, #128
  83 003c 5B01     		lsls	r3, r3, #5
  84 003e 0293     		str	r3, [sp, #8]
  81:Src/adc.c     ****   sConfig.SamplingTime = ADC_SAMPLETIME_1CYCLE_5;
  85              		.loc 1 81 0
  86 0040 8023     		movs	r3, #128
  87 0042 5B05     		lsls	r3, r3, #21
  88 0044 0393     		str	r3, [sp, #12]
  82:Src/adc.c     ****   if (HAL_ADC_ConfigChannel(&hadc, &sConfig) != HAL_OK)
  89              		.loc 1 82 0
  90 0046 01A9     		add	r1, sp, #4
ARM GAS  C:\Users\Wojciech\AppData\Local\Temp\ccFmsfGB.s 			page 4


  91 0048 0E48     		ldr	r0, .L8
  92 004a FFF7FEFF 		bl	HAL_ADC_ConfigChannel
  93              	.LVL1:
  94 004e 0028     		cmp	r0, #0
  95 0050 0ED1     		bne	.L6
  96              	.L3:
  83:Src/adc.c     ****   {
  84:Src/adc.c     ****     _Error_Handler(__FILE__, __LINE__);
  85:Src/adc.c     ****   }
  86:Src/adc.c     **** 
  87:Src/adc.c     ****     /**Configure for the selected ADC regular channel to be converted. 
  88:Src/adc.c     ****     */
  89:Src/adc.c     ****   sConfig.Channel = ADC_CHANNEL_1;
  97              		.loc 1 89 0
  98 0052 0123     		movs	r3, #1
  99 0054 0193     		str	r3, [sp, #4]
  90:Src/adc.c     ****   if (HAL_ADC_ConfigChannel(&hadc, &sConfig) != HAL_OK)
 100              		.loc 1 90 0
 101 0056 01A9     		add	r1, sp, #4
 102 0058 0A48     		ldr	r0, .L8
 103 005a FFF7FEFF 		bl	HAL_ADC_ConfigChannel
 104              	.LVL2:
 105 005e 0028     		cmp	r0, #0
 106 0060 0BD1     		bne	.L7
 107              	.L1:
  91:Src/adc.c     ****   {
  92:Src/adc.c     ****     _Error_Handler(__FILE__, __LINE__);
  93:Src/adc.c     ****   }
  94:Src/adc.c     **** 
  95:Src/adc.c     **** }
 108              		.loc 1 95 0
 109 0062 05B0     		add	sp, sp, #20
 110              		@ sp needed
 111 0064 00BD     		pop	{pc}
 112              	.L5:
  74:Src/adc.c     ****   }
 113              		.loc 1 74 0
 114 0066 4A21     		movs	r1, #74
 115 0068 0848     		ldr	r0, .L8+8
 116 006a FFF7FEFF 		bl	_Error_Handler
 117              	.LVL3:
 118 006e E2E7     		b	.L2
 119              	.L6:
  84:Src/adc.c     ****   }
 120              		.loc 1 84 0
 121 0070 5421     		movs	r1, #84
 122 0072 0648     		ldr	r0, .L8+8
 123 0074 FFF7FEFF 		bl	_Error_Handler
 124              	.LVL4:
 125 0078 EBE7     		b	.L3
 126              	.L7:
  92:Src/adc.c     ****   }
 127              		.loc 1 92 0
 128 007a 5C21     		movs	r1, #92
 129 007c 0348     		ldr	r0, .L8+8
 130 007e FFF7FEFF 		bl	_Error_Handler
 131              	.LVL5:
ARM GAS  C:\Users\Wojciech\AppData\Local\Temp\ccFmsfGB.s 			page 5


 132              		.loc 1 95 0
 133 0082 EEE7     		b	.L1
 134              	.L9:
 135              		.align	2
 136              	.L8:
 137 0084 00000000 		.word	hadc
 138 0088 00240140 		.word	1073816576
 139 008c 00000000 		.word	.LC1
 140              		.cfi_endproc
 141              	.LFE35:
 143              		.section	.text.HAL_ADC_MspInit,"ax",%progbits
 144              		.align	1
 145              		.global	HAL_ADC_MspInit
 146              		.syntax unified
 147              		.code	16
 148              		.thumb_func
 149              		.fpu softvfp
 151              	HAL_ADC_MspInit:
 152              	.LFB36:
  96:Src/adc.c     **** 
  97:Src/adc.c     **** void HAL_ADC_MspInit(ADC_HandleTypeDef* adcHandle)
  98:Src/adc.c     **** {
 153              		.loc 1 98 0
 154              		.cfi_startproc
 155              		@ args = 0, pretend = 0, frame = 24
 156              		@ frame_needed = 0, uses_anonymous_args = 0
 157              	.LVL6:
 158 0000 00B5     		push	{lr}
 159              	.LCFI2:
 160              		.cfi_def_cfa_offset 4
 161              		.cfi_offset 14, -4
 162 0002 87B0     		sub	sp, sp, #28
 163              	.LCFI3:
 164              		.cfi_def_cfa_offset 32
  99:Src/adc.c     **** 
 100:Src/adc.c     ****   GPIO_InitTypeDef GPIO_InitStruct;
 101:Src/adc.c     ****   if(adcHandle->Instance==ADC1)
 165              		.loc 1 101 0
 166 0004 0268     		ldr	r2, [r0]
 167 0006 0D4B     		ldr	r3, .L13
 168 0008 9A42     		cmp	r2, r3
 169 000a 01D0     		beq	.L12
 170              	.LVL7:
 171              	.L10:
 102:Src/adc.c     ****   {
 103:Src/adc.c     ****   /* USER CODE BEGIN ADC1_MspInit 0 */
 104:Src/adc.c     **** 
 105:Src/adc.c     ****   /* USER CODE END ADC1_MspInit 0 */
 106:Src/adc.c     ****     /* Peripheral clock enable */
 107:Src/adc.c     ****     __HAL_RCC_ADC1_CLK_ENABLE();
 108:Src/adc.c     ****   
 109:Src/adc.c     ****     /**ADC GPIO Configuration    
 110:Src/adc.c     ****     PA0     ------> ADC_IN0
 111:Src/adc.c     ****     PA1     ------> ADC_IN1 
 112:Src/adc.c     ****     */
 113:Src/adc.c     ****     GPIO_InitStruct.Pin = ANALOG_B_Pin|ANALOG_A_Pin;
 114:Src/adc.c     ****     GPIO_InitStruct.Mode = GPIO_MODE_ANALOG;
ARM GAS  C:\Users\Wojciech\AppData\Local\Temp\ccFmsfGB.s 			page 6


 115:Src/adc.c     ****     GPIO_InitStruct.Pull = GPIO_NOPULL;
 116:Src/adc.c     ****     HAL_GPIO_Init(GPIOA, &GPIO_InitStruct);
 117:Src/adc.c     **** 
 118:Src/adc.c     ****   /* USER CODE BEGIN ADC1_MspInit 1 */
 119:Src/adc.c     **** 
 120:Src/adc.c     ****   /* USER CODE END ADC1_MspInit 1 */
 121:Src/adc.c     ****   }
 122:Src/adc.c     **** }
 172              		.loc 1 122 0
 173 000c 07B0     		add	sp, sp, #28
 174              		@ sp needed
 175 000e 00BD     		pop	{pc}
 176              	.LVL8:
 177              	.L12:
 178              	.LBB2:
 107:Src/adc.c     ****   
 179              		.loc 1 107 0
 180 0010 0B4A     		ldr	r2, .L13+4
 181 0012 9169     		ldr	r1, [r2, #24]
 182 0014 8020     		movs	r0, #128
 183              	.LVL9:
 184 0016 8000     		lsls	r0, r0, #2
 185 0018 0143     		orrs	r1, r0
 186 001a 9161     		str	r1, [r2, #24]
 187 001c 9369     		ldr	r3, [r2, #24]
 188 001e 0340     		ands	r3, r0
 189 0020 0093     		str	r3, [sp]
 190 0022 009B     		ldr	r3, [sp]
 191              	.LBE2:
 113:Src/adc.c     ****     GPIO_InitStruct.Mode = GPIO_MODE_ANALOG;
 192              		.loc 1 113 0
 193 0024 0323     		movs	r3, #3
 194 0026 0193     		str	r3, [sp, #4]
 114:Src/adc.c     ****     GPIO_InitStruct.Pull = GPIO_NOPULL;
 195              		.loc 1 114 0
 196 0028 0293     		str	r3, [sp, #8]
 115:Src/adc.c     ****     HAL_GPIO_Init(GPIOA, &GPIO_InitStruct);
 197              		.loc 1 115 0
 198 002a 0023     		movs	r3, #0
 199 002c 0393     		str	r3, [sp, #12]
 116:Src/adc.c     **** 
 200              		.loc 1 116 0
 201 002e 01A9     		add	r1, sp, #4
 202 0030 9020     		movs	r0, #144
 203 0032 C005     		lsls	r0, r0, #23
 204 0034 FFF7FEFF 		bl	HAL_GPIO_Init
 205              	.LVL10:
 206              		.loc 1 122 0
 207 0038 E8E7     		b	.L10
 208              	.L14:
 209 003a C046     		.align	2
 210              	.L13:
 211 003c 00240140 		.word	1073816576
 212 0040 00100240 		.word	1073876992
 213              		.cfi_endproc
 214              	.LFE36:
 216              		.section	.text.HAL_ADC_MspDeInit,"ax",%progbits
ARM GAS  C:\Users\Wojciech\AppData\Local\Temp\ccFmsfGB.s 			page 7


 217              		.align	1
 218              		.global	HAL_ADC_MspDeInit
 219              		.syntax unified
 220              		.code	16
 221              		.thumb_func
 222              		.fpu softvfp
 224              	HAL_ADC_MspDeInit:
 225              	.LFB37:
 123:Src/adc.c     **** 
 124:Src/adc.c     **** void HAL_ADC_MspDeInit(ADC_HandleTypeDef* adcHandle)
 125:Src/adc.c     **** {
 226              		.loc 1 125 0
 227              		.cfi_startproc
 228              		@ args = 0, pretend = 0, frame = 0
 229              		@ frame_needed = 0, uses_anonymous_args = 0
 230              	.LVL11:
 231 0000 10B5     		push	{r4, lr}
 232              	.LCFI4:
 233              		.cfi_def_cfa_offset 8
 234              		.cfi_offset 4, -8
 235              		.cfi_offset 14, -4
 126:Src/adc.c     **** 
 127:Src/adc.c     ****   if(adcHandle->Instance==ADC1)
 236              		.loc 1 127 0
 237 0002 0268     		ldr	r2, [r0]
 238 0004 074B     		ldr	r3, .L18
 239 0006 9A42     		cmp	r2, r3
 240 0008 00D0     		beq	.L17
 241              	.LVL12:
 242              	.L15:
 128:Src/adc.c     ****   {
 129:Src/adc.c     ****   /* USER CODE BEGIN ADC1_MspDeInit 0 */
 130:Src/adc.c     **** 
 131:Src/adc.c     ****   /* USER CODE END ADC1_MspDeInit 0 */
 132:Src/adc.c     ****     /* Peripheral clock disable */
 133:Src/adc.c     ****     __HAL_RCC_ADC1_CLK_DISABLE();
 134:Src/adc.c     ****   
 135:Src/adc.c     ****     /**ADC GPIO Configuration    
 136:Src/adc.c     ****     PA0     ------> ADC_IN0
 137:Src/adc.c     ****     PA1     ------> ADC_IN1 
 138:Src/adc.c     ****     */
 139:Src/adc.c     ****     HAL_GPIO_DeInit(GPIOA, ANALOG_B_Pin|ANALOG_A_Pin);
 140:Src/adc.c     **** 
 141:Src/adc.c     ****   /* USER CODE BEGIN ADC1_MspDeInit 1 */
 142:Src/adc.c     **** 
 143:Src/adc.c     ****   /* USER CODE END ADC1_MspDeInit 1 */
 144:Src/adc.c     ****   }
 145:Src/adc.c     **** } 
 243              		.loc 1 145 0
 244              		@ sp needed
 245 000a 10BD     		pop	{r4, pc}
 246              	.LVL13:
 247              	.L17:
 133:Src/adc.c     ****   
 248              		.loc 1 133 0
 249 000c 064A     		ldr	r2, .L18+4
 250 000e 9369     		ldr	r3, [r2, #24]
ARM GAS  C:\Users\Wojciech\AppData\Local\Temp\ccFmsfGB.s 			page 8


 251 0010 0649     		ldr	r1, .L18+8
 252 0012 0B40     		ands	r3, r1
 253 0014 9361     		str	r3, [r2, #24]
 139:Src/adc.c     **** 
 254              		.loc 1 139 0
 255 0016 0321     		movs	r1, #3
 256 0018 9020     		movs	r0, #144
 257              	.LVL14:
 258 001a C005     		lsls	r0, r0, #23
 259 001c FFF7FEFF 		bl	HAL_GPIO_DeInit
 260              	.LVL15:
 261              		.loc 1 145 0
 262 0020 F3E7     		b	.L15
 263              	.L19:
 264 0022 C046     		.align	2
 265              	.L18:
 266 0024 00240140 		.word	1073816576
 267 0028 00100240 		.word	1073876992
 268 002c FFFDFFFF 		.word	-513
 269              		.cfi_endproc
 270              	.LFE37:
 272              		.comm	hadc,76,4
 273              		.section	.rodata.MX_ADC_Init.str1.4,"aMS",%progbits,1
 274              		.align	2
 275              	.LC1:
 276 0000 5372632F 		.ascii	"Src/adc.c\000"
 276      6164632E 
 276      6300
 277              		.text
 278              	.Letext0:
 279              		.file 2 "c:\\program files (x86)\\gnu tools arm embedded\\6 2017-q2-update\\arm-none-eabi\\include
 280              		.file 3 "c:\\program files (x86)\\gnu tools arm embedded\\6 2017-q2-update\\arm-none-eabi\\include
 281              		.file 4 "Drivers/CMSIS/Device/ST/STM32F0xx/Include/system_stm32f0xx.h"
 282              		.file 5 "Drivers/CMSIS/Device/ST/STM32F0xx/Include/stm32f042x6.h"
 283              		.file 6 "c:\\program files (x86)\\gnu tools arm embedded\\6 2017-q2-update\\arm-none-eabi\\include
 284              		.file 7 "c:\\program files (x86)\\gnu tools arm embedded\\6 2017-q2-update\\arm-none-eabi\\include
 285              		.file 8 "c:\\program files (x86)\\gnu tools arm embedded\\6 2017-q2-update\\lib\\gcc\\arm-none-eab
 286              		.file 9 "c:\\program files (x86)\\gnu tools arm embedded\\6 2017-q2-update\\arm-none-eabi\\include
 287              		.file 10 "Drivers/CMSIS/Device/ST/STM32F0xx/Include/stm32f0xx.h"
 288              		.file 11 "Drivers/STM32F0xx_HAL_Driver/Inc/stm32f0xx_hal_def.h"
 289              		.file 12 "Drivers/STM32F0xx_HAL_Driver/Inc/stm32f0xx_hal_gpio.h"
 290              		.file 13 "Drivers/STM32F0xx_HAL_Driver/Inc/stm32f0xx_hal_dma.h"
 291              		.file 14 "Drivers/STM32F0xx_HAL_Driver/Inc/stm32f0xx_hal_adc.h"
 292              		.file 15 "Inc/adc.h"
ARM GAS  C:\Users\Wojciech\AppData\Local\Temp\ccFmsfGB.s 			page 9


DEFINED SYMBOLS
                            *ABS*:00000000 adc.c
C:\Users\Wojciech\AppData\Local\Temp\ccFmsfGB.s:16     .text.MX_ADC_Init:00000000 $t
C:\Users\Wojciech\AppData\Local\Temp\ccFmsfGB.s:23     .text.MX_ADC_Init:00000000 MX_ADC_Init
C:\Users\Wojciech\AppData\Local\Temp\ccFmsfGB.s:137    .text.MX_ADC_Init:00000084 $d
                            *COM*:0000004c hadc
C:\Users\Wojciech\AppData\Local\Temp\ccFmsfGB.s:144    .text.HAL_ADC_MspInit:00000000 $t
C:\Users\Wojciech\AppData\Local\Temp\ccFmsfGB.s:151    .text.HAL_ADC_MspInit:00000000 HAL_ADC_MspInit
C:\Users\Wojciech\AppData\Local\Temp\ccFmsfGB.s:211    .text.HAL_ADC_MspInit:0000003c $d
C:\Users\Wojciech\AppData\Local\Temp\ccFmsfGB.s:217    .text.HAL_ADC_MspDeInit:00000000 $t
C:\Users\Wojciech\AppData\Local\Temp\ccFmsfGB.s:224    .text.HAL_ADC_MspDeInit:00000000 HAL_ADC_MspDeInit
C:\Users\Wojciech\AppData\Local\Temp\ccFmsfGB.s:266    .text.HAL_ADC_MspDeInit:00000024 $d
C:\Users\Wojciech\AppData\Local\Temp\ccFmsfGB.s:274    .rodata.MX_ADC_Init.str1.4:00000000 $d
                     .debug_frame:00000010 $d

UNDEFINED SYMBOLS
HAL_ADC_Init
HAL_ADC_ConfigChannel
_Error_Handler
HAL_GPIO_Init
HAL_GPIO_DeInit
