ARM GAS  C:\Users\Wojciech\AppData\Local\Temp\ccxSbgFa.s 			page 1


   1              		.cpu cortex-m0
   2              		.eabi_attribute 20, 1
   3              		.eabi_attribute 21, 1
   4              		.eabi_attribute 23, 3
   5              		.eabi_attribute 24, 1
   6              		.eabi_attribute 25, 1
   7              		.eabi_attribute 26, 1
   8              		.eabi_attribute 30, 1
   9              		.eabi_attribute 34, 0
  10              		.eabi_attribute 18, 4
  11              		.file	"i2c.c"
  12              		.text
  13              	.Ltext0:
  14              		.cfi_sections	.debug_frame
  15              		.section	.text.MX_I2C1_Init,"ax",%progbits
  16              		.align	1
  17              		.global	MX_I2C1_Init
  18              		.syntax unified
  19              		.code	16
  20              		.thumb_func
  21              		.fpu softvfp
  23              	MX_I2C1_Init:
  24              	.LFB35:
  25              		.file 1 "Src/i2c.c"
   1:Src/i2c.c     **** /**
   2:Src/i2c.c     ****   ******************************************************************************
   3:Src/i2c.c     ****   * File Name          : I2C.c
   4:Src/i2c.c     ****   * Description        : This file provides code for the configuration
   5:Src/i2c.c     ****   *                      of the I2C instances.
   6:Src/i2c.c     ****   ******************************************************************************
   7:Src/i2c.c     ****   ** This notice applies to any and all portions of this file
   8:Src/i2c.c     ****   * that are not between comment pairs USER CODE BEGIN and
   9:Src/i2c.c     ****   * USER CODE END. Other portions of this file, whether 
  10:Src/i2c.c     ****   * inserted by the user or by software development tools
  11:Src/i2c.c     ****   * are owned by their respective copyright owners.
  12:Src/i2c.c     ****   *
  13:Src/i2c.c     ****   * COPYRIGHT(c) 2017 STMicroelectronics
  14:Src/i2c.c     ****   *
  15:Src/i2c.c     ****   * Redistribution and use in source and binary forms, with or without modification,
  16:Src/i2c.c     ****   * are permitted provided that the following conditions are met:
  17:Src/i2c.c     ****   *   1. Redistributions of source code must retain the above copyright notice,
  18:Src/i2c.c     ****   *      this list of conditions and the following disclaimer.
  19:Src/i2c.c     ****   *   2. Redistributions in binary form must reproduce the above copyright notice,
  20:Src/i2c.c     ****   *      this list of conditions and the following disclaimer in the documentation
  21:Src/i2c.c     ****   *      and/or other materials provided with the distribution.
  22:Src/i2c.c     ****   *   3. Neither the name of STMicroelectronics nor the names of its contributors
  23:Src/i2c.c     ****   *      may be used to endorse or promote products derived from this software
  24:Src/i2c.c     ****   *      without specific prior written permission.
  25:Src/i2c.c     ****   *
  26:Src/i2c.c     ****   * THIS SOFTWARE IS PROVIDED BY THE COPYRIGHT HOLDERS AND CONTRIBUTORS "AS IS"
  27:Src/i2c.c     ****   * AND ANY EXPRESS OR IMPLIED WARRANTIES, INCLUDING, BUT NOT LIMITED TO, THE
  28:Src/i2c.c     ****   * IMPLIED WARRANTIES OF MERCHANTABILITY AND FITNESS FOR A PARTICULAR PURPOSE ARE
  29:Src/i2c.c     ****   * DISCLAIMED. IN NO EVENT SHALL THE COPYRIGHT HOLDER OR CONTRIBUTORS BE LIABLE
  30:Src/i2c.c     ****   * FOR ANY DIRECT, INDIRECT, INCIDENTAL, SPECIAL, EXEMPLARY, OR CONSEQUENTIAL
  31:Src/i2c.c     ****   * DAMAGES (INCLUDING, BUT NOT LIMITED TO, PROCUREMENT OF SUBSTITUTE GOODS OR
  32:Src/i2c.c     ****   * SERVICES; LOSS OF USE, DATA, OR PROFITS; OR BUSINESS INTERRUPTION) HOWEVER
  33:Src/i2c.c     ****   * CAUSED AND ON ANY THEORY OF LIABILITY, WHETHER IN CONTRACT, STRICT LIABILITY,
ARM GAS  C:\Users\Wojciech\AppData\Local\Temp\ccxSbgFa.s 			page 2


  34:Src/i2c.c     ****   * OR TORT (INCLUDING NEGLIGENCE OR OTHERWISE) ARISING IN ANY WAY OUT OF THE USE
  35:Src/i2c.c     ****   * OF THIS SOFTWARE, EVEN IF ADVISED OF THE POSSIBILITY OF SUCH DAMAGE.
  36:Src/i2c.c     ****   *
  37:Src/i2c.c     ****   ******************************************************************************
  38:Src/i2c.c     ****   */
  39:Src/i2c.c     **** 
  40:Src/i2c.c     **** /* Includes ------------------------------------------------------------------*/
  41:Src/i2c.c     **** #include "i2c.h"
  42:Src/i2c.c     **** 
  43:Src/i2c.c     **** #include "gpio.h"
  44:Src/i2c.c     **** 
  45:Src/i2c.c     **** /* USER CODE BEGIN 0 */
  46:Src/i2c.c     **** 
  47:Src/i2c.c     **** /* USER CODE END 0 */
  48:Src/i2c.c     **** 
  49:Src/i2c.c     **** I2C_HandleTypeDef hi2c1;
  50:Src/i2c.c     **** 
  51:Src/i2c.c     **** /* I2C1 init function */
  52:Src/i2c.c     **** void MX_I2C1_Init(void)
  53:Src/i2c.c     **** {
  26              		.loc 1 53 0
  27              		.cfi_startproc
  28              		@ args = 0, pretend = 0, frame = 0
  29              		@ frame_needed = 0, uses_anonymous_args = 0
  30 0000 10B5     		push	{r4, lr}
  31              	.LCFI0:
  32              		.cfi_def_cfa_offset 8
  33              		.cfi_offset 4, -8
  34              		.cfi_offset 14, -4
  54:Src/i2c.c     **** 
  55:Src/i2c.c     ****   hi2c1.Instance = I2C1;
  35              		.loc 1 55 0
  36 0002 1748     		ldr	r0, .L8
  37 0004 174B     		ldr	r3, .L8+4
  38 0006 0360     		str	r3, [r0]
  56:Src/i2c.c     ****   hi2c1.Init.Timing = 0x00909BEB;
  39              		.loc 1 56 0
  40 0008 174B     		ldr	r3, .L8+8
  41 000a 4360     		str	r3, [r0, #4]
  57:Src/i2c.c     ****   hi2c1.Init.OwnAddress1 = 0;
  42              		.loc 1 57 0
  43 000c 0023     		movs	r3, #0
  44 000e 8360     		str	r3, [r0, #8]
  58:Src/i2c.c     ****   hi2c1.Init.AddressingMode = I2C_ADDRESSINGMODE_7BIT;
  45              		.loc 1 58 0
  46 0010 0122     		movs	r2, #1
  47 0012 C260     		str	r2, [r0, #12]
  59:Src/i2c.c     ****   hi2c1.Init.DualAddressMode = I2C_DUALADDRESS_DISABLE;
  48              		.loc 1 59 0
  49 0014 0361     		str	r3, [r0, #16]
  60:Src/i2c.c     ****   hi2c1.Init.OwnAddress2 = 0;
  50              		.loc 1 60 0
  51 0016 4361     		str	r3, [r0, #20]
  61:Src/i2c.c     ****   hi2c1.Init.OwnAddress2Masks = I2C_OA2_NOMASK;
  52              		.loc 1 61 0
  53 0018 8361     		str	r3, [r0, #24]
  62:Src/i2c.c     ****   hi2c1.Init.GeneralCallMode = I2C_GENERALCALL_DISABLE;
ARM GAS  C:\Users\Wojciech\AppData\Local\Temp\ccxSbgFa.s 			page 3


  54              		.loc 1 62 0
  55 001a C361     		str	r3, [r0, #28]
  63:Src/i2c.c     ****   hi2c1.Init.NoStretchMode = I2C_NOSTRETCH_DISABLE;
  56              		.loc 1 63 0
  57 001c 0362     		str	r3, [r0, #32]
  64:Src/i2c.c     ****   if (HAL_I2C_Init(&hi2c1) != HAL_OK)
  58              		.loc 1 64 0
  59 001e FFF7FEFF 		bl	HAL_I2C_Init
  60              	.LVL0:
  61 0022 0028     		cmp	r0, #0
  62 0024 0CD1     		bne	.L5
  63              	.L2:
  65:Src/i2c.c     ****   {
  66:Src/i2c.c     ****     _Error_Handler(__FILE__, __LINE__);
  67:Src/i2c.c     ****   }
  68:Src/i2c.c     **** 
  69:Src/i2c.c     ****     /**Configure Analogue filter 
  70:Src/i2c.c     ****     */
  71:Src/i2c.c     ****   if (HAL_I2CEx_ConfigAnalogFilter(&hi2c1, I2C_ANALOGFILTER_ENABLE) != HAL_OK)
  64              		.loc 1 71 0
  65 0026 0021     		movs	r1, #0
  66 0028 0D48     		ldr	r0, .L8
  67 002a FFF7FEFF 		bl	HAL_I2CEx_ConfigAnalogFilter
  68              	.LVL1:
  69 002e 0028     		cmp	r0, #0
  70 0030 0BD1     		bne	.L6
  71              	.L3:
  72:Src/i2c.c     ****   {
  73:Src/i2c.c     ****     _Error_Handler(__FILE__, __LINE__);
  74:Src/i2c.c     ****   }
  75:Src/i2c.c     **** 
  76:Src/i2c.c     ****     /**Configure Digital filter 
  77:Src/i2c.c     ****     */
  78:Src/i2c.c     ****   if (HAL_I2CEx_ConfigDigitalFilter(&hi2c1, 0) != HAL_OK)
  72              		.loc 1 78 0
  73 0032 0021     		movs	r1, #0
  74 0034 0A48     		ldr	r0, .L8
  75 0036 FFF7FEFF 		bl	HAL_I2CEx_ConfigDigitalFilter
  76              	.LVL2:
  77 003a 0028     		cmp	r0, #0
  78 003c 0AD1     		bne	.L7
  79              	.L1:
  79:Src/i2c.c     ****   {
  80:Src/i2c.c     ****     _Error_Handler(__FILE__, __LINE__);
  81:Src/i2c.c     ****   }
  82:Src/i2c.c     **** 
  83:Src/i2c.c     **** }
  80              		.loc 1 83 0
  81              		@ sp needed
  82 003e 10BD     		pop	{r4, pc}
  83              	.L5:
  66:Src/i2c.c     ****   }
  84              		.loc 1 66 0
  85 0040 4221     		movs	r1, #66
  86 0042 0A48     		ldr	r0, .L8+12
  87 0044 FFF7FEFF 		bl	_Error_Handler
  88              	.LVL3:
ARM GAS  C:\Users\Wojciech\AppData\Local\Temp\ccxSbgFa.s 			page 4


  89 0048 EDE7     		b	.L2
  90              	.L6:
  73:Src/i2c.c     ****   }
  91              		.loc 1 73 0
  92 004a 4921     		movs	r1, #73
  93 004c 0748     		ldr	r0, .L8+12
  94 004e FFF7FEFF 		bl	_Error_Handler
  95              	.LVL4:
  96 0052 EEE7     		b	.L3
  97              	.L7:
  80:Src/i2c.c     ****   }
  98              		.loc 1 80 0
  99 0054 5021     		movs	r1, #80
 100 0056 0548     		ldr	r0, .L8+12
 101 0058 FFF7FEFF 		bl	_Error_Handler
 102              	.LVL5:
 103              		.loc 1 83 0
 104 005c EFE7     		b	.L1
 105              	.L9:
 106 005e C046     		.align	2
 107              	.L8:
 108 0060 00000000 		.word	hi2c1
 109 0064 00540040 		.word	1073763328
 110 0068 EB9B9000 		.word	9477099
 111 006c 00000000 		.word	.LC1
 112              		.cfi_endproc
 113              	.LFE35:
 115              		.section	.text.HAL_I2C_MspInit,"ax",%progbits
 116              		.align	1
 117              		.global	HAL_I2C_MspInit
 118              		.syntax unified
 119              		.code	16
 120              		.thumb_func
 121              		.fpu softvfp
 123              	HAL_I2C_MspInit:
 124              	.LFB36:
  84:Src/i2c.c     **** 
  85:Src/i2c.c     **** void HAL_I2C_MspInit(I2C_HandleTypeDef* i2cHandle)
  86:Src/i2c.c     **** {
 125              		.loc 1 86 0
 126              		.cfi_startproc
 127              		@ args = 0, pretend = 0, frame = 24
 128              		@ frame_needed = 0, uses_anonymous_args = 0
 129              	.LVL6:
 130 0000 00B5     		push	{lr}
 131              	.LCFI1:
 132              		.cfi_def_cfa_offset 4
 133              		.cfi_offset 14, -4
 134 0002 87B0     		sub	sp, sp, #28
 135              	.LCFI2:
 136              		.cfi_def_cfa_offset 32
  87:Src/i2c.c     **** 
  88:Src/i2c.c     ****   GPIO_InitTypeDef GPIO_InitStruct;
  89:Src/i2c.c     ****   if(i2cHandle->Instance==I2C1)
 137              		.loc 1 89 0
 138 0004 0268     		ldr	r2, [r0]
 139 0006 104B     		ldr	r3, .L13
ARM GAS  C:\Users\Wojciech\AppData\Local\Temp\ccxSbgFa.s 			page 5


 140 0008 9A42     		cmp	r2, r3
 141 000a 01D0     		beq	.L12
 142              	.LVL7:
 143              	.L10:
  90:Src/i2c.c     ****   {
  91:Src/i2c.c     ****   /* USER CODE BEGIN I2C1_MspInit 0 */
  92:Src/i2c.c     **** 
  93:Src/i2c.c     ****   /* USER CODE END I2C1_MspInit 0 */
  94:Src/i2c.c     ****   
  95:Src/i2c.c     ****     /**I2C1 GPIO Configuration    
  96:Src/i2c.c     ****     PA9     ------> I2C1_SCL
  97:Src/i2c.c     ****     PA10     ------> I2C1_SDA 
  98:Src/i2c.c     ****     */
  99:Src/i2c.c     ****     GPIO_InitStruct.Pin = GPIO_PIN_9|GPIO_PIN_10;
 100:Src/i2c.c     ****     GPIO_InitStruct.Mode = GPIO_MODE_AF_OD;
 101:Src/i2c.c     ****     GPIO_InitStruct.Pull = GPIO_PULLUP;
 102:Src/i2c.c     ****     GPIO_InitStruct.Speed = GPIO_SPEED_FREQ_HIGH;
 103:Src/i2c.c     ****     GPIO_InitStruct.Alternate = GPIO_AF4_I2C1;
 104:Src/i2c.c     ****     HAL_GPIO_Init(GPIOA, &GPIO_InitStruct);
 105:Src/i2c.c     **** 
 106:Src/i2c.c     ****     /* Peripheral clock enable */
 107:Src/i2c.c     ****     __HAL_RCC_I2C1_CLK_ENABLE();
 108:Src/i2c.c     ****   /* USER CODE BEGIN I2C1_MspInit 1 */
 109:Src/i2c.c     **** 
 110:Src/i2c.c     ****   /* USER CODE END I2C1_MspInit 1 */
 111:Src/i2c.c     ****   }
 112:Src/i2c.c     **** }
 144              		.loc 1 112 0
 145 000c 07B0     		add	sp, sp, #28
 146              		@ sp needed
 147 000e 00BD     		pop	{pc}
 148              	.LVL8:
 149              	.L12:
  99:Src/i2c.c     ****     GPIO_InitStruct.Mode = GPIO_MODE_AF_OD;
 150              		.loc 1 99 0
 151 0010 C023     		movs	r3, #192
 152 0012 DB00     		lsls	r3, r3, #3
 153 0014 0193     		str	r3, [sp, #4]
 100:Src/i2c.c     ****     GPIO_InitStruct.Pull = GPIO_PULLUP;
 154              		.loc 1 100 0
 155 0016 1223     		movs	r3, #18
 156 0018 0293     		str	r3, [sp, #8]
 101:Src/i2c.c     ****     GPIO_InitStruct.Speed = GPIO_SPEED_FREQ_HIGH;
 157              		.loc 1 101 0
 158 001a 113B     		subs	r3, r3, #17
 159 001c 0393     		str	r3, [sp, #12]
 102:Src/i2c.c     ****     GPIO_InitStruct.Alternate = GPIO_AF4_I2C1;
 160              		.loc 1 102 0
 161 001e 0233     		adds	r3, r3, #2
 162 0020 0493     		str	r3, [sp, #16]
 103:Src/i2c.c     ****     HAL_GPIO_Init(GPIOA, &GPIO_InitStruct);
 163              		.loc 1 103 0
 164 0022 0133     		adds	r3, r3, #1
 165 0024 0593     		str	r3, [sp, #20]
 104:Src/i2c.c     **** 
 166              		.loc 1 104 0
 167 0026 01A9     		add	r1, sp, #4
ARM GAS  C:\Users\Wojciech\AppData\Local\Temp\ccxSbgFa.s 			page 6


 168 0028 9020     		movs	r0, #144
 169              	.LVL9:
 170 002a C005     		lsls	r0, r0, #23
 171 002c FFF7FEFF 		bl	HAL_GPIO_Init
 172              	.LVL10:
 173              	.LBB2:
 107:Src/i2c.c     ****   /* USER CODE BEGIN I2C1_MspInit 1 */
 174              		.loc 1 107 0
 175 0030 064A     		ldr	r2, .L13+4
 176 0032 D169     		ldr	r1, [r2, #28]
 177 0034 8020     		movs	r0, #128
 178 0036 8003     		lsls	r0, r0, #14
 179 0038 0143     		orrs	r1, r0
 180 003a D161     		str	r1, [r2, #28]
 181 003c D369     		ldr	r3, [r2, #28]
 182 003e 0340     		ands	r3, r0
 183 0040 0093     		str	r3, [sp]
 184 0042 009B     		ldr	r3, [sp]
 185              	.LBE2:
 186              		.loc 1 112 0
 187 0044 E2E7     		b	.L10
 188              	.L14:
 189 0046 C046     		.align	2
 190              	.L13:
 191 0048 00540040 		.word	1073763328
 192 004c 00100240 		.word	1073876992
 193              		.cfi_endproc
 194              	.LFE36:
 196              		.section	.text.HAL_I2C_MspDeInit,"ax",%progbits
 197              		.align	1
 198              		.global	HAL_I2C_MspDeInit
 199              		.syntax unified
 200              		.code	16
 201              		.thumb_func
 202              		.fpu softvfp
 204              	HAL_I2C_MspDeInit:
 205              	.LFB37:
 113:Src/i2c.c     **** 
 114:Src/i2c.c     **** void HAL_I2C_MspDeInit(I2C_HandleTypeDef* i2cHandle)
 115:Src/i2c.c     **** {
 206              		.loc 1 115 0
 207              		.cfi_startproc
 208              		@ args = 0, pretend = 0, frame = 0
 209              		@ frame_needed = 0, uses_anonymous_args = 0
 210              	.LVL11:
 211 0000 10B5     		push	{r4, lr}
 212              	.LCFI3:
 213              		.cfi_def_cfa_offset 8
 214              		.cfi_offset 4, -8
 215              		.cfi_offset 14, -4
 116:Src/i2c.c     **** 
 117:Src/i2c.c     ****   if(i2cHandle->Instance==I2C1)
 216              		.loc 1 117 0
 217 0002 0268     		ldr	r2, [r0]
 218 0004 074B     		ldr	r3, .L18
 219 0006 9A42     		cmp	r2, r3
 220 0008 00D0     		beq	.L17
ARM GAS  C:\Users\Wojciech\AppData\Local\Temp\ccxSbgFa.s 			page 7


 221              	.LVL12:
 222              	.L15:
 118:Src/i2c.c     ****   {
 119:Src/i2c.c     ****   /* USER CODE BEGIN I2C1_MspDeInit 0 */
 120:Src/i2c.c     **** 
 121:Src/i2c.c     ****   /* USER CODE END I2C1_MspDeInit 0 */
 122:Src/i2c.c     ****     /* Peripheral clock disable */
 123:Src/i2c.c     ****     __HAL_RCC_I2C1_CLK_DISABLE();
 124:Src/i2c.c     ****   
 125:Src/i2c.c     ****     /**I2C1 GPIO Configuration    
 126:Src/i2c.c     ****     PA9     ------> I2C1_SCL
 127:Src/i2c.c     ****     PA10     ------> I2C1_SDA 
 128:Src/i2c.c     ****     */
 129:Src/i2c.c     ****     HAL_GPIO_DeInit(GPIOA, GPIO_PIN_9|GPIO_PIN_10);
 130:Src/i2c.c     **** 
 131:Src/i2c.c     ****   /* USER CODE BEGIN I2C1_MspDeInit 1 */
 132:Src/i2c.c     **** 
 133:Src/i2c.c     ****   /* USER CODE END I2C1_MspDeInit 1 */
 134:Src/i2c.c     ****   }
 135:Src/i2c.c     **** } 
 223              		.loc 1 135 0
 224              		@ sp needed
 225 000a 10BD     		pop	{r4, pc}
 226              	.LVL13:
 227              	.L17:
 123:Src/i2c.c     ****   
 228              		.loc 1 123 0
 229 000c 064A     		ldr	r2, .L18+4
 230 000e D369     		ldr	r3, [r2, #28]
 231 0010 0649     		ldr	r1, .L18+8
 232 0012 0B40     		ands	r3, r1
 233 0014 D361     		str	r3, [r2, #28]
 129:Src/i2c.c     **** 
 234              		.loc 1 129 0
 235 0016 C021     		movs	r1, #192
 236 0018 C900     		lsls	r1, r1, #3
 237 001a 9020     		movs	r0, #144
 238              	.LVL14:
 239 001c C005     		lsls	r0, r0, #23
 240 001e FFF7FEFF 		bl	HAL_GPIO_DeInit
 241              	.LVL15:
 242              		.loc 1 135 0
 243 0022 F2E7     		b	.L15
 244              	.L19:
 245              		.align	2
 246              	.L18:
 247 0024 00540040 		.word	1073763328
 248 0028 00100240 		.word	1073876992
 249 002c FFFFDFFF 		.word	-2097153
 250              		.cfi_endproc
 251              	.LFE37:
 253              		.comm	hi2c1,76,4
 254              		.section	.rodata.MX_I2C1_Init.str1.4,"aMS",%progbits,1
 255              		.align	2
 256              	.LC1:
 257 0000 5372632F 		.ascii	"Src/i2c.c\000"
 257      6932632E 
ARM GAS  C:\Users\Wojciech\AppData\Local\Temp\ccxSbgFa.s 			page 8


 257      6300
 258              		.text
 259              	.Letext0:
 260              		.file 2 "c:\\program files (x86)\\gnu tools arm embedded\\6 2017-q2-update\\arm-none-eabi\\include
 261              		.file 3 "c:\\program files (x86)\\gnu tools arm embedded\\6 2017-q2-update\\arm-none-eabi\\include
 262              		.file 4 "Drivers/CMSIS/Device/ST/STM32F0xx/Include/system_stm32f0xx.h"
 263              		.file 5 "Drivers/CMSIS/Device/ST/STM32F0xx/Include/stm32f042x6.h"
 264              		.file 6 "c:\\program files (x86)\\gnu tools arm embedded\\6 2017-q2-update\\arm-none-eabi\\include
 265              		.file 7 "c:\\program files (x86)\\gnu tools arm embedded\\6 2017-q2-update\\arm-none-eabi\\include
 266              		.file 8 "c:\\program files (x86)\\gnu tools arm embedded\\6 2017-q2-update\\lib\\gcc\\arm-none-eab
 267              		.file 9 "c:\\program files (x86)\\gnu tools arm embedded\\6 2017-q2-update\\arm-none-eabi\\include
 268              		.file 10 "Drivers/STM32F0xx_HAL_Driver/Inc/stm32f0xx_hal_def.h"
 269              		.file 11 "Drivers/STM32F0xx_HAL_Driver/Inc/stm32f0xx_hal_gpio.h"
 270              		.file 12 "Drivers/STM32F0xx_HAL_Driver/Inc/stm32f0xx_hal_dma.h"
 271              		.file 13 "Drivers/STM32F0xx_HAL_Driver/Inc/stm32f0xx_hal_i2c.h"
 272              		.file 14 "Inc/i2c.h"
 273              		.file 15 "Drivers/STM32F0xx_HAL_Driver/Inc/stm32f0xx_hal_i2c_ex.h"
ARM GAS  C:\Users\Wojciech\AppData\Local\Temp\ccxSbgFa.s 			page 9


DEFINED SYMBOLS
                            *ABS*:00000000 i2c.c
C:\Users\Wojciech\AppData\Local\Temp\ccxSbgFa.s:16     .text.MX_I2C1_Init:00000000 $t
C:\Users\Wojciech\AppData\Local\Temp\ccxSbgFa.s:23     .text.MX_I2C1_Init:00000000 MX_I2C1_Init
C:\Users\Wojciech\AppData\Local\Temp\ccxSbgFa.s:108    .text.MX_I2C1_Init:00000060 $d
                            *COM*:0000004c hi2c1
C:\Users\Wojciech\AppData\Local\Temp\ccxSbgFa.s:116    .text.HAL_I2C_MspInit:00000000 $t
C:\Users\Wojciech\AppData\Local\Temp\ccxSbgFa.s:123    .text.HAL_I2C_MspInit:00000000 HAL_I2C_MspInit
C:\Users\Wojciech\AppData\Local\Temp\ccxSbgFa.s:191    .text.HAL_I2C_MspInit:00000048 $d
C:\Users\Wojciech\AppData\Local\Temp\ccxSbgFa.s:197    .text.HAL_I2C_MspDeInit:00000000 $t
C:\Users\Wojciech\AppData\Local\Temp\ccxSbgFa.s:204    .text.HAL_I2C_MspDeInit:00000000 HAL_I2C_MspDeInit
C:\Users\Wojciech\AppData\Local\Temp\ccxSbgFa.s:247    .text.HAL_I2C_MspDeInit:00000024 $d
C:\Users\Wojciech\AppData\Local\Temp\ccxSbgFa.s:255    .rodata.MX_I2C1_Init.str1.4:00000000 $d
                     .debug_frame:00000010 $d

UNDEFINED SYMBOLS
HAL_I2C_Init
HAL_I2CEx_ConfigAnalogFilter
HAL_I2CEx_ConfigDigitalFilter
_Error_Handler
HAL_GPIO_Init
HAL_GPIO_DeInit
