ARM GAS  C:\Users\Wojciech\AppData\Local\Temp\cck9h30h.s 			page 1


   1              		.cpu cortex-m0
   2              		.eabi_attribute 20, 1
   3              		.eabi_attribute 21, 1
   4              		.eabi_attribute 23, 3
   5              		.eabi_attribute 24, 1
   6              		.eabi_attribute 25, 1
   7              		.eabi_attribute 26, 1
   8              		.eabi_attribute 30, 1
   9              		.eabi_attribute 34, 0
  10              		.eabi_attribute 18, 4
  11              		.file	"stm32f0xx_it.c"
  12              		.text
  13              	.Ltext0:
  14              		.cfi_sections	.debug_frame
  15              		.section	.text.NMI_Handler,"ax",%progbits
  16              		.align	1
  17              		.global	NMI_Handler
  18              		.syntax unified
  19              		.code	16
  20              		.thumb_func
  21              		.fpu softvfp
  23              	NMI_Handler:
  24              	.LFB35:
  25              		.file 1 "Src/stm32f0xx_it.c"
   1:Src/stm32f0xx_it.c **** /**
   2:Src/stm32f0xx_it.c ****   ******************************************************************************
   3:Src/stm32f0xx_it.c ****   * @file    stm32f0xx_it.c
   4:Src/stm32f0xx_it.c ****   * @brief   Interrupt Service Routines.
   5:Src/stm32f0xx_it.c ****   ******************************************************************************
   6:Src/stm32f0xx_it.c ****   *
   7:Src/stm32f0xx_it.c ****   * COPYRIGHT(c) 2017 STMicroelectronics
   8:Src/stm32f0xx_it.c ****   *
   9:Src/stm32f0xx_it.c ****   * Redistribution and use in source and binary forms, with or without modification,
  10:Src/stm32f0xx_it.c ****   * are permitted provided that the following conditions are met:
  11:Src/stm32f0xx_it.c ****   *   1. Redistributions of source code must retain the above copyright notice,
  12:Src/stm32f0xx_it.c ****   *      this list of conditions and the following disclaimer.
  13:Src/stm32f0xx_it.c ****   *   2. Redistributions in binary form must reproduce the above copyright notice,
  14:Src/stm32f0xx_it.c ****   *      this list of conditions and the following disclaimer in the documentation
  15:Src/stm32f0xx_it.c ****   *      and/or other materials provided with the distribution.
  16:Src/stm32f0xx_it.c ****   *   3. Neither the name of STMicroelectronics nor the names of its contributors
  17:Src/stm32f0xx_it.c ****   *      may be used to endorse or promote products derived from this software
  18:Src/stm32f0xx_it.c ****   *      without specific prior written permission.
  19:Src/stm32f0xx_it.c ****   *
  20:Src/stm32f0xx_it.c ****   * THIS SOFTWARE IS PROVIDED BY THE COPYRIGHT HOLDERS AND CONTRIBUTORS "AS IS"
  21:Src/stm32f0xx_it.c ****   * AND ANY EXPRESS OR IMPLIED WARRANTIES, INCLUDING, BUT NOT LIMITED TO, THE
  22:Src/stm32f0xx_it.c ****   * IMPLIED WARRANTIES OF MERCHANTABILITY AND FITNESS FOR A PARTICULAR PURPOSE ARE
  23:Src/stm32f0xx_it.c ****   * DISCLAIMED. IN NO EVENT SHALL THE COPYRIGHT HOLDER OR CONTRIBUTORS BE LIABLE
  24:Src/stm32f0xx_it.c ****   * FOR ANY DIRECT, INDIRECT, INCIDENTAL, SPECIAL, EXEMPLARY, OR CONSEQUENTIAL
  25:Src/stm32f0xx_it.c ****   * DAMAGES (INCLUDING, BUT NOT LIMITED TO, PROCUREMENT OF SUBSTITUTE GOODS OR
  26:Src/stm32f0xx_it.c ****   * SERVICES; LOSS OF USE, DATA, OR PROFITS; OR BUSINESS INTERRUPTION) HOWEVER
  27:Src/stm32f0xx_it.c ****   * CAUSED AND ON ANY THEORY OF LIABILITY, WHETHER IN CONTRACT, STRICT LIABILITY,
  28:Src/stm32f0xx_it.c ****   * OR TORT (INCLUDING NEGLIGENCE OR OTHERWISE) ARISING IN ANY WAY OUT OF THE USE
  29:Src/stm32f0xx_it.c ****   * OF THIS SOFTWARE, EVEN IF ADVISED OF THE POSSIBILITY OF SUCH DAMAGE.
  30:Src/stm32f0xx_it.c ****   *
  31:Src/stm32f0xx_it.c ****   ******************************************************************************
  32:Src/stm32f0xx_it.c ****   */
  33:Src/stm32f0xx_it.c **** /* Includes ------------------------------------------------------------------*/
ARM GAS  C:\Users\Wojciech\AppData\Local\Temp\cck9h30h.s 			page 2


  34:Src/stm32f0xx_it.c **** #include "stm32f0xx_hal.h"
  35:Src/stm32f0xx_it.c **** #include "stm32f0xx.h"
  36:Src/stm32f0xx_it.c **** #include "stm32f0xx_it.h"
  37:Src/stm32f0xx_it.c **** 
  38:Src/stm32f0xx_it.c **** /* USER CODE BEGIN 0 */
  39:Src/stm32f0xx_it.c **** 
  40:Src/stm32f0xx_it.c **** /* USER CODE END 0 */
  41:Src/stm32f0xx_it.c **** 
  42:Src/stm32f0xx_it.c **** /* External variables --------------------------------------------------------*/
  43:Src/stm32f0xx_it.c **** extern CAN_HandleTypeDef hcan;
  44:Src/stm32f0xx_it.c **** 
  45:Src/stm32f0xx_it.c **** /******************************************************************************/
  46:Src/stm32f0xx_it.c **** /*            Cortex-M0 Processor Interruption and Exception Handlers         */ 
  47:Src/stm32f0xx_it.c **** /******************************************************************************/
  48:Src/stm32f0xx_it.c **** 
  49:Src/stm32f0xx_it.c **** /**
  50:Src/stm32f0xx_it.c **** * @brief This function handles Non maskable interrupt.
  51:Src/stm32f0xx_it.c **** */
  52:Src/stm32f0xx_it.c **** void NMI_Handler(void)
  53:Src/stm32f0xx_it.c **** {
  26              		.loc 1 53 0
  27              		.cfi_startproc
  28              		@ args = 0, pretend = 0, frame = 0
  29              		@ frame_needed = 0, uses_anonymous_args = 0
  30              		@ link register save eliminated.
  54:Src/stm32f0xx_it.c ****   /* USER CODE BEGIN NonMaskableInt_IRQn 0 */
  55:Src/stm32f0xx_it.c **** 
  56:Src/stm32f0xx_it.c ****   /* USER CODE END NonMaskableInt_IRQn 0 */
  57:Src/stm32f0xx_it.c ****   /* USER CODE BEGIN NonMaskableInt_IRQn 1 */
  58:Src/stm32f0xx_it.c **** 
  59:Src/stm32f0xx_it.c ****   /* USER CODE END NonMaskableInt_IRQn 1 */
  60:Src/stm32f0xx_it.c **** }
  31              		.loc 1 60 0
  32              		@ sp needed
  33 0000 7047     		bx	lr
  34              		.cfi_endproc
  35              	.LFE35:
  37              		.section	.text.HardFault_Handler,"ax",%progbits
  38              		.align	1
  39              		.global	HardFault_Handler
  40              		.syntax unified
  41              		.code	16
  42              		.thumb_func
  43              		.fpu softvfp
  45              	HardFault_Handler:
  46              	.LFB36:
  61:Src/stm32f0xx_it.c **** 
  62:Src/stm32f0xx_it.c **** /**
  63:Src/stm32f0xx_it.c **** * @brief This function handles Hard fault interrupt.
  64:Src/stm32f0xx_it.c **** */
  65:Src/stm32f0xx_it.c **** void HardFault_Handler(void)
  66:Src/stm32f0xx_it.c **** {
  47              		.loc 1 66 0
  48              		.cfi_startproc
  49              		@ Volatile: function does not return.
  50              		@ args = 0, pretend = 0, frame = 0
  51              		@ frame_needed = 0, uses_anonymous_args = 0
ARM GAS  C:\Users\Wojciech\AppData\Local\Temp\cck9h30h.s 			page 3


  52              		@ link register save eliminated.
  53              	.L3:
  54 0000 FEE7     		b	.L3
  55              		.cfi_endproc
  56              	.LFE36:
  58              		.section	.text.SVC_Handler,"ax",%progbits
  59              		.align	1
  60              		.global	SVC_Handler
  61              		.syntax unified
  62              		.code	16
  63              		.thumb_func
  64              		.fpu softvfp
  66              	SVC_Handler:
  67              	.LFB37:
  67:Src/stm32f0xx_it.c ****   /* USER CODE BEGIN HardFault_IRQn 0 */
  68:Src/stm32f0xx_it.c **** 
  69:Src/stm32f0xx_it.c ****   /* USER CODE END HardFault_IRQn 0 */
  70:Src/stm32f0xx_it.c ****   while (1)
  71:Src/stm32f0xx_it.c ****   {
  72:Src/stm32f0xx_it.c ****   }
  73:Src/stm32f0xx_it.c ****   /* USER CODE BEGIN HardFault_IRQn 1 */
  74:Src/stm32f0xx_it.c **** 
  75:Src/stm32f0xx_it.c ****   /* USER CODE END HardFault_IRQn 1 */
  76:Src/stm32f0xx_it.c **** }
  77:Src/stm32f0xx_it.c **** 
  78:Src/stm32f0xx_it.c **** /**
  79:Src/stm32f0xx_it.c **** * @brief This function handles System service call via SWI instruction.
  80:Src/stm32f0xx_it.c **** */
  81:Src/stm32f0xx_it.c **** void SVC_Handler(void)
  82:Src/stm32f0xx_it.c **** {
  68              		.loc 1 82 0
  69              		.cfi_startproc
  70              		@ args = 0, pretend = 0, frame = 0
  71              		@ frame_needed = 0, uses_anonymous_args = 0
  72              		@ link register save eliminated.
  83:Src/stm32f0xx_it.c ****   /* USER CODE BEGIN SVC_IRQn 0 */
  84:Src/stm32f0xx_it.c **** 
  85:Src/stm32f0xx_it.c ****   /* USER CODE END SVC_IRQn 0 */
  86:Src/stm32f0xx_it.c ****   /* USER CODE BEGIN SVC_IRQn 1 */
  87:Src/stm32f0xx_it.c **** 
  88:Src/stm32f0xx_it.c ****   /* USER CODE END SVC_IRQn 1 */
  89:Src/stm32f0xx_it.c **** }
  73              		.loc 1 89 0
  74              		@ sp needed
  75 0000 7047     		bx	lr
  76              		.cfi_endproc
  77              	.LFE37:
  79              		.section	.text.PendSV_Handler,"ax",%progbits
  80              		.align	1
  81              		.global	PendSV_Handler
  82              		.syntax unified
  83              		.code	16
  84              		.thumb_func
  85              		.fpu softvfp
  87              	PendSV_Handler:
  88              	.LFB38:
  90:Src/stm32f0xx_it.c **** 
ARM GAS  C:\Users\Wojciech\AppData\Local\Temp\cck9h30h.s 			page 4


  91:Src/stm32f0xx_it.c **** /**
  92:Src/stm32f0xx_it.c **** * @brief This function handles Pendable request for system service.
  93:Src/stm32f0xx_it.c **** */
  94:Src/stm32f0xx_it.c **** void PendSV_Handler(void)
  95:Src/stm32f0xx_it.c **** {
  89              		.loc 1 95 0
  90              		.cfi_startproc
  91              		@ args = 0, pretend = 0, frame = 0
  92              		@ frame_needed = 0, uses_anonymous_args = 0
  93              		@ link register save eliminated.
  96:Src/stm32f0xx_it.c ****   /* USER CODE BEGIN PendSV_IRQn 0 */
  97:Src/stm32f0xx_it.c **** 
  98:Src/stm32f0xx_it.c ****   /* USER CODE END PendSV_IRQn 0 */
  99:Src/stm32f0xx_it.c ****   /* USER CODE BEGIN PendSV_IRQn 1 */
 100:Src/stm32f0xx_it.c **** 
 101:Src/stm32f0xx_it.c ****   /* USER CODE END PendSV_IRQn 1 */
 102:Src/stm32f0xx_it.c **** }
  94              		.loc 1 102 0
  95              		@ sp needed
  96 0000 7047     		bx	lr
  97              		.cfi_endproc
  98              	.LFE38:
 100              		.section	.text.SysTick_Handler,"ax",%progbits
 101              		.align	1
 102              		.global	SysTick_Handler
 103              		.syntax unified
 104              		.code	16
 105              		.thumb_func
 106              		.fpu softvfp
 108              	SysTick_Handler:
 109              	.LFB39:
 103:Src/stm32f0xx_it.c **** 
 104:Src/stm32f0xx_it.c **** /**
 105:Src/stm32f0xx_it.c **** * @brief This function handles System tick timer.
 106:Src/stm32f0xx_it.c **** */
 107:Src/stm32f0xx_it.c **** void SysTick_Handler(void)
 108:Src/stm32f0xx_it.c **** {
 110              		.loc 1 108 0
 111              		.cfi_startproc
 112              		@ args = 0, pretend = 0, frame = 0
 113              		@ frame_needed = 0, uses_anonymous_args = 0
 114 0000 10B5     		push	{r4, lr}
 115              	.LCFI0:
 116              		.cfi_def_cfa_offset 8
 117              		.cfi_offset 4, -8
 118              		.cfi_offset 14, -4
 109:Src/stm32f0xx_it.c ****   /* USER CODE BEGIN SysTick_IRQn 0 */
 110:Src/stm32f0xx_it.c **** 
 111:Src/stm32f0xx_it.c ****   /* USER CODE END SysTick_IRQn 0 */
 112:Src/stm32f0xx_it.c ****   HAL_IncTick();
 119              		.loc 1 112 0
 120 0002 FFF7FEFF 		bl	HAL_IncTick
 121              	.LVL0:
 113:Src/stm32f0xx_it.c ****   HAL_SYSTICK_IRQHandler();
 122              		.loc 1 113 0
 123 0006 FFF7FEFF 		bl	HAL_SYSTICK_IRQHandler
 124              	.LVL1:
ARM GAS  C:\Users\Wojciech\AppData\Local\Temp\cck9h30h.s 			page 5


 114:Src/stm32f0xx_it.c ****   /* USER CODE BEGIN SysTick_IRQn 1 */
 115:Src/stm32f0xx_it.c **** 
 116:Src/stm32f0xx_it.c ****   /* USER CODE END SysTick_IRQn 1 */
 117:Src/stm32f0xx_it.c **** }
 125              		.loc 1 117 0
 126              		@ sp needed
 127 000a 10BD     		pop	{r4, pc}
 128              		.cfi_endproc
 129              	.LFE39:
 131              		.section	.text.CEC_CAN_IRQHandler,"ax",%progbits
 132              		.align	1
 133              		.global	CEC_CAN_IRQHandler
 134              		.syntax unified
 135              		.code	16
 136              		.thumb_func
 137              		.fpu softvfp
 139              	CEC_CAN_IRQHandler:
 140              	.LFB40:
 118:Src/stm32f0xx_it.c **** 
 119:Src/stm32f0xx_it.c **** /******************************************************************************/
 120:Src/stm32f0xx_it.c **** /* STM32F0xx Peripheral Interrupt Handlers                                    */
 121:Src/stm32f0xx_it.c **** /* Add here the Interrupt Handlers for the used peripherals.                  */
 122:Src/stm32f0xx_it.c **** /* For the available peripheral interrupt handler names,                      */
 123:Src/stm32f0xx_it.c **** /* please refer to the startup file (startup_stm32f0xx.s).                    */
 124:Src/stm32f0xx_it.c **** /******************************************************************************/
 125:Src/stm32f0xx_it.c **** 
 126:Src/stm32f0xx_it.c **** /**
 127:Src/stm32f0xx_it.c **** * @brief This function handles HDMI-CEC and CAN global interrupts / HDMI-CEC wake-up interrupt thro
 128:Src/stm32f0xx_it.c **** */
 129:Src/stm32f0xx_it.c **** void CEC_CAN_IRQHandler(void)
 130:Src/stm32f0xx_it.c **** {
 141              		.loc 1 130 0
 142              		.cfi_startproc
 143              		@ args = 0, pretend = 0, frame = 0
 144              		@ frame_needed = 0, uses_anonymous_args = 0
 145 0000 10B5     		push	{r4, lr}
 146              	.LCFI1:
 147              		.cfi_def_cfa_offset 8
 148              		.cfi_offset 4, -8
 149              		.cfi_offset 14, -4
 131:Src/stm32f0xx_it.c ****   /* USER CODE BEGIN CEC_CAN_IRQn 0 */
 132:Src/stm32f0xx_it.c **** 
 133:Src/stm32f0xx_it.c ****   /* USER CODE END CEC_CAN_IRQn 0 */
 134:Src/stm32f0xx_it.c ****   HAL_CAN_IRQHandler(&hcan);
 150              		.loc 1 134 0
 151 0002 0248     		ldr	r0, .L8
 152 0004 FFF7FEFF 		bl	HAL_CAN_IRQHandler
 153              	.LVL2:
 135:Src/stm32f0xx_it.c ****   /* USER CODE BEGIN CEC_CAN_IRQn 1 */
 136:Src/stm32f0xx_it.c **** 
 137:Src/stm32f0xx_it.c ****   /* USER CODE END CEC_CAN_IRQn 1 */
 138:Src/stm32f0xx_it.c **** }
 154              		.loc 1 138 0
 155              		@ sp needed
 156 0008 10BD     		pop	{r4, pc}
 157              	.L9:
 158 000a C046     		.align	2
ARM GAS  C:\Users\Wojciech\AppData\Local\Temp\cck9h30h.s 			page 6


 159              	.L8:
 160 000c 00000000 		.word	hcan
 161              		.cfi_endproc
 162              	.LFE40:
 164              		.text
 165              	.Letext0:
 166              		.file 2 "c:\\program files (x86)\\gnu tools arm embedded\\6 2017-q2-update\\arm-none-eabi\\include
 167              		.file 3 "c:\\program files (x86)\\gnu tools arm embedded\\6 2017-q2-update\\arm-none-eabi\\include
 168              		.file 4 "Drivers/CMSIS/Device/ST/STM32F0xx/Include/system_stm32f0xx.h"
 169              		.file 5 "Drivers/CMSIS/Device/ST/STM32F0xx/Include/stm32f042x6.h"
 170              		.file 6 "c:\\program files (x86)\\gnu tools arm embedded\\6 2017-q2-update\\arm-none-eabi\\include
 171              		.file 7 "c:\\program files (x86)\\gnu tools arm embedded\\6 2017-q2-update\\arm-none-eabi\\include
 172              		.file 8 "c:\\program files (x86)\\gnu tools arm embedded\\6 2017-q2-update\\lib\\gcc\\arm-none-eab
 173              		.file 9 "c:\\program files (x86)\\gnu tools arm embedded\\6 2017-q2-update\\arm-none-eabi\\include
 174              		.file 10 "Drivers/STM32F0xx_HAL_Driver/Inc/stm32f0xx_hal_def.h"
 175              		.file 11 "Drivers/STM32F0xx_HAL_Driver/Inc/stm32f0xx_hal_can.h"
 176              		.file 12 "Drivers/STM32F0xx_HAL_Driver/Inc/stm32f0xx_hal.h"
 177              		.file 13 "Drivers/STM32F0xx_HAL_Driver/Inc/stm32f0xx_hal_cortex.h"
ARM GAS  C:\Users\Wojciech\AppData\Local\Temp\cck9h30h.s 			page 7


DEFINED SYMBOLS
                            *ABS*:00000000 stm32f0xx_it.c
C:\Users\Wojciech\AppData\Local\Temp\cck9h30h.s:16     .text.NMI_Handler:00000000 $t
C:\Users\Wojciech\AppData\Local\Temp\cck9h30h.s:23     .text.NMI_Handler:00000000 NMI_Handler
C:\Users\Wojciech\AppData\Local\Temp\cck9h30h.s:38     .text.HardFault_Handler:00000000 $t
C:\Users\Wojciech\AppData\Local\Temp\cck9h30h.s:45     .text.HardFault_Handler:00000000 HardFault_Handler
C:\Users\Wojciech\AppData\Local\Temp\cck9h30h.s:59     .text.SVC_Handler:00000000 $t
C:\Users\Wojciech\AppData\Local\Temp\cck9h30h.s:66     .text.SVC_Handler:00000000 SVC_Handler
C:\Users\Wojciech\AppData\Local\Temp\cck9h30h.s:80     .text.PendSV_Handler:00000000 $t
C:\Users\Wojciech\AppData\Local\Temp\cck9h30h.s:87     .text.PendSV_Handler:00000000 PendSV_Handler
C:\Users\Wojciech\AppData\Local\Temp\cck9h30h.s:101    .text.SysTick_Handler:00000000 $t
C:\Users\Wojciech\AppData\Local\Temp\cck9h30h.s:108    .text.SysTick_Handler:00000000 SysTick_Handler
C:\Users\Wojciech\AppData\Local\Temp\cck9h30h.s:132    .text.CEC_CAN_IRQHandler:00000000 $t
C:\Users\Wojciech\AppData\Local\Temp\cck9h30h.s:139    .text.CEC_CAN_IRQHandler:00000000 CEC_CAN_IRQHandler
C:\Users\Wojciech\AppData\Local\Temp\cck9h30h.s:160    .text.CEC_CAN_IRQHandler:0000000c $d
                     .debug_frame:00000010 $d

UNDEFINED SYMBOLS
HAL_IncTick
HAL_SYSTICK_IRQHandler
HAL_CAN_IRQHandler
hcan
