ARM GAS  C:\Users\Wojciech\AppData\Local\Temp\ccCMoWco.s 			page 1


   1              		.cpu cortex-m0
   2              		.eabi_attribute 20, 1
   3              		.eabi_attribute 21, 1
   4              		.eabi_attribute 23, 3
   5              		.eabi_attribute 24, 1
   6              		.eabi_attribute 25, 1
   7              		.eabi_attribute 26, 1
   8              		.eabi_attribute 30, 1
   9              		.eabi_attribute 34, 0
  10              		.eabi_attribute 18, 4
  11              		.file	"tim.c"
  12              		.text
  13              	.Ltext0:
  14              		.cfi_sections	.debug_frame
  15              		.section	.text.HAL_TIM_PWM_MspInit,"ax",%progbits
  16              		.align	1
  17              		.global	HAL_TIM_PWM_MspInit
  18              		.syntax unified
  19              		.code	16
  20              		.thumb_func
  21              		.fpu softvfp
  23              	HAL_TIM_PWM_MspInit:
  24              	.LFB37:
  25              		.file 1 "Src/tim.c"
   1:Src/tim.c     **** /**
   2:Src/tim.c     ****   ******************************************************************************
   3:Src/tim.c     ****   * File Name          : TIM.c
   4:Src/tim.c     ****   * Description        : This file provides code for the configuration
   5:Src/tim.c     ****   *                      of the TIM instances.
   6:Src/tim.c     ****   ******************************************************************************
   7:Src/tim.c     ****   ** This notice applies to any and all portions of this file
   8:Src/tim.c     ****   * that are not between comment pairs USER CODE BEGIN and
   9:Src/tim.c     ****   * USER CODE END. Other portions of this file, whether 
  10:Src/tim.c     ****   * inserted by the user or by software development tools
  11:Src/tim.c     ****   * are owned by their respective copyright owners.
  12:Src/tim.c     ****   *
  13:Src/tim.c     ****   * COPYRIGHT(c) 2017 STMicroelectronics
  14:Src/tim.c     ****   *
  15:Src/tim.c     ****   * Redistribution and use in source and binary forms, with or without modification,
  16:Src/tim.c     ****   * are permitted provided that the following conditions are met:
  17:Src/tim.c     ****   *   1. Redistributions of source code must retain the above copyright notice,
  18:Src/tim.c     ****   *      this list of conditions and the following disclaimer.
  19:Src/tim.c     ****   *   2. Redistributions in binary form must reproduce the above copyright notice,
  20:Src/tim.c     ****   *      this list of conditions and the following disclaimer in the documentation
  21:Src/tim.c     ****   *      and/or other materials provided with the distribution.
  22:Src/tim.c     ****   *   3. Neither the name of STMicroelectronics nor the names of its contributors
  23:Src/tim.c     ****   *      may be used to endorse or promote products derived from this software
  24:Src/tim.c     ****   *      without specific prior written permission.
  25:Src/tim.c     ****   *
  26:Src/tim.c     ****   * THIS SOFTWARE IS PROVIDED BY THE COPYRIGHT HOLDERS AND CONTRIBUTORS "AS IS"
  27:Src/tim.c     ****   * AND ANY EXPRESS OR IMPLIED WARRANTIES, INCLUDING, BUT NOT LIMITED TO, THE
  28:Src/tim.c     ****   * IMPLIED WARRANTIES OF MERCHANTABILITY AND FITNESS FOR A PARTICULAR PURPOSE ARE
  29:Src/tim.c     ****   * DISCLAIMED. IN NO EVENT SHALL THE COPYRIGHT HOLDER OR CONTRIBUTORS BE LIABLE
  30:Src/tim.c     ****   * FOR ANY DIRECT, INDIRECT, INCIDENTAL, SPECIAL, EXEMPLARY, OR CONSEQUENTIAL
  31:Src/tim.c     ****   * DAMAGES (INCLUDING, BUT NOT LIMITED TO, PROCUREMENT OF SUBSTITUTE GOODS OR
  32:Src/tim.c     ****   * SERVICES; LOSS OF USE, DATA, OR PROFITS; OR BUSINESS INTERRUPTION) HOWEVER
  33:Src/tim.c     ****   * CAUSED AND ON ANY THEORY OF LIABILITY, WHETHER IN CONTRACT, STRICT LIABILITY,
ARM GAS  C:\Users\Wojciech\AppData\Local\Temp\ccCMoWco.s 			page 2


  34:Src/tim.c     ****   * OR TORT (INCLUDING NEGLIGENCE OR OTHERWISE) ARISING IN ANY WAY OUT OF THE USE
  35:Src/tim.c     ****   * OF THIS SOFTWARE, EVEN IF ADVISED OF THE POSSIBILITY OF SUCH DAMAGE.
  36:Src/tim.c     ****   *
  37:Src/tim.c     ****   ******************************************************************************
  38:Src/tim.c     ****   */
  39:Src/tim.c     **** 
  40:Src/tim.c     **** /* Includes ------------------------------------------------------------------*/
  41:Src/tim.c     **** #include "tim.h"
  42:Src/tim.c     **** 
  43:Src/tim.c     **** /* USER CODE BEGIN 0 */
  44:Src/tim.c     **** 
  45:Src/tim.c     **** /* USER CODE END 0 */
  46:Src/tim.c     **** 
  47:Src/tim.c     **** TIM_HandleTypeDef htim1;
  48:Src/tim.c     **** TIM_HandleTypeDef htim3;
  49:Src/tim.c     **** 
  50:Src/tim.c     **** /* TIM1 init function */
  51:Src/tim.c     **** void MX_TIM1_Init(void)
  52:Src/tim.c     **** {
  53:Src/tim.c     ****   TIM_MasterConfigTypeDef sMasterConfig;
  54:Src/tim.c     ****   TIM_OC_InitTypeDef sConfigOC;
  55:Src/tim.c     ****   TIM_BreakDeadTimeConfigTypeDef sBreakDeadTimeConfig;
  56:Src/tim.c     **** 
  57:Src/tim.c     ****   htim1.Instance = TIM1;
  58:Src/tim.c     ****   htim1.Init.Prescaler = 0;
  59:Src/tim.c     ****   htim1.Init.CounterMode = TIM_COUNTERMODE_UP;
  60:Src/tim.c     ****   htim1.Init.Period = 0;
  61:Src/tim.c     ****   htim1.Init.ClockDivision = TIM_CLOCKDIVISION_DIV1;
  62:Src/tim.c     ****   htim1.Init.RepetitionCounter = 0;
  63:Src/tim.c     ****   htim1.Init.AutoReloadPreload = TIM_AUTORELOAD_PRELOAD_DISABLE;
  64:Src/tim.c     ****   if (HAL_TIM_PWM_Init(&htim1) != HAL_OK)
  65:Src/tim.c     ****   {
  66:Src/tim.c     ****     _Error_Handler(__FILE__, __LINE__);
  67:Src/tim.c     ****   }
  68:Src/tim.c     **** 
  69:Src/tim.c     ****   sMasterConfig.MasterOutputTrigger = TIM_TRGO_RESET;
  70:Src/tim.c     ****   sMasterConfig.MasterSlaveMode = TIM_MASTERSLAVEMODE_DISABLE;
  71:Src/tim.c     ****   if (HAL_TIMEx_MasterConfigSynchronization(&htim1, &sMasterConfig) != HAL_OK)
  72:Src/tim.c     ****   {
  73:Src/tim.c     ****     _Error_Handler(__FILE__, __LINE__);
  74:Src/tim.c     ****   }
  75:Src/tim.c     **** 
  76:Src/tim.c     ****   sConfigOC.OCMode = TIM_OCMODE_PWM1;
  77:Src/tim.c     ****   sConfigOC.Pulse = 0;
  78:Src/tim.c     ****   sConfigOC.OCPolarity = TIM_OCPOLARITY_HIGH;
  79:Src/tim.c     ****   sConfigOC.OCNPolarity = TIM_OCNPOLARITY_HIGH;
  80:Src/tim.c     ****   sConfigOC.OCFastMode = TIM_OCFAST_DISABLE;
  81:Src/tim.c     ****   sConfigOC.OCIdleState = TIM_OCIDLESTATE_RESET;
  82:Src/tim.c     ****   sConfigOC.OCNIdleState = TIM_OCNIDLESTATE_RESET;
  83:Src/tim.c     ****   if (HAL_TIM_PWM_ConfigChannel(&htim1, &sConfigOC, TIM_CHANNEL_1) != HAL_OK)
  84:Src/tim.c     ****   {
  85:Src/tim.c     ****     _Error_Handler(__FILE__, __LINE__);
  86:Src/tim.c     ****   }
  87:Src/tim.c     **** 
  88:Src/tim.c     ****   sBreakDeadTimeConfig.OffStateRunMode = TIM_OSSR_DISABLE;
  89:Src/tim.c     ****   sBreakDeadTimeConfig.OffStateIDLEMode = TIM_OSSI_DISABLE;
  90:Src/tim.c     ****   sBreakDeadTimeConfig.LockLevel = TIM_LOCKLEVEL_OFF;
ARM GAS  C:\Users\Wojciech\AppData\Local\Temp\ccCMoWco.s 			page 3


  91:Src/tim.c     ****   sBreakDeadTimeConfig.DeadTime = 0;
  92:Src/tim.c     ****   sBreakDeadTimeConfig.BreakState = TIM_BREAK_DISABLE;
  93:Src/tim.c     ****   sBreakDeadTimeConfig.BreakPolarity = TIM_BREAKPOLARITY_HIGH;
  94:Src/tim.c     ****   sBreakDeadTimeConfig.AutomaticOutput = TIM_AUTOMATICOUTPUT_DISABLE;
  95:Src/tim.c     ****   if (HAL_TIMEx_ConfigBreakDeadTime(&htim1, &sBreakDeadTimeConfig) != HAL_OK)
  96:Src/tim.c     ****   {
  97:Src/tim.c     ****     _Error_Handler(__FILE__, __LINE__);
  98:Src/tim.c     ****   }
  99:Src/tim.c     **** 
 100:Src/tim.c     ****   HAL_TIM_MspPostInit(&htim1);
 101:Src/tim.c     **** 
 102:Src/tim.c     **** }
 103:Src/tim.c     **** /* TIM3 init function */
 104:Src/tim.c     **** void MX_TIM3_Init(void)
 105:Src/tim.c     **** {
 106:Src/tim.c     ****   TIM_MasterConfigTypeDef sMasterConfig;
 107:Src/tim.c     ****   TIM_OC_InitTypeDef sConfigOC;
 108:Src/tim.c     **** 
 109:Src/tim.c     ****   htim3.Instance = TIM3;
 110:Src/tim.c     ****   htim3.Init.Prescaler = 0;
 111:Src/tim.c     ****   htim3.Init.CounterMode = TIM_COUNTERMODE_UP;
 112:Src/tim.c     ****   htim3.Init.Period = 0;
 113:Src/tim.c     ****   htim3.Init.ClockDivision = TIM_CLOCKDIVISION_DIV1;
 114:Src/tim.c     ****   htim3.Init.AutoReloadPreload = TIM_AUTORELOAD_PRELOAD_DISABLE;
 115:Src/tim.c     ****   if (HAL_TIM_PWM_Init(&htim3) != HAL_OK)
 116:Src/tim.c     ****   {
 117:Src/tim.c     ****     _Error_Handler(__FILE__, __LINE__);
 118:Src/tim.c     ****   }
 119:Src/tim.c     **** 
 120:Src/tim.c     ****   sMasterConfig.MasterOutputTrigger = TIM_TRGO_RESET;
 121:Src/tim.c     ****   sMasterConfig.MasterSlaveMode = TIM_MASTERSLAVEMODE_DISABLE;
 122:Src/tim.c     ****   if (HAL_TIMEx_MasterConfigSynchronization(&htim3, &sMasterConfig) != HAL_OK)
 123:Src/tim.c     ****   {
 124:Src/tim.c     ****     _Error_Handler(__FILE__, __LINE__);
 125:Src/tim.c     ****   }
 126:Src/tim.c     **** 
 127:Src/tim.c     ****   sConfigOC.OCMode = TIM_OCMODE_PWM1;
 128:Src/tim.c     ****   sConfigOC.Pulse = 0;
 129:Src/tim.c     ****   sConfigOC.OCPolarity = TIM_OCPOLARITY_HIGH;
 130:Src/tim.c     ****   sConfigOC.OCFastMode = TIM_OCFAST_DISABLE;
 131:Src/tim.c     ****   if (HAL_TIM_PWM_ConfigChannel(&htim3, &sConfigOC, TIM_CHANNEL_2) != HAL_OK)
 132:Src/tim.c     ****   {
 133:Src/tim.c     ****     _Error_Handler(__FILE__, __LINE__);
 134:Src/tim.c     ****   }
 135:Src/tim.c     **** 
 136:Src/tim.c     ****   HAL_TIM_MspPostInit(&htim3);
 137:Src/tim.c     **** 
 138:Src/tim.c     **** }
 139:Src/tim.c     **** 
 140:Src/tim.c     **** void HAL_TIM_PWM_MspInit(TIM_HandleTypeDef* tim_pwmHandle)
 141:Src/tim.c     **** {
  26              		.loc 1 141 0
  27              		.cfi_startproc
  28              		@ args = 0, pretend = 0, frame = 8
  29              		@ frame_needed = 0, uses_anonymous_args = 0
  30              		@ link register save eliminated.
  31              	.LVL0:
ARM GAS  C:\Users\Wojciech\AppData\Local\Temp\ccCMoWco.s 			page 4


  32 0000 82B0     		sub	sp, sp, #8
  33              	.LCFI0:
  34              		.cfi_def_cfa_offset 8
 142:Src/tim.c     **** 
 143:Src/tim.c     ****   if(tim_pwmHandle->Instance==TIM1)
  35              		.loc 1 143 0
  36 0002 0368     		ldr	r3, [r0]
  37 0004 0E4A     		ldr	r2, .L6
  38 0006 9342     		cmp	r3, r2
  39 0008 04D0     		beq	.L4
 144:Src/tim.c     ****   {
 145:Src/tim.c     ****   /* USER CODE BEGIN TIM1_MspInit 0 */
 146:Src/tim.c     **** 
 147:Src/tim.c     ****   /* USER CODE END TIM1_MspInit 0 */
 148:Src/tim.c     ****     /* Peripheral clock enable */
 149:Src/tim.c     ****     __HAL_RCC_TIM1_CLK_ENABLE();
 150:Src/tim.c     ****   /* USER CODE BEGIN TIM1_MspInit 1 */
 151:Src/tim.c     **** 
 152:Src/tim.c     ****   /* USER CODE END TIM1_MspInit 1 */
 153:Src/tim.c     ****   }
 154:Src/tim.c     ****   else if(tim_pwmHandle->Instance==TIM3)
  40              		.loc 1 154 0
  41 000a 0E4A     		ldr	r2, .L6+4
  42 000c 9342     		cmp	r3, r2
  43 000e 0CD0     		beq	.L5
  44              	.LVL1:
  45              	.L1:
 155:Src/tim.c     ****   {
 156:Src/tim.c     ****   /* USER CODE BEGIN TIM3_MspInit 0 */
 157:Src/tim.c     **** 
 158:Src/tim.c     ****   /* USER CODE END TIM3_MspInit 0 */
 159:Src/tim.c     ****     /* Peripheral clock enable */
 160:Src/tim.c     ****     __HAL_RCC_TIM3_CLK_ENABLE();
 161:Src/tim.c     ****   /* USER CODE BEGIN TIM3_MspInit 1 */
 162:Src/tim.c     **** 
 163:Src/tim.c     ****   /* USER CODE END TIM3_MspInit 1 */
 164:Src/tim.c     ****   }
 165:Src/tim.c     **** }
  46              		.loc 1 165 0
  47 0010 02B0     		add	sp, sp, #8
  48              		@ sp needed
  49 0012 7047     		bx	lr
  50              	.LVL2:
  51              	.L4:
  52              	.LBB2:
 149:Src/tim.c     ****   /* USER CODE BEGIN TIM1_MspInit 1 */
  53              		.loc 1 149 0
  54 0014 0C4A     		ldr	r2, .L6+8
  55 0016 9169     		ldr	r1, [r2, #24]
  56 0018 8020     		movs	r0, #128
  57              	.LVL3:
  58 001a 0001     		lsls	r0, r0, #4
  59 001c 0143     		orrs	r1, r0
  60 001e 9161     		str	r1, [r2, #24]
  61 0020 9369     		ldr	r3, [r2, #24]
  62 0022 0340     		ands	r3, r0
  63 0024 0093     		str	r3, [sp]
ARM GAS  C:\Users\Wojciech\AppData\Local\Temp\ccCMoWco.s 			page 5


  64 0026 009B     		ldr	r3, [sp]
  65              	.LBE2:
  66 0028 F2E7     		b	.L1
  67              	.LVL4:
  68              	.L5:
  69              	.LBB3:
 160:Src/tim.c     ****   /* USER CODE BEGIN TIM3_MspInit 1 */
  70              		.loc 1 160 0
  71 002a 074A     		ldr	r2, .L6+8
  72 002c D169     		ldr	r1, [r2, #28]
  73 002e 0223     		movs	r3, #2
  74 0030 1943     		orrs	r1, r3
  75 0032 D161     		str	r1, [r2, #28]
  76 0034 D269     		ldr	r2, [r2, #28]
  77 0036 1340     		ands	r3, r2
  78 0038 0193     		str	r3, [sp, #4]
  79 003a 019B     		ldr	r3, [sp, #4]
  80              	.LBE3:
  81              		.loc 1 165 0
  82 003c E8E7     		b	.L1
  83              	.L7:
  84 003e C046     		.align	2
  85              	.L6:
  86 0040 002C0140 		.word	1073818624
  87 0044 00040040 		.word	1073742848
  88 0048 00100240 		.word	1073876992
  89              		.cfi_endproc
  90              	.LFE37:
  92              		.section	.text.HAL_TIM_MspPostInit,"ax",%progbits
  93              		.align	1
  94              		.global	HAL_TIM_MspPostInit
  95              		.syntax unified
  96              		.code	16
  97              		.thumb_func
  98              		.fpu softvfp
 100              	HAL_TIM_MspPostInit:
 101              	.LFB38:
 166:Src/tim.c     **** void HAL_TIM_MspPostInit(TIM_HandleTypeDef* timHandle)
 167:Src/tim.c     **** {
 102              		.loc 1 167 0
 103              		.cfi_startproc
 104              		@ args = 0, pretend = 0, frame = 24
 105              		@ frame_needed = 0, uses_anonymous_args = 0
 106              	.LVL5:
 107 0000 00B5     		push	{lr}
 108              	.LCFI1:
 109              		.cfi_def_cfa_offset 4
 110              		.cfi_offset 14, -4
 111 0002 87B0     		sub	sp, sp, #28
 112              	.LCFI2:
 113              		.cfi_def_cfa_offset 32
 168:Src/tim.c     **** 
 169:Src/tim.c     ****   GPIO_InitTypeDef GPIO_InitStruct;
 170:Src/tim.c     ****   if(timHandle->Instance==TIM1)
 114              		.loc 1 170 0
 115 0004 0368     		ldr	r3, [r0]
 116 0006 134A     		ldr	r2, .L13
ARM GAS  C:\Users\Wojciech\AppData\Local\Temp\ccCMoWco.s 			page 6


 117 0008 9342     		cmp	r3, r2
 118 000a 04D0     		beq	.L11
 171:Src/tim.c     ****   {
 172:Src/tim.c     ****   /* USER CODE BEGIN TIM1_MspPostInit 0 */
 173:Src/tim.c     **** 
 174:Src/tim.c     ****   /* USER CODE END TIM1_MspPostInit 0 */
 175:Src/tim.c     ****     /**TIM1 GPIO Configuration    
 176:Src/tim.c     ****     PA8     ------> TIM1_CH1 
 177:Src/tim.c     ****     */
 178:Src/tim.c     ****     GPIO_InitStruct.Pin = DRS_RIGHT_Pin;
 179:Src/tim.c     ****     GPIO_InitStruct.Mode = GPIO_MODE_AF_PP;
 180:Src/tim.c     ****     GPIO_InitStruct.Pull = GPIO_NOPULL;
 181:Src/tim.c     ****     GPIO_InitStruct.Speed = GPIO_SPEED_FREQ_LOW;
 182:Src/tim.c     ****     GPIO_InitStruct.Alternate = GPIO_AF2_TIM1;
 183:Src/tim.c     ****     HAL_GPIO_Init(DRS_RIGHT_GPIO_Port, &GPIO_InitStruct);
 184:Src/tim.c     **** 
 185:Src/tim.c     ****   /* USER CODE BEGIN TIM1_MspPostInit 1 */
 186:Src/tim.c     **** 
 187:Src/tim.c     ****   /* USER CODE END TIM1_MspPostInit 1 */
 188:Src/tim.c     ****   }
 189:Src/tim.c     ****   else if(timHandle->Instance==TIM3)
 119              		.loc 1 189 0
 120 000c 124A     		ldr	r2, .L13+4
 121 000e 9342     		cmp	r3, r2
 122 0010 10D0     		beq	.L12
 123              	.LVL6:
 124              	.L8:
 190:Src/tim.c     ****   {
 191:Src/tim.c     ****   /* USER CODE BEGIN TIM3_MspPostInit 0 */
 192:Src/tim.c     **** 
 193:Src/tim.c     ****   /* USER CODE END TIM3_MspPostInit 0 */
 194:Src/tim.c     ****   
 195:Src/tim.c     ****     /**TIM3 GPIO Configuration    
 196:Src/tim.c     ****     PA7     ------> TIM3_CH2 
 197:Src/tim.c     ****     */
 198:Src/tim.c     ****     GPIO_InitStruct.Pin = DRS_LEFT_Pin;
 199:Src/tim.c     ****     GPIO_InitStruct.Mode = GPIO_MODE_AF_PP;
 200:Src/tim.c     ****     GPIO_InitStruct.Pull = GPIO_NOPULL;
 201:Src/tim.c     ****     GPIO_InitStruct.Speed = GPIO_SPEED_FREQ_LOW;
 202:Src/tim.c     ****     GPIO_InitStruct.Alternate = GPIO_AF1_TIM3;
 203:Src/tim.c     ****     HAL_GPIO_Init(DRS_LEFT_GPIO_Port, &GPIO_InitStruct);
 204:Src/tim.c     **** 
 205:Src/tim.c     ****   /* USER CODE BEGIN TIM3_MspPostInit 1 */
 206:Src/tim.c     **** 
 207:Src/tim.c     ****   /* USER CODE END TIM3_MspPostInit 1 */
 208:Src/tim.c     ****   }
 209:Src/tim.c     **** 
 210:Src/tim.c     **** }
 125              		.loc 1 210 0
 126 0012 07B0     		add	sp, sp, #28
 127              		@ sp needed
 128 0014 00BD     		pop	{pc}
 129              	.LVL7:
 130              	.L11:
 178:Src/tim.c     ****     GPIO_InitStruct.Mode = GPIO_MODE_AF_PP;
 131              		.loc 1 178 0
 132 0016 8023     		movs	r3, #128
ARM GAS  C:\Users\Wojciech\AppData\Local\Temp\ccCMoWco.s 			page 7


 133 0018 5B00     		lsls	r3, r3, #1
 134 001a 0193     		str	r3, [sp, #4]
 179:Src/tim.c     ****     GPIO_InitStruct.Pull = GPIO_NOPULL;
 135              		.loc 1 179 0
 136 001c FE3B     		subs	r3, r3, #254
 137 001e 0293     		str	r3, [sp, #8]
 180:Src/tim.c     ****     GPIO_InitStruct.Speed = GPIO_SPEED_FREQ_LOW;
 138              		.loc 1 180 0
 139 0020 0022     		movs	r2, #0
 140 0022 0392     		str	r2, [sp, #12]
 181:Src/tim.c     ****     GPIO_InitStruct.Alternate = GPIO_AF2_TIM1;
 141              		.loc 1 181 0
 142 0024 0492     		str	r2, [sp, #16]
 182:Src/tim.c     ****     HAL_GPIO_Init(DRS_RIGHT_GPIO_Port, &GPIO_InitStruct);
 143              		.loc 1 182 0
 144 0026 0593     		str	r3, [sp, #20]
 183:Src/tim.c     **** 
 145              		.loc 1 183 0
 146 0028 01A9     		add	r1, sp, #4
 147 002a 9020     		movs	r0, #144
 148              	.LVL8:
 149 002c C005     		lsls	r0, r0, #23
 150 002e FFF7FEFF 		bl	HAL_GPIO_Init
 151              	.LVL9:
 152 0032 EEE7     		b	.L8
 153              	.LVL10:
 154              	.L12:
 198:Src/tim.c     ****     GPIO_InitStruct.Mode = GPIO_MODE_AF_PP;
 155              		.loc 1 198 0
 156 0034 8023     		movs	r3, #128
 157 0036 0193     		str	r3, [sp, #4]
 199:Src/tim.c     ****     GPIO_InitStruct.Pull = GPIO_NOPULL;
 158              		.loc 1 199 0
 159 0038 7E3B     		subs	r3, r3, #126
 160 003a 0293     		str	r3, [sp, #8]
 200:Src/tim.c     ****     GPIO_InitStruct.Speed = GPIO_SPEED_FREQ_LOW;
 161              		.loc 1 200 0
 162 003c 0023     		movs	r3, #0
 163 003e 0393     		str	r3, [sp, #12]
 201:Src/tim.c     ****     GPIO_InitStruct.Alternate = GPIO_AF1_TIM3;
 164              		.loc 1 201 0
 165 0040 0493     		str	r3, [sp, #16]
 202:Src/tim.c     ****     HAL_GPIO_Init(DRS_LEFT_GPIO_Port, &GPIO_InitStruct);
 166              		.loc 1 202 0
 167 0042 0133     		adds	r3, r3, #1
 168 0044 0593     		str	r3, [sp, #20]
 203:Src/tim.c     **** 
 169              		.loc 1 203 0
 170 0046 01A9     		add	r1, sp, #4
 171 0048 9020     		movs	r0, #144
 172              	.LVL11:
 173 004a C005     		lsls	r0, r0, #23
 174 004c FFF7FEFF 		bl	HAL_GPIO_Init
 175              	.LVL12:
 176              		.loc 1 210 0
 177 0050 DFE7     		b	.L8
 178              	.L14:
ARM GAS  C:\Users\Wojciech\AppData\Local\Temp\ccCMoWco.s 			page 8


 179 0052 C046     		.align	2
 180              	.L13:
 181 0054 002C0140 		.word	1073818624
 182 0058 00040040 		.word	1073742848
 183              		.cfi_endproc
 184              	.LFE38:
 186              		.section	.text.MX_TIM1_Init,"ax",%progbits
 187              		.align	1
 188              		.global	MX_TIM1_Init
 189              		.syntax unified
 190              		.code	16
 191              		.thumb_func
 192              		.fpu softvfp
 194              	MX_TIM1_Init:
 195              	.LFB35:
  52:Src/tim.c     ****   TIM_MasterConfigTypeDef sMasterConfig;
 196              		.loc 1 52 0
 197              		.cfi_startproc
 198              		@ args = 0, pretend = 0, frame = 64
 199              		@ frame_needed = 0, uses_anonymous_args = 0
 200 0000 00B5     		push	{lr}
 201              	.LCFI3:
 202              		.cfi_def_cfa_offset 4
 203              		.cfi_offset 14, -4
 204 0002 91B0     		sub	sp, sp, #68
 205              	.LCFI4:
 206              		.cfi_def_cfa_offset 72
  57:Src/tim.c     ****   htim1.Init.Prescaler = 0;
 207              		.loc 1 57 0
 208 0004 2748     		ldr	r0, .L24
 209 0006 284B     		ldr	r3, .L24+4
 210 0008 0360     		str	r3, [r0]
  58:Src/tim.c     ****   htim1.Init.CounterMode = TIM_COUNTERMODE_UP;
 211              		.loc 1 58 0
 212 000a 0023     		movs	r3, #0
 213 000c 4360     		str	r3, [r0, #4]
  59:Src/tim.c     ****   htim1.Init.Period = 0;
 214              		.loc 1 59 0
 215 000e 8360     		str	r3, [r0, #8]
  60:Src/tim.c     ****   htim1.Init.ClockDivision = TIM_CLOCKDIVISION_DIV1;
 216              		.loc 1 60 0
 217 0010 C360     		str	r3, [r0, #12]
  61:Src/tim.c     ****   htim1.Init.RepetitionCounter = 0;
 218              		.loc 1 61 0
 219 0012 0361     		str	r3, [r0, #16]
  62:Src/tim.c     ****   htim1.Init.AutoReloadPreload = TIM_AUTORELOAD_PRELOAD_DISABLE;
 220              		.loc 1 62 0
 221 0014 4361     		str	r3, [r0, #20]
  63:Src/tim.c     ****   if (HAL_TIM_PWM_Init(&htim1) != HAL_OK)
 222              		.loc 1 63 0
 223 0016 8361     		str	r3, [r0, #24]
  64:Src/tim.c     ****   {
 224              		.loc 1 64 0
 225 0018 FFF7FEFF 		bl	HAL_TIM_PWM_Init
 226              	.LVL13:
 227 001c 0028     		cmp	r0, #0
 228 001e 2DD1     		bne	.L20
ARM GAS  C:\Users\Wojciech\AppData\Local\Temp\ccCMoWco.s 			page 9


 229              	.L16:
  69:Src/tim.c     ****   sMasterConfig.MasterSlaveMode = TIM_MASTERSLAVEMODE_DISABLE;
 230              		.loc 1 69 0
 231 0020 0023     		movs	r3, #0
 232 0022 0E93     		str	r3, [sp, #56]
  70:Src/tim.c     ****   if (HAL_TIMEx_MasterConfigSynchronization(&htim1, &sMasterConfig) != HAL_OK)
 233              		.loc 1 70 0
 234 0024 0F93     		str	r3, [sp, #60]
  71:Src/tim.c     ****   {
 235              		.loc 1 71 0
 236 0026 0EA9     		add	r1, sp, #56
 237 0028 1E48     		ldr	r0, .L24
 238 002a FFF7FEFF 		bl	HAL_TIMEx_MasterConfigSynchronization
 239              	.LVL14:
 240 002e 0028     		cmp	r0, #0
 241 0030 29D1     		bne	.L21
 242              	.L17:
  76:Src/tim.c     ****   sConfigOC.Pulse = 0;
 243              		.loc 1 76 0
 244 0032 6023     		movs	r3, #96
 245 0034 0793     		str	r3, [sp, #28]
  77:Src/tim.c     ****   sConfigOC.OCPolarity = TIM_OCPOLARITY_HIGH;
 246              		.loc 1 77 0
 247 0036 0023     		movs	r3, #0
 248 0038 0893     		str	r3, [sp, #32]
  78:Src/tim.c     ****   sConfigOC.OCNPolarity = TIM_OCNPOLARITY_HIGH;
 249              		.loc 1 78 0
 250 003a 0993     		str	r3, [sp, #36]
  79:Src/tim.c     ****   sConfigOC.OCFastMode = TIM_OCFAST_DISABLE;
 251              		.loc 1 79 0
 252 003c 0A93     		str	r3, [sp, #40]
  80:Src/tim.c     ****   sConfigOC.OCIdleState = TIM_OCIDLESTATE_RESET;
 253              		.loc 1 80 0
 254 003e 0B93     		str	r3, [sp, #44]
  81:Src/tim.c     ****   sConfigOC.OCNIdleState = TIM_OCNIDLESTATE_RESET;
 255              		.loc 1 81 0
 256 0040 0C93     		str	r3, [sp, #48]
  82:Src/tim.c     ****   if (HAL_TIM_PWM_ConfigChannel(&htim1, &sConfigOC, TIM_CHANNEL_1) != HAL_OK)
 257              		.loc 1 82 0
 258 0042 0D93     		str	r3, [sp, #52]
  83:Src/tim.c     ****   {
 259              		.loc 1 83 0
 260 0044 0022     		movs	r2, #0
 261 0046 07A9     		add	r1, sp, #28
 262 0048 1648     		ldr	r0, .L24
 263 004a FFF7FEFF 		bl	HAL_TIM_PWM_ConfigChannel
 264              	.LVL15:
 265 004e 0028     		cmp	r0, #0
 266 0050 1ED1     		bne	.L22
 267              	.L18:
  88:Src/tim.c     ****   sBreakDeadTimeConfig.OffStateIDLEMode = TIM_OSSI_DISABLE;
 268              		.loc 1 88 0
 269 0052 0023     		movs	r3, #0
 270 0054 0093     		str	r3, [sp]
  89:Src/tim.c     ****   sBreakDeadTimeConfig.LockLevel = TIM_LOCKLEVEL_OFF;
 271              		.loc 1 89 0
 272 0056 0193     		str	r3, [sp, #4]
ARM GAS  C:\Users\Wojciech\AppData\Local\Temp\ccCMoWco.s 			page 10


  90:Src/tim.c     ****   sBreakDeadTimeConfig.DeadTime = 0;
 273              		.loc 1 90 0
 274 0058 0293     		str	r3, [sp, #8]
  91:Src/tim.c     ****   sBreakDeadTimeConfig.BreakState = TIM_BREAK_DISABLE;
 275              		.loc 1 91 0
 276 005a 0393     		str	r3, [sp, #12]
  92:Src/tim.c     ****   sBreakDeadTimeConfig.BreakPolarity = TIM_BREAKPOLARITY_HIGH;
 277              		.loc 1 92 0
 278 005c 0493     		str	r3, [sp, #16]
  93:Src/tim.c     ****   sBreakDeadTimeConfig.AutomaticOutput = TIM_AUTOMATICOUTPUT_DISABLE;
 279              		.loc 1 93 0
 280 005e 8022     		movs	r2, #128
 281 0060 9201     		lsls	r2, r2, #6
 282 0062 0592     		str	r2, [sp, #20]
  94:Src/tim.c     ****   if (HAL_TIMEx_ConfigBreakDeadTime(&htim1, &sBreakDeadTimeConfig) != HAL_OK)
 283              		.loc 1 94 0
 284 0064 0693     		str	r3, [sp, #24]
  95:Src/tim.c     ****   {
 285              		.loc 1 95 0
 286 0066 6946     		mov	r1, sp
 287 0068 0E48     		ldr	r0, .L24
 288 006a FFF7FEFF 		bl	HAL_TIMEx_ConfigBreakDeadTime
 289              	.LVL16:
 290 006e 0028     		cmp	r0, #0
 291 0070 13D1     		bne	.L23
 292              	.L19:
 100:Src/tim.c     **** 
 293              		.loc 1 100 0
 294 0072 0C48     		ldr	r0, .L24
 295 0074 FFF7FEFF 		bl	HAL_TIM_MspPostInit
 296              	.LVL17:
 102:Src/tim.c     **** /* TIM3 init function */
 297              		.loc 1 102 0
 298 0078 11B0     		add	sp, sp, #68
 299              		@ sp needed
 300 007a 00BD     		pop	{pc}
 301              	.L20:
  66:Src/tim.c     ****   }
 302              		.loc 1 66 0
 303 007c 4221     		movs	r1, #66
 304 007e 0B48     		ldr	r0, .L24+8
 305 0080 FFF7FEFF 		bl	_Error_Handler
 306              	.LVL18:
 307 0084 CCE7     		b	.L16
 308              	.L21:
  73:Src/tim.c     ****   }
 309              		.loc 1 73 0
 310 0086 4921     		movs	r1, #73
 311 0088 0848     		ldr	r0, .L24+8
 312 008a FFF7FEFF 		bl	_Error_Handler
 313              	.LVL19:
 314 008e D0E7     		b	.L17
 315              	.L22:
  85:Src/tim.c     ****   }
 316              		.loc 1 85 0
 317 0090 5521     		movs	r1, #85
 318 0092 0648     		ldr	r0, .L24+8
ARM GAS  C:\Users\Wojciech\AppData\Local\Temp\ccCMoWco.s 			page 11


 319 0094 FFF7FEFF 		bl	_Error_Handler
 320              	.LVL20:
 321 0098 DBE7     		b	.L18
 322              	.L23:
  97:Src/tim.c     ****   }
 323              		.loc 1 97 0
 324 009a 6121     		movs	r1, #97
 325 009c 0348     		ldr	r0, .L24+8
 326 009e FFF7FEFF 		bl	_Error_Handler
 327              	.LVL21:
 328 00a2 E6E7     		b	.L19
 329              	.L25:
 330              		.align	2
 331              	.L24:
 332 00a4 00000000 		.word	htim1
 333 00a8 002C0140 		.word	1073818624
 334 00ac 00000000 		.word	.LC1
 335              		.cfi_endproc
 336              	.LFE35:
 338              		.section	.text.MX_TIM3_Init,"ax",%progbits
 339              		.align	1
 340              		.global	MX_TIM3_Init
 341              		.syntax unified
 342              		.code	16
 343              		.thumb_func
 344              		.fpu softvfp
 346              	MX_TIM3_Init:
 347              	.LFB36:
 105:Src/tim.c     ****   TIM_MasterConfigTypeDef sMasterConfig;
 348              		.loc 1 105 0
 349              		.cfi_startproc
 350              		@ args = 0, pretend = 0, frame = 40
 351              		@ frame_needed = 0, uses_anonymous_args = 0
 352 0000 00B5     		push	{lr}
 353              	.LCFI5:
 354              		.cfi_def_cfa_offset 4
 355              		.cfi_offset 14, -4
 356 0002 8BB0     		sub	sp, sp, #44
 357              	.LCFI6:
 358              		.cfi_def_cfa_offset 48
 109:Src/tim.c     ****   htim3.Init.Prescaler = 0;
 359              		.loc 1 109 0
 360 0004 1B48     		ldr	r0, .L33
 361 0006 1C4B     		ldr	r3, .L33+4
 362 0008 0360     		str	r3, [r0]
 110:Src/tim.c     ****   htim3.Init.CounterMode = TIM_COUNTERMODE_UP;
 363              		.loc 1 110 0
 364 000a 0023     		movs	r3, #0
 365 000c 4360     		str	r3, [r0, #4]
 111:Src/tim.c     ****   htim3.Init.Period = 0;
 366              		.loc 1 111 0
 367 000e 8360     		str	r3, [r0, #8]
 112:Src/tim.c     ****   htim3.Init.ClockDivision = TIM_CLOCKDIVISION_DIV1;
 368              		.loc 1 112 0
 369 0010 C360     		str	r3, [r0, #12]
 113:Src/tim.c     ****   htim3.Init.AutoReloadPreload = TIM_AUTORELOAD_PRELOAD_DISABLE;
 370              		.loc 1 113 0
ARM GAS  C:\Users\Wojciech\AppData\Local\Temp\ccCMoWco.s 			page 12


 371 0012 0361     		str	r3, [r0, #16]
 114:Src/tim.c     ****   if (HAL_TIM_PWM_Init(&htim3) != HAL_OK)
 372              		.loc 1 114 0
 373 0014 8361     		str	r3, [r0, #24]
 115:Src/tim.c     ****   {
 374              		.loc 1 115 0
 375 0016 FFF7FEFF 		bl	HAL_TIM_PWM_Init
 376              	.LVL22:
 377 001a 0028     		cmp	r0, #0
 378 001c 1AD1     		bne	.L30
 379              	.L27:
 120:Src/tim.c     ****   sMasterConfig.MasterSlaveMode = TIM_MASTERSLAVEMODE_DISABLE;
 380              		.loc 1 120 0
 381 001e 0023     		movs	r3, #0
 382 0020 0893     		str	r3, [sp, #32]
 121:Src/tim.c     ****   if (HAL_TIMEx_MasterConfigSynchronization(&htim3, &sMasterConfig) != HAL_OK)
 383              		.loc 1 121 0
 384 0022 0993     		str	r3, [sp, #36]
 122:Src/tim.c     ****   {
 385              		.loc 1 122 0
 386 0024 08A9     		add	r1, sp, #32
 387 0026 1348     		ldr	r0, .L33
 388 0028 FFF7FEFF 		bl	HAL_TIMEx_MasterConfigSynchronization
 389              	.LVL23:
 390 002c 0028     		cmp	r0, #0
 391 002e 16D1     		bne	.L31
 392              	.L28:
 127:Src/tim.c     ****   sConfigOC.Pulse = 0;
 393              		.loc 1 127 0
 394 0030 6023     		movs	r3, #96
 395 0032 0193     		str	r3, [sp, #4]
 128:Src/tim.c     ****   sConfigOC.OCPolarity = TIM_OCPOLARITY_HIGH;
 396              		.loc 1 128 0
 397 0034 0023     		movs	r3, #0
 398 0036 0293     		str	r3, [sp, #8]
 129:Src/tim.c     ****   sConfigOC.OCFastMode = TIM_OCFAST_DISABLE;
 399              		.loc 1 129 0
 400 0038 0393     		str	r3, [sp, #12]
 130:Src/tim.c     ****   if (HAL_TIM_PWM_ConfigChannel(&htim3, &sConfigOC, TIM_CHANNEL_2) != HAL_OK)
 401              		.loc 1 130 0
 402 003a 0593     		str	r3, [sp, #20]
 131:Src/tim.c     ****   {
 403              		.loc 1 131 0
 404 003c 0422     		movs	r2, #4
 405 003e 01A9     		add	r1, sp, #4
 406 0040 0C48     		ldr	r0, .L33
 407 0042 FFF7FEFF 		bl	HAL_TIM_PWM_ConfigChannel
 408              	.LVL24:
 409 0046 0028     		cmp	r0, #0
 410 0048 0ED1     		bne	.L32
 411              	.L29:
 136:Src/tim.c     **** 
 412              		.loc 1 136 0
 413 004a 0A48     		ldr	r0, .L33
 414 004c FFF7FEFF 		bl	HAL_TIM_MspPostInit
 415              	.LVL25:
 138:Src/tim.c     **** 
ARM GAS  C:\Users\Wojciech\AppData\Local\Temp\ccCMoWco.s 			page 13


 416              		.loc 1 138 0
 417 0050 0BB0     		add	sp, sp, #44
 418              		@ sp needed
 419 0052 00BD     		pop	{pc}
 420              	.L30:
 117:Src/tim.c     ****   }
 421              		.loc 1 117 0
 422 0054 7521     		movs	r1, #117
 423 0056 0948     		ldr	r0, .L33+8
 424 0058 FFF7FEFF 		bl	_Error_Handler
 425              	.LVL26:
 426 005c DFE7     		b	.L27
 427              	.L31:
 124:Src/tim.c     ****   }
 428              		.loc 1 124 0
 429 005e 7C21     		movs	r1, #124
 430 0060 0648     		ldr	r0, .L33+8
 431 0062 FFF7FEFF 		bl	_Error_Handler
 432              	.LVL27:
 433 0066 E3E7     		b	.L28
 434              	.L32:
 133:Src/tim.c     ****   }
 435              		.loc 1 133 0
 436 0068 8521     		movs	r1, #133
 437 006a 0448     		ldr	r0, .L33+8
 438 006c FFF7FEFF 		bl	_Error_Handler
 439              	.LVL28:
 440 0070 EBE7     		b	.L29
 441              	.L34:
 442 0072 C046     		.align	2
 443              	.L33:
 444 0074 00000000 		.word	htim3
 445 0078 00040040 		.word	1073742848
 446 007c 00000000 		.word	.LC1
 447              		.cfi_endproc
 448              	.LFE36:
 450              		.section	.text.HAL_TIM_PWM_MspDeInit,"ax",%progbits
 451              		.align	1
 452              		.global	HAL_TIM_PWM_MspDeInit
 453              		.syntax unified
 454              		.code	16
 455              		.thumb_func
 456              		.fpu softvfp
 458              	HAL_TIM_PWM_MspDeInit:
 459              	.LFB39:
 211:Src/tim.c     **** 
 212:Src/tim.c     **** void HAL_TIM_PWM_MspDeInit(TIM_HandleTypeDef* tim_pwmHandle)
 213:Src/tim.c     **** {
 460              		.loc 1 213 0
 461              		.cfi_startproc
 462              		@ args = 0, pretend = 0, frame = 0
 463              		@ frame_needed = 0, uses_anonymous_args = 0
 464              		@ link register save eliminated.
 465              	.LVL29:
 214:Src/tim.c     **** 
 215:Src/tim.c     ****   if(tim_pwmHandle->Instance==TIM1)
 466              		.loc 1 215 0
ARM GAS  C:\Users\Wojciech\AppData\Local\Temp\ccCMoWco.s 			page 14


 467 0000 0368     		ldr	r3, [r0]
 468 0002 094A     		ldr	r2, .L40
 469 0004 9342     		cmp	r3, r2
 470 0006 03D0     		beq	.L38
 216:Src/tim.c     ****   {
 217:Src/tim.c     ****   /* USER CODE BEGIN TIM1_MspDeInit 0 */
 218:Src/tim.c     **** 
 219:Src/tim.c     ****   /* USER CODE END TIM1_MspDeInit 0 */
 220:Src/tim.c     ****     /* Peripheral clock disable */
 221:Src/tim.c     ****     __HAL_RCC_TIM1_CLK_DISABLE();
 222:Src/tim.c     ****   /* USER CODE BEGIN TIM1_MspDeInit 1 */
 223:Src/tim.c     **** 
 224:Src/tim.c     ****   /* USER CODE END TIM1_MspDeInit 1 */
 225:Src/tim.c     ****   }
 226:Src/tim.c     ****   else if(tim_pwmHandle->Instance==TIM3)
 471              		.loc 1 226 0
 472 0008 084A     		ldr	r2, .L40+4
 473 000a 9342     		cmp	r3, r2
 474 000c 06D0     		beq	.L39
 475              	.L35:
 227:Src/tim.c     ****   {
 228:Src/tim.c     ****   /* USER CODE BEGIN TIM3_MspDeInit 0 */
 229:Src/tim.c     **** 
 230:Src/tim.c     ****   /* USER CODE END TIM3_MspDeInit 0 */
 231:Src/tim.c     ****     /* Peripheral clock disable */
 232:Src/tim.c     ****     __HAL_RCC_TIM3_CLK_DISABLE();
 233:Src/tim.c     ****   /* USER CODE BEGIN TIM3_MspDeInit 1 */
 234:Src/tim.c     **** 
 235:Src/tim.c     ****   /* USER CODE END TIM3_MspDeInit 1 */
 236:Src/tim.c     ****   }
 237:Src/tim.c     **** } 
 476              		.loc 1 237 0
 477              		@ sp needed
 478 000e 7047     		bx	lr
 479              	.L38:
 221:Src/tim.c     ****   /* USER CODE BEGIN TIM1_MspDeInit 1 */
 480              		.loc 1 221 0
 481 0010 074A     		ldr	r2, .L40+8
 482 0012 9369     		ldr	r3, [r2, #24]
 483 0014 0749     		ldr	r1, .L40+12
 484 0016 0B40     		ands	r3, r1
 485 0018 9361     		str	r3, [r2, #24]
 486 001a F8E7     		b	.L35
 487              	.L39:
 232:Src/tim.c     ****   /* USER CODE BEGIN TIM3_MspDeInit 1 */
 488              		.loc 1 232 0
 489 001c 044A     		ldr	r2, .L40+8
 490 001e D369     		ldr	r3, [r2, #28]
 491 0020 0221     		movs	r1, #2
 492 0022 8B43     		bics	r3, r1
 493 0024 D361     		str	r3, [r2, #28]
 494              		.loc 1 237 0
 495 0026 F2E7     		b	.L35
 496              	.L41:
 497              		.align	2
 498              	.L40:
 499 0028 002C0140 		.word	1073818624
ARM GAS  C:\Users\Wojciech\AppData\Local\Temp\ccCMoWco.s 			page 15


 500 002c 00040040 		.word	1073742848
 501 0030 00100240 		.word	1073876992
 502 0034 FFF7FFFF 		.word	-2049
 503              		.cfi_endproc
 504              	.LFE39:
 506              		.comm	htim3,64,4
 507              		.comm	htim1,64,4
 508              		.section	.rodata.MX_TIM1_Init.str1.4,"aMS",%progbits,1
 509              		.align	2
 510              	.LC1:
 511 0000 5372632F 		.ascii	"Src/tim.c\000"
 511      74696D2E 
 511      6300
 512              		.text
 513              	.Letext0:
 514              		.file 2 "c:\\program files (x86)\\gnu tools arm embedded\\6 2017-q2-update\\arm-none-eabi\\include
 515              		.file 3 "c:\\program files (x86)\\gnu tools arm embedded\\6 2017-q2-update\\arm-none-eabi\\include
 516              		.file 4 "Drivers/CMSIS/Device/ST/STM32F0xx/Include/system_stm32f0xx.h"
 517              		.file 5 "Drivers/CMSIS/Device/ST/STM32F0xx/Include/stm32f042x6.h"
 518              		.file 6 "c:\\program files (x86)\\gnu tools arm embedded\\6 2017-q2-update\\arm-none-eabi\\include
 519              		.file 7 "c:\\program files (x86)\\gnu tools arm embedded\\6 2017-q2-update\\arm-none-eabi\\include
 520              		.file 8 "c:\\program files (x86)\\gnu tools arm embedded\\6 2017-q2-update\\lib\\gcc\\arm-none-eab
 521              		.file 9 "c:\\program files (x86)\\gnu tools arm embedded\\6 2017-q2-update\\arm-none-eabi\\include
 522              		.file 10 "Drivers/STM32F0xx_HAL_Driver/Inc/stm32f0xx_hal_def.h"
 523              		.file 11 "Drivers/STM32F0xx_HAL_Driver/Inc/stm32f0xx_hal_gpio.h"
 524              		.file 12 "Drivers/STM32F0xx_HAL_Driver/Inc/stm32f0xx_hal_dma.h"
 525              		.file 13 "Drivers/STM32F0xx_HAL_Driver/Inc/stm32f0xx_hal_tim.h"
 526              		.file 14 "Drivers/STM32F0xx_HAL_Driver/Inc/stm32f0xx_hal_tim_ex.h"
 527              		.file 15 "Inc/tim.h"
ARM GAS  C:\Users\Wojciech\AppData\Local\Temp\ccCMoWco.s 			page 16


DEFINED SYMBOLS
                            *ABS*:00000000 tim.c
C:\Users\Wojciech\AppData\Local\Temp\ccCMoWco.s:16     .text.HAL_TIM_PWM_MspInit:00000000 $t
C:\Users\Wojciech\AppData\Local\Temp\ccCMoWco.s:23     .text.HAL_TIM_PWM_MspInit:00000000 HAL_TIM_PWM_MspInit
C:\Users\Wojciech\AppData\Local\Temp\ccCMoWco.s:86     .text.HAL_TIM_PWM_MspInit:00000040 $d
C:\Users\Wojciech\AppData\Local\Temp\ccCMoWco.s:93     .text.HAL_TIM_MspPostInit:00000000 $t
C:\Users\Wojciech\AppData\Local\Temp\ccCMoWco.s:100    .text.HAL_TIM_MspPostInit:00000000 HAL_TIM_MspPostInit
C:\Users\Wojciech\AppData\Local\Temp\ccCMoWco.s:181    .text.HAL_TIM_MspPostInit:00000054 $d
C:\Users\Wojciech\AppData\Local\Temp\ccCMoWco.s:187    .text.MX_TIM1_Init:00000000 $t
C:\Users\Wojciech\AppData\Local\Temp\ccCMoWco.s:194    .text.MX_TIM1_Init:00000000 MX_TIM1_Init
C:\Users\Wojciech\AppData\Local\Temp\ccCMoWco.s:332    .text.MX_TIM1_Init:000000a4 $d
                            *COM*:00000040 htim1
C:\Users\Wojciech\AppData\Local\Temp\ccCMoWco.s:339    .text.MX_TIM3_Init:00000000 $t
C:\Users\Wojciech\AppData\Local\Temp\ccCMoWco.s:346    .text.MX_TIM3_Init:00000000 MX_TIM3_Init
C:\Users\Wojciech\AppData\Local\Temp\ccCMoWco.s:444    .text.MX_TIM3_Init:00000074 $d
                            *COM*:00000040 htim3
C:\Users\Wojciech\AppData\Local\Temp\ccCMoWco.s:451    .text.HAL_TIM_PWM_MspDeInit:00000000 $t
C:\Users\Wojciech\AppData\Local\Temp\ccCMoWco.s:458    .text.HAL_TIM_PWM_MspDeInit:00000000 HAL_TIM_PWM_MspDeInit
C:\Users\Wojciech\AppData\Local\Temp\ccCMoWco.s:499    .text.HAL_TIM_PWM_MspDeInit:00000028 $d
C:\Users\Wojciech\AppData\Local\Temp\ccCMoWco.s:509    .rodata.MX_TIM1_Init.str1.4:00000000 $d
                     .debug_frame:00000010 $d

UNDEFINED SYMBOLS
HAL_GPIO_Init
HAL_TIM_PWM_Init
HAL_TIMEx_MasterConfigSynchronization
HAL_TIM_PWM_ConfigChannel
HAL_TIMEx_ConfigBreakDeadTime
_Error_Handler
