ARM GAS  C:\Users\Wojciech\AppData\Local\Temp\ccEYxKPy.s 			page 1


   1              		.cpu cortex-m0
   2              		.eabi_attribute 20, 1
   3              		.eabi_attribute 21, 1
   4              		.eabi_attribute 23, 3
   5              		.eabi_attribute 24, 1
   6              		.eabi_attribute 25, 1
   7              		.eabi_attribute 26, 1
   8              		.eabi_attribute 30, 1
   9              		.eabi_attribute 34, 0
  10              		.eabi_attribute 18, 4
  11              		.file	"CANhandler.c"
  12              		.text
  13              	.Ltext0:
  14              		.cfi_sections	.debug_frame
  15              		.section	.text.HAL_CAN_RxCpltCallback,"ax",%progbits
  16              		.align	1
  17              		.global	HAL_CAN_RxCpltCallback
  18              		.syntax unified
  19              		.code	16
  20              		.thumb_func
  21              		.fpu softvfp
  23              	HAL_CAN_RxCpltCallback:
  24              	.LFB35:
  25              		.file 1 "Src/CANhandler.c"
   1:Src/CANhandler.c **** /*
   2:Src/CANhandler.c ****  * CANhandler.c
   3:Src/CANhandler.c ****  *
   4:Src/CANhandler.c ****  *  Created on: Jul 13, 2017
   5:Src/CANhandler.c ****  *      Author: Wojciech
   6:Src/CANhandler.c ****  */
   7:Src/CANhandler.c **** 
   8:Src/CANhandler.c **** 
   9:Src/CANhandler.c **** #ifdef __cplusplus
  10:Src/CANhandler.c ****  extern "C" {
  11:Src/CANhandler.c **** #endif
  12:Src/CANhandler.c **** 
  13:Src/CANhandler.c **** #include "can.h"
  14:Src/CANhandler.c **** #include "CANhandler.h"
  15:Src/CANhandler.c **** 
  16:Src/CANhandler.c **** volatile CANhandler_handle_t handle;
  17:Src/CANhandler.c **** 
  18:Src/CANhandler.c **** CanRxMsgTypeDef rx_mes;
  19:Src/CANhandler.c **** CanTxMsgTypeDef tx_mes;
  20:Src/CANhandler.c **** 
  21:Src/CANhandler.c **** volatile uint8_t intPending;
  22:Src/CANhandler.c **** 
  23:Src/CANhandler.c **** void HAL_CAN_RxCpltCallback(CAN_HandleTypeDef* hcan){
  26              		.loc 1 23 0
  27              		.cfi_startproc
  28              		@ args = 0, pretend = 0, frame = 0
  29              		@ frame_needed = 0, uses_anonymous_args = 0
  30              	.LVL0:
  31 0000 10B5     		push	{r4, lr}
  32              	.LCFI0:
  33              		.cfi_def_cfa_offset 8
  34              		.cfi_offset 4, -8
  35              		.cfi_offset 14, -4
ARM GAS  C:\Users\Wojciech\AppData\Local\Temp\ccEYxKPy.s 			page 2


  24:Src/CANhandler.c **** 
  25:Src/CANhandler.c **** 		if ((hcan->pRxMsg->IDE == CAN_ID_STD) && (hcan->pRxMsg->RTR == CAN_RTR_DATA)) {
  26:Src/CANhandler.c **** 
  27:Src/CANhandler.c **** 	#ifdef CAN_STOP_LIGHT_RECEIVE
  28:Src/CANhandler.c **** 			if(hcan->pRxMsg->StdId == FAM_ACC_STOP_SW_ID){
  29:Src/CANhandler.c **** 				handle.data[DATA_STOP_LIGHT_LOCAL_ID]->data = hcan->pRxMsg->Data[DATA_STOP_SW_BYTEOFFSET];
  30:Src/CANhandler.c **** 				handle.data[DATA_STOP_LIGHT_LOCAL_ID]->updateTime = HAL_GetTick();
  31:Src/CANhandler.c **** 			}
  32:Src/CANhandler.c **** 	#endif
  33:Src/CANhandler.c **** 
  34:Src/CANhandler.c **** 
  35:Src/CANhandler.c **** 		}
  36:Src/CANhandler.c **** 		HAL_CAN_Receive_IT(hcan, CAN_FIFO0);
  36              		.loc 1 36 0
  37 0002 0021     		movs	r1, #0
  38 0004 FFF7FEFF 		bl	HAL_CAN_Receive_IT
  39              	.LVL1:
  37:Src/CANhandler.c **** }
  40              		.loc 1 37 0
  41              		@ sp needed
  42 0008 10BD     		pop	{r4, pc}
  43              		.cfi_endproc
  44              	.LFE35:
  46              		.section	.text.HAL_CAN_TxCpltCallback,"ax",%progbits
  47              		.align	1
  48              		.global	HAL_CAN_TxCpltCallback
  49              		.syntax unified
  50              		.code	16
  51              		.thumb_func
  52              		.fpu softvfp
  54              	HAL_CAN_TxCpltCallback:
  55              	.LFB36:
  38:Src/CANhandler.c **** 
  39:Src/CANhandler.c **** void HAL_CAN_TxCpltCallback(CAN_HandleTypeDef* hcan){
  56              		.loc 1 39 0
  57              		.cfi_startproc
  58              		@ args = 0, pretend = 0, frame = 0
  59              		@ frame_needed = 0, uses_anonymous_args = 0
  60              	.LVL2:
  61 0000 70B5     		push	{r4, r5, r6, lr}
  62              	.LCFI1:
  63              		.cfi_def_cfa_offset 16
  64              		.cfi_offset 4, -16
  65              		.cfi_offset 5, -12
  66              		.cfi_offset 6, -8
  67              		.cfi_offset 14, -4
  68 0002 0400     		movs	r4, r0
  40:Src/CANhandler.c **** 	intPending = 0;
  69              		.loc 1 40 0
  70 0004 0022     		movs	r2, #0
  71 0006 194B     		ldr	r3, .L5
  72 0008 1A70     		strb	r2, [r3]
  41:Src/CANhandler.c **** 
  42:Src/CANhandler.c **** 	if(0){
  43:Src/CANhandler.c **** 
  44:Src/CANhandler.c **** 	}
  45:Src/CANhandler.c **** #if defined(CAN_STOP_LIGHT_TRANSMIT) || defined(FAM_ACC_TRANSMIT)
ARM GAS  C:\Users\Wojciech\AppData\Local\Temp\ccEYxKPy.s 			page 3


  46:Src/CANhandler.c **** 	else if(handle.data[DATA_STOP_LIGHT_LOCAL_ID]->updateTime < HAL_GetTick() - FAM_ACC_STOP_SW_PERIOD
  73              		.loc 1 46 0
  74 000a 194B     		ldr	r3, .L5+4
  75 000c 1B68     		ldr	r3, [r3]
  76 000e 5D68     		ldr	r5, [r3, #4]
  77 0010 FFF7FEFF 		bl	HAL_GetTick
  78              	.LVL3:
  79 0014 0A38     		subs	r0, r0, #10
  80 0016 8542     		cmp	r5, r0
  81 0018 00D3     		bcc	.L4
  82              	.L2:
  47:Src/CANhandler.c **** 		handle.data[DATA_STOP_LIGHT_LOCAL_ID]->updateTime = HAL_GetTick();
  48:Src/CANhandler.c **** 		hcan->pTxMsg->IDE = CAN_ID_STD;
  49:Src/CANhandler.c **** 		hcan->pTxMsg->StdId = FAM_ACC_STOP_SW_ID;
  50:Src/CANhandler.c **** 		hcan->pTxMsg->RTR = CAN_RTR_DATA;
  51:Src/CANhandler.c **** 		hcan->pTxMsg->DLC = 7;
  52:Src/CANhandler.c **** 		hcan->pTxMsg->Data[DATA_STOP_SW_BYTEOFFSET] = handle.data[DATA_STOP_LIGHT_LOCAL_ID]->data;
  53:Src/CANhandler.c **** 		*((uint16_t *)(&(hcan->pTxMsg->Data[DATA_F_ACC_X_BYTEOFFSET]))) = handle.data[DATA_F_ACC_X_LOCAL_
  54:Src/CANhandler.c **** 		*((uint16_t *)(&(hcan->pTxMsg->Data[DATA_F_ACC_Y_BYTEOFFSET]))) = handle.data[DATA_F_ACC_Y_LOCAL_
  55:Src/CANhandler.c **** 		*((uint16_t *)(&(hcan->pTxMsg->Data[DATA_F_ACC_Z_BYTEOFFSET]))) = handle.data[DATA_F_ACC_Z_LOCAL_
  56:Src/CANhandler.c **** 		HAL_CAN_Transmit_IT(hcan);
  57:Src/CANhandler.c **** 		intPending = 1;
  58:Src/CANhandler.c **** 	}
  59:Src/CANhandler.c **** #endif
  60:Src/CANhandler.c **** #if  defined(CAN_GYR_TRANSMIT)
  61:Src/CANhandler.c **** 	else if(handle.data[DATA_F_GYR_Y_LOCAL_ID]->updateTime < HAL_GetTick() - FAM_GYRO_PERIOD){
  62:Src/CANhandler.c **** 		handle.data[DATA_F_GYR_Y_LOCAL_ID]->updateTime = HAL_GetTick();
  63:Src/CANhandler.c **** 		hcan->pTxMsg->IDE = CAN_ID_STD;
  64:Src/CANhandler.c **** 		hcan->pTxMsg->StdId = FAM_GYRO_ID;
  65:Src/CANhandler.c **** 		hcan->pTxMsg->RTR = CAN_RTR_DATA;
  66:Src/CANhandler.c **** 		hcan->pTxMsg->DLC = 6;
  67:Src/CANhandler.c **** 		*((uint16_t *)(&(hcan->pTxMsg->Data[DATA_F_GYR_X_BYTEOFFSET]))) = handle.data[DATA_F_GYR_X_LOCAL_
  68:Src/CANhandler.c **** 		*((uint16_t *)(&(hcan->pTxMsg->Data[DATA_F_GYR_Y_BYTEOFFSET]))) = handle.data[DATA_F_GYR_Y_LOCAL_
  69:Src/CANhandler.c **** 		*((uint16_t *)(&(hcan->pTxMsg->Data[DATA_F_GYR_Z_BYTEOFFSET]))) = handle.data[DATA_F_GYR_Z_LOCAL_
  70:Src/CANhandler.c **** 		HAL_CAN_Transmit_IT(hcan);
  71:Src/CANhandler.c **** 		intPending = 1;
  72:Src/CANhandler.c **** 	}
  73:Src/CANhandler.c **** #endif
  74:Src/CANhandler.c **** 
  75:Src/CANhandler.c **** 
  76:Src/CANhandler.c **** }
  83              		.loc 1 76 0
  84              		@ sp needed
  85              	.LVL4:
  86 001a 70BD     		pop	{r4, r5, r6, pc}
  87              	.LVL5:
  88              	.L4:
  47:Src/CANhandler.c **** 		handle.data[DATA_STOP_LIGHT_LOCAL_ID]->updateTime = HAL_GetTick();
  89              		.loc 1 47 0
  90 001c 144D     		ldr	r5, .L5+4
  91 001e 2E68     		ldr	r6, [r5]
  92 0020 FFF7FEFF 		bl	HAL_GetTick
  93              	.LVL6:
  94 0024 7060     		str	r0, [r6, #4]
  48:Src/CANhandler.c **** 		hcan->pTxMsg->StdId = FAM_ACC_STOP_SW_ID;
  95              		.loc 1 48 0
  96 0026 226B     		ldr	r2, [r4, #48]
ARM GAS  C:\Users\Wojciech\AppData\Local\Temp\ccEYxKPy.s 			page 4


  97 0028 0023     		movs	r3, #0
  98 002a 9360     		str	r3, [r2, #8]
  49:Src/CANhandler.c **** 		hcan->pTxMsg->RTR = CAN_RTR_DATA;
  99              		.loc 1 49 0
 100 002c 226B     		ldr	r2, [r4, #48]
 101 002e 8021     		movs	r1, #128
 102 0030 4900     		lsls	r1, r1, #1
 103 0032 1160     		str	r1, [r2]
  50:Src/CANhandler.c **** 		hcan->pTxMsg->DLC = 7;
 104              		.loc 1 50 0
 105 0034 226B     		ldr	r2, [r4, #48]
 106 0036 D360     		str	r3, [r2, #12]
  51:Src/CANhandler.c **** 		hcan->pTxMsg->Data[DATA_STOP_SW_BYTEOFFSET] = handle.data[DATA_STOP_LIGHT_LOCAL_ID]->data;
 107              		.loc 1 51 0
 108 0038 236B     		ldr	r3, [r4, #48]
 109 003a 0722     		movs	r2, #7
 110 003c 1A61     		str	r2, [r3, #16]
  52:Src/CANhandler.c **** 		*((uint16_t *)(&(hcan->pTxMsg->Data[DATA_F_ACC_X_BYTEOFFSET]))) = handle.data[DATA_F_ACC_X_LOCAL_
 111              		.loc 1 52 0
 112 003e 2B68     		ldr	r3, [r5]
 113 0040 1B88     		ldrh	r3, [r3]
 114 0042 226B     		ldr	r2, [r4, #48]
 115 0044 9376     		strb	r3, [r2, #26]
  53:Src/CANhandler.c **** 		*((uint16_t *)(&(hcan->pTxMsg->Data[DATA_F_ACC_Y_BYTEOFFSET]))) = handle.data[DATA_F_ACC_Y_LOCAL_
 116              		.loc 1 53 0
 117 0046 6B68     		ldr	r3, [r5, #4]
 118 0048 1B88     		ldrh	r3, [r3]
 119 004a 226B     		ldr	r2, [r4, #48]
 120 004c 9382     		strh	r3, [r2, #20]
  54:Src/CANhandler.c **** 		*((uint16_t *)(&(hcan->pTxMsg->Data[DATA_F_ACC_Z_BYTEOFFSET]))) = handle.data[DATA_F_ACC_Z_LOCAL_
 121              		.loc 1 54 0
 122 004e AB68     		ldr	r3, [r5, #8]
 123 0050 1B88     		ldrh	r3, [r3]
 124 0052 226B     		ldr	r2, [r4, #48]
 125 0054 D382     		strh	r3, [r2, #22]
  55:Src/CANhandler.c **** 		HAL_CAN_Transmit_IT(hcan);
 126              		.loc 1 55 0
 127 0056 EB68     		ldr	r3, [r5, #12]
 128 0058 1B88     		ldrh	r3, [r3]
 129 005a 226B     		ldr	r2, [r4, #48]
 130 005c 1383     		strh	r3, [r2, #24]
  56:Src/CANhandler.c **** 		intPending = 1;
 131              		.loc 1 56 0
 132 005e 2000     		movs	r0, r4
 133 0060 FFF7FEFF 		bl	HAL_CAN_Transmit_IT
 134              	.LVL7:
  57:Src/CANhandler.c **** 	}
 135              		.loc 1 57 0
 136 0064 0122     		movs	r2, #1
 137 0066 014B     		ldr	r3, .L5
 138 0068 1A70     		strb	r2, [r3]
 139              		.loc 1 76 0
 140 006a D6E7     		b	.L2
 141              	.L6:
 142              		.align	2
 143              	.L5:
 144 006c 00000000 		.word	intPending
ARM GAS  C:\Users\Wojciech\AppData\Local\Temp\ccEYxKPy.s 			page 5


 145 0070 00000000 		.word	handle
 146              		.cfi_endproc
 147              	.LFE36:
 149              		.section	.text.CANhandler_Init,"ax",%progbits
 150              		.align	1
 151              		.global	CANhandler_Init
 152              		.syntax unified
 153              		.code	16
 154              		.thumb_func
 155              		.fpu softvfp
 157              	CANhandler_Init:
 158              	.LFB37:
  77:Src/CANhandler.c **** 
  78:Src/CANhandler.c **** CAN_FilterConfTypeDef filterConfig;
  79:Src/CANhandler.c **** 
  80:Src/CANhandler.c **** void CANhandler_Init(void){
 159              		.loc 1 80 0
 160              		.cfi_startproc
 161              		@ args = 0, pretend = 0, frame = 0
 162              		@ frame_needed = 0, uses_anonymous_args = 0
 163 0000 70B5     		push	{r4, r5, r6, lr}
 164              	.LCFI2:
 165              		.cfi_def_cfa_offset 16
 166              		.cfi_offset 4, -16
 167              		.cfi_offset 5, -12
 168              		.cfi_offset 6, -8
 169              		.cfi_offset 14, -4
  81:Src/CANhandler.c **** 
  82:Src/CANhandler.c **** #if defined(CAN_STOP_LIGHT_TRANSMIT) || defined(CAN_STOP_LIGHT_RECEIVE)
  83:Src/CANhandler.c **** 	static CANhandler_data_t can_stop_light_value = {.data = 0, .dataValid = 0, .updateTime = 0};
  84:Src/CANhandler.c **** 	handle.data[DATA_STOP_LIGHT_LOCAL_ID] = &can_stop_light_value;
 170              		.loc 1 84 0
 171 0002 0E4A     		ldr	r2, .L8
 172 0004 0E4B     		ldr	r3, .L8+4
 173 0006 1A60     		str	r2, [r3]
  85:Src/CANhandler.c **** #endif
  86:Src/CANhandler.c **** 
  87:Src/CANhandler.c **** 
  88:Src/CANhandler.c **** 	filterConfig.BankNumber = 			0;	// Must be kept 0, only 1 bank in uc
 174              		.loc 1 88 0
 175 0008 0E49     		ldr	r1, .L8+8
 176 000a 0024     		movs	r4, #0
 177 000c 4C62     		str	r4, [r1, #36]
  89:Src/CANhandler.c **** 	filterConfig.FilterActivation = 	ENABLE;
 178              		.loc 1 89 0
 179 000e 0123     		movs	r3, #1
 180 0010 0B62     		str	r3, [r1, #32]
  90:Src/CANhandler.c **** 	filterConfig.FilterScale = 			CAN_FILTERSCALE_16BIT;
 181              		.loc 1 90 0
 182 0012 CC61     		str	r4, [r1, #28]
  91:Src/CANhandler.c **** 	filterConfig.FilterMode = 			CAN_FILTERMODE_IDMASK;
 183              		.loc 1 91 0
 184 0014 8C61     		str	r4, [r1, #24]
  92:Src/CANhandler.c **** 	filterConfig.FilterFIFOAssignment = CAN_FILTER_FIFO0;
 185              		.loc 1 92 0
 186 0016 0C61     		str	r4, [r1, #16]
  93:Src/CANhandler.c **** 
ARM GAS  C:\Users\Wojciech\AppData\Local\Temp\ccEYxKPy.s 			page 6


  94:Src/CANhandler.c **** 	filterConfig.FilterNumber = 		0;
 187              		.loc 1 94 0
 188 0018 4C61     		str	r4, [r1, #20]
  95:Src/CANhandler.c **** 
  96:Src/CANhandler.c **** 	filterConfig.FilterIdLow = 			FAM_ACC_STOP_SW_ID<<5;
 189              		.loc 1 96 0
 190 001a 8023     		movs	r3, #128
 191 001c 9B01     		lsls	r3, r3, #6
 192 001e 4B60     		str	r3, [r1, #4]
  97:Src/CANhandler.c **** 	filterConfig.FilterIdHigh = 		0;
 193              		.loc 1 97 0
 194 0020 0C60     		str	r4, [r1]
  98:Src/CANhandler.c **** 	filterConfig.FilterMaskIdLow = 		0;
 195              		.loc 1 98 0
 196 0022 CC60     		str	r4, [r1, #12]
  99:Src/CANhandler.c **** 	filterConfig.FilterMaskIdHigh = 	0;
 197              		.loc 1 99 0
 198 0024 8C60     		str	r4, [r1, #8]
 100:Src/CANhandler.c **** 
 101:Src/CANhandler.c **** 
 102:Src/CANhandler.c **** 	HAL_CAN_ConfigFilter(&hcan, &filterConfig);
 199              		.loc 1 102 0
 200 0026 084D     		ldr	r5, .L8+12
 201 0028 2800     		movs	r0, r5
 202 002a FFF7FEFF 		bl	HAL_CAN_ConfigFilter
 203              	.LVL8:
 103:Src/CANhandler.c **** 
 104:Src/CANhandler.c **** 	hcan.pRxMsg = (CanRxMsgTypeDef*) &rx_mes;
 204              		.loc 1 104 0
 205 002e 074B     		ldr	r3, .L8+16
 206 0030 6B63     		str	r3, [r5, #52]
 105:Src/CANhandler.c **** 	hcan.pTxMsg = (CanTxMsgTypeDef*) &tx_mes;
 207              		.loc 1 105 0
 208 0032 074B     		ldr	r3, .L8+20
 209 0034 2B63     		str	r3, [r5, #48]
 106:Src/CANhandler.c **** 	//HAL_CAN_Receive_IT(&hcan, CAN_FIFO0);
 107:Src/CANhandler.c **** //	hcan.pTxMsg->IDE = CAN_ID_STD;
 108:Src/CANhandler.c **** //	hcan.pTxMsg->StdId = FAM_DSI_ID;
 109:Src/CANhandler.c **** //	hcan.pTxMsg->RTR = CAN_RTR_DATA;
 110:Src/CANhandler.c **** //	hcan.pTxMsg->Data[0] = 0;
 111:Src/CANhandler.c **** //	hcan.pTxMsg->Data[1] = 0;
 112:Src/CANhandler.c **** //	hcan.pTxMsg->Data[2] = 0;
 113:Src/CANhandler.c **** //	hcan.pTxMsg->Data[3] = 0;
 114:Src/CANhandler.c **** //	hcan.pTxMsg->Data[4] = 0;
 115:Src/CANhandler.c **** //	hcan.pTxMsg->Data[5] = 0;
 116:Src/CANhandler.c **** //	hcan.pTxMsg->Data[6] = 0;
 117:Src/CANhandler.c **** //	hcan.pTxMsg->Data[7] = 0;
 118:Src/CANhandler.c **** 	intPending = 0;
 210              		.loc 1 118 0
 211 0036 074B     		ldr	r3, .L8+24
 212 0038 1C70     		strb	r4, [r3]
 119:Src/CANhandler.c **** }
 213              		.loc 1 119 0
 214              		@ sp needed
 215 003a 70BD     		pop	{r4, r5, r6, pc}
 216              	.L9:
 217              		.align	2
ARM GAS  C:\Users\Wojciech\AppData\Local\Temp\ccEYxKPy.s 			page 7


 218              	.L8:
 219 003c 00000000 		.word	.LANCHOR0
 220 0040 00000000 		.word	handle
 221 0044 00000000 		.word	filterConfig
 222 0048 00000000 		.word	hcan
 223 004c 00000000 		.word	rx_mes
 224 0050 00000000 		.word	tx_mes
 225 0054 00000000 		.word	intPending
 226              		.cfi_endproc
 227              	.LFE37:
 229              		.section	.text.CANhandler_Handler,"ax",%progbits
 230              		.align	1
 231              		.global	CANhandler_Handler
 232              		.syntax unified
 233              		.code	16
 234              		.thumb_func
 235              		.fpu softvfp
 237              	CANhandler_Handler:
 238              	.LFB38:
 120:Src/CANhandler.c **** 
 121:Src/CANhandler.c **** void CANhandler_Handler(void){
 239              		.loc 1 121 0
 240              		.cfi_startproc
 241              		@ args = 0, pretend = 0, frame = 0
 242              		@ frame_needed = 0, uses_anonymous_args = 0
 243 0000 70B5     		push	{r4, r5, r6, lr}
 244              	.LCFI3:
 245              		.cfi_def_cfa_offset 16
 246              		.cfi_offset 4, -16
 247              		.cfi_offset 5, -12
 248              		.cfi_offset 6, -8
 249              		.cfi_offset 14, -4
 122:Src/CANhandler.c **** 
 123:Src/CANhandler.c **** #ifdef CAN_STOP_LIGHT_RECEIVE
 124:Src/CANhandler.c **** 		handle.data[DATA_STOP_LIGHT_LOCAL_ID]->dataValid =
 125:Src/CANhandler.c **** 				(handle.data[DATA_STOP_LIGHT_LOCAL_ID]->updateTime > HAL_GetTick() - FAM_ACC_STOP_SW_PERIOD);
 126:Src/CANhandler.c **** #endif
 127:Src/CANhandler.c **** 
 128:Src/CANhandler.c **** 		if(intPending == 0){
 250              		.loc 1 128 0
 251 0002 1A4B     		ldr	r3, .L13
 252 0004 1B78     		ldrb	r3, [r3]
 253 0006 002B     		cmp	r3, #0
 254 0008 00D0     		beq	.L12
 255              	.L10:
 129:Src/CANhandler.c **** #if  defined(CAN_STOP_LIGHT_TRANSMIT) || defined(CAN_ACC_TRANSMIT)
 130:Src/CANhandler.c **** 			if(handle.data[DATA_STOP_LIGHT_LOCAL_ID]->updateTime < HAL_GetTick() - FAM_ACC_STOP_SW_PERIOD){
 131:Src/CANhandler.c **** 				handle.data[DATA_STOP_LIGHT_LOCAL_ID]->updateTime = HAL_GetTick();
 132:Src/CANhandler.c **** 				hcan.pTxMsg->IDE = CAN_ID_STD;
 133:Src/CANhandler.c **** 				hcan.pTxMsg->StdId = FAM_ACC_STOP_SW_ID;
 134:Src/CANhandler.c **** 				hcan.pTxMsg->RTR = CAN_RTR_DATA;
 135:Src/CANhandler.c **** 				hcan.pTxMsg->DLC = 7;
 136:Src/CANhandler.c **** 				hcan.pTxMsg->Data[DATA_STOP_SW_BYTEOFFSET] = handle.data[DATA_STOP_LIGHT_LOCAL_ID]->data;
 137:Src/CANhandler.c **** 				*((uint16_t *)(&(hcan.pTxMsg->Data[DATA_F_ACC_X_BYTEOFFSET]))) = handle.data[DATA_F_ACC_X_LOCAL
 138:Src/CANhandler.c **** 				*((uint16_t *)(&(hcan.pTxMsg->Data[DATA_F_ACC_Y_BYTEOFFSET]))) = handle.data[DATA_F_ACC_Y_LOCAL
 139:Src/CANhandler.c **** 				*((uint16_t *)(&(hcan.pTxMsg->Data[DATA_F_ACC_Z_BYTEOFFSET]))) = handle.data[DATA_F_ACC_Z_LOCAL
 140:Src/CANhandler.c **** 				HAL_CAN_Transmit_IT(&hcan);
ARM GAS  C:\Users\Wojciech\AppData\Local\Temp\ccEYxKPy.s 			page 8


 141:Src/CANhandler.c **** 				intPending = 1;
 142:Src/CANhandler.c **** 			}
 143:Src/CANhandler.c **** #endif
 144:Src/CANhandler.c **** 
 145:Src/CANhandler.c **** #if  defined(CAN_GYR_TRANSMIT)
 146:Src/CANhandler.c **** 			else if(handle.data[DATA_F_GYR_Y_LOCAL_ID]->updateTime < HAL_GetTick() - FAM_GYRO_PERIOD){
 147:Src/CANhandler.c **** 				handle.data[DATA_F_GYR_Y_LOCAL_ID]->updateTime = HAL_GetTick();
 148:Src/CANhandler.c **** 				hcan.pTxMsg->IDE = CAN_ID_STD;
 149:Src/CANhandler.c **** 				hcan.pTxMsg->StdId = FAM_GYRO_ID;
 150:Src/CANhandler.c **** 				hcan.pTxMsg->RTR = CAN_RTR_DATA;
 151:Src/CANhandler.c **** 				hcan.pTxMsg->DLC = 6;
 152:Src/CANhandler.c **** 				*((uint16_t *)(&(hcan.pTxMsg->Data[DATA_F_GYR_X_BYTEOFFSET]))) = handle.data[DATA_F_GYR_X_LOCAL
 153:Src/CANhandler.c **** 				*((uint16_t *)(&(hcan.pTxMsg->Data[DATA_F_GYR_Y_BYTEOFFSET]))) = handle.data[DATA_F_GYR_Y_LOCAL
 154:Src/CANhandler.c **** 				*((uint16_t *)(&(hcan.pTxMsg->Data[DATA_F_GYR_Z_BYTEOFFSET]))) = handle.data[DATA_F_GYR_Z_LOCAL
 155:Src/CANhandler.c **** 				HAL_CAN_Transmit_IT(&hcan);
 156:Src/CANhandler.c **** 				intPending = 1;
 157:Src/CANhandler.c **** 			}
 158:Src/CANhandler.c **** #endif
 159:Src/CANhandler.c **** 		}
 160:Src/CANhandler.c **** }
 256              		.loc 1 160 0
 257              		@ sp needed
 258 000a 70BD     		pop	{r4, r5, r6, pc}
 259              	.L12:
 130:Src/CANhandler.c **** 				handle.data[DATA_STOP_LIGHT_LOCAL_ID]->updateTime = HAL_GetTick();
 260              		.loc 1 130 0
 261 000c 184B     		ldr	r3, .L13+4
 262 000e 1B68     		ldr	r3, [r3]
 263 0010 5C68     		ldr	r4, [r3, #4]
 264 0012 FFF7FEFF 		bl	HAL_GetTick
 265              	.LVL9:
 266 0016 0A38     		subs	r0, r0, #10
 267 0018 8442     		cmp	r4, r0
 268 001a F6D2     		bcs	.L10
 131:Src/CANhandler.c **** 				hcan.pTxMsg->IDE = CAN_ID_STD;
 269              		.loc 1 131 0
 270 001c 144C     		ldr	r4, .L13+4
 271 001e 2568     		ldr	r5, [r4]
 272 0020 FFF7FEFF 		bl	HAL_GetTick
 273              	.LVL10:
 274 0024 6860     		str	r0, [r5, #4]
 132:Src/CANhandler.c **** 				hcan.pTxMsg->StdId = FAM_ACC_STOP_SW_ID;
 275              		.loc 1 132 0
 276 0026 1348     		ldr	r0, .L13+8
 277 0028 026B     		ldr	r2, [r0, #48]
 278 002a 0023     		movs	r3, #0
 279 002c 9360     		str	r3, [r2, #8]
 133:Src/CANhandler.c **** 				hcan.pTxMsg->RTR = CAN_RTR_DATA;
 280              		.loc 1 133 0
 281 002e 026B     		ldr	r2, [r0, #48]
 282 0030 8021     		movs	r1, #128
 283 0032 4900     		lsls	r1, r1, #1
 284 0034 1160     		str	r1, [r2]
 134:Src/CANhandler.c **** 				hcan.pTxMsg->DLC = 7;
 285              		.loc 1 134 0
 286 0036 026B     		ldr	r2, [r0, #48]
 287 0038 D360     		str	r3, [r2, #12]
ARM GAS  C:\Users\Wojciech\AppData\Local\Temp\ccEYxKPy.s 			page 9


 135:Src/CANhandler.c **** 				hcan.pTxMsg->Data[DATA_STOP_SW_BYTEOFFSET] = handle.data[DATA_STOP_LIGHT_LOCAL_ID]->data;
 288              		.loc 1 135 0
 289 003a 036B     		ldr	r3, [r0, #48]
 290 003c 0722     		movs	r2, #7
 291 003e 1A61     		str	r2, [r3, #16]
 136:Src/CANhandler.c **** 				*((uint16_t *)(&(hcan.pTxMsg->Data[DATA_F_ACC_X_BYTEOFFSET]))) = handle.data[DATA_F_ACC_X_LOCAL
 292              		.loc 1 136 0
 293 0040 2368     		ldr	r3, [r4]
 294 0042 1B88     		ldrh	r3, [r3]
 295 0044 026B     		ldr	r2, [r0, #48]
 296 0046 9376     		strb	r3, [r2, #26]
 137:Src/CANhandler.c **** 				*((uint16_t *)(&(hcan.pTxMsg->Data[DATA_F_ACC_Y_BYTEOFFSET]))) = handle.data[DATA_F_ACC_Y_LOCAL
 297              		.loc 1 137 0
 298 0048 6368     		ldr	r3, [r4, #4]
 299 004a 1B88     		ldrh	r3, [r3]
 300 004c 026B     		ldr	r2, [r0, #48]
 301 004e 9382     		strh	r3, [r2, #20]
 138:Src/CANhandler.c **** 				*((uint16_t *)(&(hcan.pTxMsg->Data[DATA_F_ACC_Z_BYTEOFFSET]))) = handle.data[DATA_F_ACC_Z_LOCAL
 302              		.loc 1 138 0
 303 0050 A368     		ldr	r3, [r4, #8]
 304 0052 1B88     		ldrh	r3, [r3]
 305 0054 026B     		ldr	r2, [r0, #48]
 306 0056 D382     		strh	r3, [r2, #22]
 139:Src/CANhandler.c **** 				HAL_CAN_Transmit_IT(&hcan);
 307              		.loc 1 139 0
 308 0058 E368     		ldr	r3, [r4, #12]
 309 005a 1B88     		ldrh	r3, [r3]
 310 005c 026B     		ldr	r2, [r0, #48]
 311 005e 1383     		strh	r3, [r2, #24]
 140:Src/CANhandler.c **** 				intPending = 1;
 312              		.loc 1 140 0
 313 0060 FFF7FEFF 		bl	HAL_CAN_Transmit_IT
 314              	.LVL11:
 141:Src/CANhandler.c **** 			}
 315              		.loc 1 141 0
 316 0064 0122     		movs	r2, #1
 317 0066 014B     		ldr	r3, .L13
 318 0068 1A70     		strb	r2, [r3]
 319              		.loc 1 160 0
 320 006a CEE7     		b	.L10
 321              	.L14:
 322              		.align	2
 323              	.L13:
 324 006c 00000000 		.word	intPending
 325 0070 00000000 		.word	handle
 326 0074 00000000 		.word	hcan
 327              		.cfi_endproc
 328              	.LFE38:
 330              		.comm	filterConfig,40,4
 331              		.comm	intPending,1,1
 332              		.comm	tx_mes,28,4
 333              		.comm	rx_mes,36,4
 334              		.comm	handle,200,4
 335              		.section	.bss.can_stop_light_value.6979,"aw",%nobits
 336              		.align	2
 337              		.set	.LANCHOR0,. + 0
 340              	can_stop_light_value.6979:
ARM GAS  C:\Users\Wojciech\AppData\Local\Temp\ccEYxKPy.s 			page 10


 341 0000 00000000 		.space	12
 341      00000000 
 341      00000000 
 342              		.text
 343              	.Letext0:
 344              		.file 2 "c:\\program files (x86)\\gnu tools arm embedded\\6 2017-q2-update\\arm-none-eabi\\include
 345              		.file 3 "c:\\program files (x86)\\gnu tools arm embedded\\6 2017-q2-update\\arm-none-eabi\\include
 346              		.file 4 "Drivers/CMSIS/Device/ST/STM32F0xx/Include/system_stm32f0xx.h"
 347              		.file 5 "Drivers/CMSIS/Device/ST/STM32F0xx/Include/stm32f042x6.h"
 348              		.file 6 "c:\\program files (x86)\\gnu tools arm embedded\\6 2017-q2-update\\arm-none-eabi\\include
 349              		.file 7 "c:\\program files (x86)\\gnu tools arm embedded\\6 2017-q2-update\\arm-none-eabi\\include
 350              		.file 8 "c:\\program files (x86)\\gnu tools arm embedded\\6 2017-q2-update\\lib\\gcc\\arm-none-eab
 351              		.file 9 "c:\\program files (x86)\\gnu tools arm embedded\\6 2017-q2-update\\arm-none-eabi\\include
 352              		.file 10 "Drivers/CMSIS/Device/ST/STM32F0xx/Include/stm32f0xx.h"
 353              		.file 11 "Drivers/STM32F0xx_HAL_Driver/Inc/stm32f0xx_hal_def.h"
 354              		.file 12 "Drivers/STM32F0xx_HAL_Driver/Inc/stm32f0xx_hal_can.h"
 355              		.file 13 "Inc/can.h"
 356              		.file 14 "Inc/CANhandler.h"
 357              		.file 15 "Drivers/STM32F0xx_HAL_Driver/Inc/stm32f0xx_hal.h"
ARM GAS  C:\Users\Wojciech\AppData\Local\Temp\ccEYxKPy.s 			page 11


DEFINED SYMBOLS
                            *ABS*:00000000 CANhandler.c
C:\Users\Wojciech\AppData\Local\Temp\ccEYxKPy.s:16     .text.HAL_CAN_RxCpltCallback:00000000 $t
C:\Users\Wojciech\AppData\Local\Temp\ccEYxKPy.s:23     .text.HAL_CAN_RxCpltCallback:00000000 HAL_CAN_RxCpltCallback
C:\Users\Wojciech\AppData\Local\Temp\ccEYxKPy.s:47     .text.HAL_CAN_TxCpltCallback:00000000 $t
C:\Users\Wojciech\AppData\Local\Temp\ccEYxKPy.s:54     .text.HAL_CAN_TxCpltCallback:00000000 HAL_CAN_TxCpltCallback
C:\Users\Wojciech\AppData\Local\Temp\ccEYxKPy.s:144    .text.HAL_CAN_TxCpltCallback:0000006c $d
                            *COM*:00000001 intPending
                            *COM*:000000c8 handle
C:\Users\Wojciech\AppData\Local\Temp\ccEYxKPy.s:150    .text.CANhandler_Init:00000000 $t
C:\Users\Wojciech\AppData\Local\Temp\ccEYxKPy.s:157    .text.CANhandler_Init:00000000 CANhandler_Init
C:\Users\Wojciech\AppData\Local\Temp\ccEYxKPy.s:219    .text.CANhandler_Init:0000003c $d
                            *COM*:00000028 filterConfig
                            *COM*:00000024 rx_mes
                            *COM*:0000001c tx_mes
C:\Users\Wojciech\AppData\Local\Temp\ccEYxKPy.s:230    .text.CANhandler_Handler:00000000 $t
C:\Users\Wojciech\AppData\Local\Temp\ccEYxKPy.s:237    .text.CANhandler_Handler:00000000 CANhandler_Handler
C:\Users\Wojciech\AppData\Local\Temp\ccEYxKPy.s:324    .text.CANhandler_Handler:0000006c $d
C:\Users\Wojciech\AppData\Local\Temp\ccEYxKPy.s:336    .bss.can_stop_light_value.6979:00000000 $d
C:\Users\Wojciech\AppData\Local\Temp\ccEYxKPy.s:340    .bss.can_stop_light_value.6979:00000000 can_stop_light_value.6979
                     .debug_frame:00000010 $d

UNDEFINED SYMBOLS
HAL_CAN_Receive_IT
HAL_GetTick
HAL_CAN_Transmit_IT
HAL_CAN_ConfigFilter
hcan
