ARM GAS  C:\Users\Wojciech\AppData\Local\Temp\cca5gKB5.s 			page 1


   1              		.cpu cortex-m0
   2              		.eabi_attribute 20, 1
   3              		.eabi_attribute 21, 1
   4              		.eabi_attribute 23, 3
   5              		.eabi_attribute 24, 1
   6              		.eabi_attribute 25, 1
   7              		.eabi_attribute 26, 1
   8              		.eabi_attribute 30, 1
   9              		.eabi_attribute 34, 0
  10              		.eabi_attribute 18, 4
  11              		.file	"stm32f0xx_hal_msp.c"
  12              		.text
  13              	.Ltext0:
  14              		.cfi_sections	.debug_frame
  15              		.section	.text.HAL_MspInit,"ax",%progbits
  16              		.align	1
  17              		.global	HAL_MspInit
  18              		.syntax unified
  19              		.code	16
  20              		.thumb_func
  21              		.fpu softvfp
  23              	HAL_MspInit:
  24              	.LFB35:
  25              		.file 1 "Src/stm32f0xx_hal_msp.c"
   1:Src/stm32f0xx_hal_msp.c **** /**
   2:Src/stm32f0xx_hal_msp.c ****   ******************************************************************************
   3:Src/stm32f0xx_hal_msp.c ****   * File Name          : stm32f0xx_hal_msp.c
   4:Src/stm32f0xx_hal_msp.c ****   * Description        : This file provides code for the MSP Initialization 
   5:Src/stm32f0xx_hal_msp.c ****   *                      and de-Initialization codes.
   6:Src/stm32f0xx_hal_msp.c ****   ******************************************************************************
   7:Src/stm32f0xx_hal_msp.c ****   ** This notice applies to any and all portions of this file
   8:Src/stm32f0xx_hal_msp.c ****   * that are not between comment pairs USER CODE BEGIN and
   9:Src/stm32f0xx_hal_msp.c ****   * USER CODE END. Other portions of this file, whether 
  10:Src/stm32f0xx_hal_msp.c ****   * inserted by the user or by software development tools
  11:Src/stm32f0xx_hal_msp.c ****   * are owned by their respective copyright owners.
  12:Src/stm32f0xx_hal_msp.c ****   *
  13:Src/stm32f0xx_hal_msp.c ****   * COPYRIGHT(c) 2017 STMicroelectronics
  14:Src/stm32f0xx_hal_msp.c ****   *
  15:Src/stm32f0xx_hal_msp.c ****   * Redistribution and use in source and binary forms, with or without modification,
  16:Src/stm32f0xx_hal_msp.c ****   * are permitted provided that the following conditions are met:
  17:Src/stm32f0xx_hal_msp.c ****   *   1. Redistributions of source code must retain the above copyright notice,
  18:Src/stm32f0xx_hal_msp.c ****   *      this list of conditions and the following disclaimer.
  19:Src/stm32f0xx_hal_msp.c ****   *   2. Redistributions in binary form must reproduce the above copyright notice,
  20:Src/stm32f0xx_hal_msp.c ****   *      this list of conditions and the following disclaimer in the documentation
  21:Src/stm32f0xx_hal_msp.c ****   *      and/or other materials provided with the distribution.
  22:Src/stm32f0xx_hal_msp.c ****   *   3. Neither the name of STMicroelectronics nor the names of its contributors
  23:Src/stm32f0xx_hal_msp.c ****   *      may be used to endorse or promote products derived from this software
  24:Src/stm32f0xx_hal_msp.c ****   *      without specific prior written permission.
  25:Src/stm32f0xx_hal_msp.c ****   *
  26:Src/stm32f0xx_hal_msp.c ****   * THIS SOFTWARE IS PROVIDED BY THE COPYRIGHT HOLDERS AND CONTRIBUTORS "AS IS"
  27:Src/stm32f0xx_hal_msp.c ****   * AND ANY EXPRESS OR IMPLIED WARRANTIES, INCLUDING, BUT NOT LIMITED TO, THE
  28:Src/stm32f0xx_hal_msp.c ****   * IMPLIED WARRANTIES OF MERCHANTABILITY AND FITNESS FOR A PARTICULAR PURPOSE ARE
  29:Src/stm32f0xx_hal_msp.c ****   * DISCLAIMED. IN NO EVENT SHALL THE COPYRIGHT HOLDER OR CONTRIBUTORS BE LIABLE
  30:Src/stm32f0xx_hal_msp.c ****   * FOR ANY DIRECT, INDIRECT, INCIDENTAL, SPECIAL, EXEMPLARY, OR CONSEQUENTIAL
  31:Src/stm32f0xx_hal_msp.c ****   * DAMAGES (INCLUDING, BUT NOT LIMITED TO, PROCUREMENT OF SUBSTITUTE GOODS OR
  32:Src/stm32f0xx_hal_msp.c ****   * SERVICES; LOSS OF USE, DATA, OR PROFITS; OR BUSINESS INTERRUPTION) HOWEVER
  33:Src/stm32f0xx_hal_msp.c ****   * CAUSED AND ON ANY THEORY OF LIABILITY, WHETHER IN CONTRACT, STRICT LIABILITY,
ARM GAS  C:\Users\Wojciech\AppData\Local\Temp\cca5gKB5.s 			page 2


  34:Src/stm32f0xx_hal_msp.c ****   * OR TORT (INCLUDING NEGLIGENCE OR OTHERWISE) ARISING IN ANY WAY OUT OF THE USE
  35:Src/stm32f0xx_hal_msp.c ****   * OF THIS SOFTWARE, EVEN IF ADVISED OF THE POSSIBILITY OF SUCH DAMAGE.
  36:Src/stm32f0xx_hal_msp.c ****   *
  37:Src/stm32f0xx_hal_msp.c ****   ******************************************************************************
  38:Src/stm32f0xx_hal_msp.c ****   */
  39:Src/stm32f0xx_hal_msp.c **** /* Includes ------------------------------------------------------------------*/
  40:Src/stm32f0xx_hal_msp.c **** #include "stm32f0xx_hal.h"
  41:Src/stm32f0xx_hal_msp.c **** 
  42:Src/stm32f0xx_hal_msp.c **** extern void _Error_Handler(char *, int);
  43:Src/stm32f0xx_hal_msp.c **** /* USER CODE BEGIN 0 */
  44:Src/stm32f0xx_hal_msp.c **** 
  45:Src/stm32f0xx_hal_msp.c **** /* USER CODE END 0 */
  46:Src/stm32f0xx_hal_msp.c **** /**
  47:Src/stm32f0xx_hal_msp.c ****   * Initializes the Global MSP.
  48:Src/stm32f0xx_hal_msp.c ****   */
  49:Src/stm32f0xx_hal_msp.c **** void HAL_MspInit(void)
  50:Src/stm32f0xx_hal_msp.c **** {
  26              		.loc 1 50 0
  27              		.cfi_startproc
  28              		@ args = 0, pretend = 0, frame = 8
  29              		@ frame_needed = 0, uses_anonymous_args = 0
  30 0000 00B5     		push	{lr}
  31              	.LCFI0:
  32              		.cfi_def_cfa_offset 4
  33              		.cfi_offset 14, -4
  34 0002 83B0     		sub	sp, sp, #12
  35              	.LCFI1:
  36              		.cfi_def_cfa_offset 16
  37              	.LBB2:
  51:Src/stm32f0xx_hal_msp.c ****   /* USER CODE BEGIN MspInit 0 */
  52:Src/stm32f0xx_hal_msp.c **** 
  53:Src/stm32f0xx_hal_msp.c ****   /* USER CODE END MspInit 0 */
  54:Src/stm32f0xx_hal_msp.c **** 
  55:Src/stm32f0xx_hal_msp.c ****   __HAL_RCC_SYSCFG_CLK_ENABLE();
  38              		.loc 1 55 0
  39 0004 0E4A     		ldr	r2, .L2
  40 0006 9169     		ldr	r1, [r2, #24]
  41 0008 0123     		movs	r3, #1
  42 000a 1943     		orrs	r1, r3
  43 000c 9161     		str	r1, [r2, #24]
  44 000e 9269     		ldr	r2, [r2, #24]
  45 0010 1340     		ands	r3, r2
  46 0012 0193     		str	r3, [sp, #4]
  47 0014 019B     		ldr	r3, [sp, #4]
  48              	.LBE2:
  56:Src/stm32f0xx_hal_msp.c **** 
  57:Src/stm32f0xx_hal_msp.c ****   /* System interrupt init*/
  58:Src/stm32f0xx_hal_msp.c ****   /* SVC_IRQn interrupt configuration */
  59:Src/stm32f0xx_hal_msp.c ****   HAL_NVIC_SetPriority(SVC_IRQn, 0, 0);
  49              		.loc 1 59 0
  50 0016 0022     		movs	r2, #0
  51 0018 0021     		movs	r1, #0
  52 001a 0520     		movs	r0, #5
  53 001c 4042     		rsbs	r0, r0, #0
  54 001e FFF7FEFF 		bl	HAL_NVIC_SetPriority
  55              	.LVL0:
  60:Src/stm32f0xx_hal_msp.c ****   /* PendSV_IRQn interrupt configuration */
ARM GAS  C:\Users\Wojciech\AppData\Local\Temp\cca5gKB5.s 			page 3


  61:Src/stm32f0xx_hal_msp.c ****   HAL_NVIC_SetPriority(PendSV_IRQn, 0, 0);
  56              		.loc 1 61 0
  57 0022 0022     		movs	r2, #0
  58 0024 0021     		movs	r1, #0
  59 0026 0220     		movs	r0, #2
  60 0028 4042     		rsbs	r0, r0, #0
  61 002a FFF7FEFF 		bl	HAL_NVIC_SetPriority
  62              	.LVL1:
  62:Src/stm32f0xx_hal_msp.c ****   /* SysTick_IRQn interrupt configuration */
  63:Src/stm32f0xx_hal_msp.c ****   HAL_NVIC_SetPriority(SysTick_IRQn, 0, 0);
  63              		.loc 1 63 0
  64 002e 0022     		movs	r2, #0
  65 0030 0021     		movs	r1, #0
  66 0032 0120     		movs	r0, #1
  67 0034 4042     		rsbs	r0, r0, #0
  68 0036 FFF7FEFF 		bl	HAL_NVIC_SetPriority
  69              	.LVL2:
  64:Src/stm32f0xx_hal_msp.c **** 
  65:Src/stm32f0xx_hal_msp.c ****   /* USER CODE BEGIN MspInit 1 */
  66:Src/stm32f0xx_hal_msp.c **** 
  67:Src/stm32f0xx_hal_msp.c ****   /* USER CODE END MspInit 1 */
  68:Src/stm32f0xx_hal_msp.c **** }
  70              		.loc 1 68 0
  71 003a 03B0     		add	sp, sp, #12
  72              		@ sp needed
  73 003c 00BD     		pop	{pc}
  74              	.L3:
  75 003e C046     		.align	2
  76              	.L2:
  77 0040 00100240 		.word	1073876992
  78              		.cfi_endproc
  79              	.LFE35:
  81              		.text
  82              	.Letext0:
  83              		.file 2 "c:\\program files (x86)\\gnu tools arm embedded\\6 2017-q2-update\\arm-none-eabi\\include
  84              		.file 3 "c:\\program files (x86)\\gnu tools arm embedded\\6 2017-q2-update\\arm-none-eabi\\include
  85              		.file 4 "Drivers/CMSIS/Device/ST/STM32F0xx/Include/system_stm32f0xx.h"
  86              		.file 5 "Drivers/CMSIS/Device/ST/STM32F0xx/Include/stm32f042x6.h"
  87              		.file 6 "c:\\program files (x86)\\gnu tools arm embedded\\6 2017-q2-update\\arm-none-eabi\\include
  88              		.file 7 "c:\\program files (x86)\\gnu tools arm embedded\\6 2017-q2-update\\arm-none-eabi\\include
  89              		.file 8 "c:\\program files (x86)\\gnu tools arm embedded\\6 2017-q2-update\\lib\\gcc\\arm-none-eab
  90              		.file 9 "c:\\program files (x86)\\gnu tools arm embedded\\6 2017-q2-update\\arm-none-eabi\\include
  91              		.file 10 "Drivers/STM32F0xx_HAL_Driver/Inc/stm32f0xx_hal_cortex.h"
ARM GAS  C:\Users\Wojciech\AppData\Local\Temp\cca5gKB5.s 			page 4


DEFINED SYMBOLS
                            *ABS*:00000000 stm32f0xx_hal_msp.c
C:\Users\Wojciech\AppData\Local\Temp\cca5gKB5.s:16     .text.HAL_MspInit:00000000 $t
C:\Users\Wojciech\AppData\Local\Temp\cca5gKB5.s:23     .text.HAL_MspInit:00000000 HAL_MspInit
C:\Users\Wojciech\AppData\Local\Temp\cca5gKB5.s:77     .text.HAL_MspInit:00000040 $d
                     .debug_frame:00000010 $d

UNDEFINED SYMBOLS
HAL_NVIC_SetPriority
