ARM GAS  C:\Users\Wojciech\AppData\Local\Temp\ccoSSshb.s 			page 1


   1              		.cpu cortex-m0
   2              		.eabi_attribute 20, 1
   3              		.eabi_attribute 21, 1
   4              		.eabi_attribute 23, 3
   5              		.eabi_attribute 24, 1
   6              		.eabi_attribute 25, 1
   7              		.eabi_attribute 26, 1
   8              		.eabi_attribute 30, 1
   9              		.eabi_attribute 34, 0
  10              		.eabi_attribute 18, 4
  11              		.file	"stm32f0xx_hal.c"
  12              		.text
  13              	.Ltext0:
  14              		.cfi_sections	.debug_frame
  15              		.section	.text.HAL_MspInit,"ax",%progbits
  16              		.align	1
  17              		.weak	HAL_MspInit
  18              		.syntax unified
  19              		.code	16
  20              		.thumb_func
  21              		.fpu softvfp
  23              	HAL_MspInit:
  24              	.LFB37:
  25              		.file 1 "Drivers/STM32F0xx_HAL_Driver/Src/stm32f0xx_hal.c"
   1:Drivers/STM32F0xx_HAL_Driver/Src/stm32f0xx_hal.c **** /**
   2:Drivers/STM32F0xx_HAL_Driver/Src/stm32f0xx_hal.c ****   ******************************************************************************
   3:Drivers/STM32F0xx_HAL_Driver/Src/stm32f0xx_hal.c ****   * @file    stm32f0xx_hal.c
   4:Drivers/STM32F0xx_HAL_Driver/Src/stm32f0xx_hal.c ****   * @author  MCD Application Team
   5:Drivers/STM32F0xx_HAL_Driver/Src/stm32f0xx_hal.c ****   * @brief   HAL module driver.
   6:Drivers/STM32F0xx_HAL_Driver/Src/stm32f0xx_hal.c ****   *          This is the common part of the HAL initialization
   7:Drivers/STM32F0xx_HAL_Driver/Src/stm32f0xx_hal.c ****   *
   8:Drivers/STM32F0xx_HAL_Driver/Src/stm32f0xx_hal.c ****   @verbatim
   9:Drivers/STM32F0xx_HAL_Driver/Src/stm32f0xx_hal.c ****   ==============================================================================
  10:Drivers/STM32F0xx_HAL_Driver/Src/stm32f0xx_hal.c ****                      ##### How to use this driver #####
  11:Drivers/STM32F0xx_HAL_Driver/Src/stm32f0xx_hal.c ****   ==============================================================================
  12:Drivers/STM32F0xx_HAL_Driver/Src/stm32f0xx_hal.c ****     [..]
  13:Drivers/STM32F0xx_HAL_Driver/Src/stm32f0xx_hal.c ****     The common HAL driver contains a set of generic and common APIs that can be
  14:Drivers/STM32F0xx_HAL_Driver/Src/stm32f0xx_hal.c ****     used by the PPP peripheral drivers and the user to start using the HAL. 
  15:Drivers/STM32F0xx_HAL_Driver/Src/stm32f0xx_hal.c ****     [..]
  16:Drivers/STM32F0xx_HAL_Driver/Src/stm32f0xx_hal.c ****     The HAL contains two APIs categories:
  17:Drivers/STM32F0xx_HAL_Driver/Src/stm32f0xx_hal.c ****          (+) HAL Initialization and de-initialization functions
  18:Drivers/STM32F0xx_HAL_Driver/Src/stm32f0xx_hal.c ****          (+) HAL Control functions
  19:Drivers/STM32F0xx_HAL_Driver/Src/stm32f0xx_hal.c **** 
  20:Drivers/STM32F0xx_HAL_Driver/Src/stm32f0xx_hal.c ****   @endverbatim
  21:Drivers/STM32F0xx_HAL_Driver/Src/stm32f0xx_hal.c ****   ******************************************************************************
  22:Drivers/STM32F0xx_HAL_Driver/Src/stm32f0xx_hal.c ****   * @attention
  23:Drivers/STM32F0xx_HAL_Driver/Src/stm32f0xx_hal.c ****   *
  24:Drivers/STM32F0xx_HAL_Driver/Src/stm32f0xx_hal.c ****   * <h2><center>&copy; COPYRIGHT(c) 2016 STMicroelectronics</center></h2>
  25:Drivers/STM32F0xx_HAL_Driver/Src/stm32f0xx_hal.c ****   *
  26:Drivers/STM32F0xx_HAL_Driver/Src/stm32f0xx_hal.c ****   * Redistribution and use in source and binary forms, with or without modification,
  27:Drivers/STM32F0xx_HAL_Driver/Src/stm32f0xx_hal.c ****   * are permitted provided that the following conditions are met:
  28:Drivers/STM32F0xx_HAL_Driver/Src/stm32f0xx_hal.c ****   *   1. Redistributions of source code must retain the above copyright notice,
  29:Drivers/STM32F0xx_HAL_Driver/Src/stm32f0xx_hal.c ****   *      this list of conditions and the following disclaimer.
  30:Drivers/STM32F0xx_HAL_Driver/Src/stm32f0xx_hal.c ****   *   2. Redistributions in binary form must reproduce the above copyright notice,
  31:Drivers/STM32F0xx_HAL_Driver/Src/stm32f0xx_hal.c ****   *      this list of conditions and the following disclaimer in the documentation
  32:Drivers/STM32F0xx_HAL_Driver/Src/stm32f0xx_hal.c ****   *      and/or other materials provided with the distribution.
  33:Drivers/STM32F0xx_HAL_Driver/Src/stm32f0xx_hal.c ****   *   3. Neither the name of STMicroelectronics nor the names of its contributors
ARM GAS  C:\Users\Wojciech\AppData\Local\Temp\ccoSSshb.s 			page 2


  34:Drivers/STM32F0xx_HAL_Driver/Src/stm32f0xx_hal.c ****   *      may be used to endorse or promote products derived from this software
  35:Drivers/STM32F0xx_HAL_Driver/Src/stm32f0xx_hal.c ****   *      without specific prior written permission.
  36:Drivers/STM32F0xx_HAL_Driver/Src/stm32f0xx_hal.c ****   *
  37:Drivers/STM32F0xx_HAL_Driver/Src/stm32f0xx_hal.c ****   * THIS SOFTWARE IS PROVIDED BY THE COPYRIGHT HOLDERS AND CONTRIBUTORS "AS IS"
  38:Drivers/STM32F0xx_HAL_Driver/Src/stm32f0xx_hal.c ****   * AND ANY EXPRESS OR IMPLIED WARRANTIES, INCLUDING, BUT NOT LIMITED TO, THE
  39:Drivers/STM32F0xx_HAL_Driver/Src/stm32f0xx_hal.c ****   * IMPLIED WARRANTIES OF MERCHANTABILITY AND FITNESS FOR A PARTICULAR PURPOSE ARE
  40:Drivers/STM32F0xx_HAL_Driver/Src/stm32f0xx_hal.c ****   * DISCLAIMED. IN NO EVENT SHALL THE COPYRIGHT HOLDER OR CONTRIBUTORS BE LIABLE
  41:Drivers/STM32F0xx_HAL_Driver/Src/stm32f0xx_hal.c ****   * FOR ANY DIRECT, INDIRECT, INCIDENTAL, SPECIAL, EXEMPLARY, OR CONSEQUENTIAL
  42:Drivers/STM32F0xx_HAL_Driver/Src/stm32f0xx_hal.c ****   * DAMAGES (INCLUDING, BUT NOT LIMITED TO, PROCUREMENT OF SUBSTITUTE GOODS OR
  43:Drivers/STM32F0xx_HAL_Driver/Src/stm32f0xx_hal.c ****   * SERVICES; LOSS OF USE, DATA, OR PROFITS; OR BUSINESS INTERRUPTION) HOWEVER
  44:Drivers/STM32F0xx_HAL_Driver/Src/stm32f0xx_hal.c ****   * CAUSED AND ON ANY THEORY OF LIABILITY, WHETHER IN CONTRACT, STRICT LIABILITY,
  45:Drivers/STM32F0xx_HAL_Driver/Src/stm32f0xx_hal.c ****   * OR TORT (INCLUDING NEGLIGENCE OR OTHERWISE) ARISING IN ANY WAY OUT OF THE USE
  46:Drivers/STM32F0xx_HAL_Driver/Src/stm32f0xx_hal.c ****   * OF THIS SOFTWARE, EVEN IF ADVISED OF THE POSSIBILITY OF SUCH DAMAGE.
  47:Drivers/STM32F0xx_HAL_Driver/Src/stm32f0xx_hal.c ****   *
  48:Drivers/STM32F0xx_HAL_Driver/Src/stm32f0xx_hal.c ****   ******************************************************************************
  49:Drivers/STM32F0xx_HAL_Driver/Src/stm32f0xx_hal.c ****   */
  50:Drivers/STM32F0xx_HAL_Driver/Src/stm32f0xx_hal.c **** 
  51:Drivers/STM32F0xx_HAL_Driver/Src/stm32f0xx_hal.c **** /* Includes ------------------------------------------------------------------*/
  52:Drivers/STM32F0xx_HAL_Driver/Src/stm32f0xx_hal.c **** #include "stm32f0xx_hal.h"
  53:Drivers/STM32F0xx_HAL_Driver/Src/stm32f0xx_hal.c **** 
  54:Drivers/STM32F0xx_HAL_Driver/Src/stm32f0xx_hal.c **** /** @addtogroup STM32F0xx_HAL_Driver
  55:Drivers/STM32F0xx_HAL_Driver/Src/stm32f0xx_hal.c ****   * @{
  56:Drivers/STM32F0xx_HAL_Driver/Src/stm32f0xx_hal.c ****   */
  57:Drivers/STM32F0xx_HAL_Driver/Src/stm32f0xx_hal.c **** 
  58:Drivers/STM32F0xx_HAL_Driver/Src/stm32f0xx_hal.c **** /** @defgroup HAL HAL
  59:Drivers/STM32F0xx_HAL_Driver/Src/stm32f0xx_hal.c ****   * @brief HAL module driver.
  60:Drivers/STM32F0xx_HAL_Driver/Src/stm32f0xx_hal.c ****   * @{
  61:Drivers/STM32F0xx_HAL_Driver/Src/stm32f0xx_hal.c ****   */
  62:Drivers/STM32F0xx_HAL_Driver/Src/stm32f0xx_hal.c **** 
  63:Drivers/STM32F0xx_HAL_Driver/Src/stm32f0xx_hal.c **** #ifdef HAL_MODULE_ENABLED
  64:Drivers/STM32F0xx_HAL_Driver/Src/stm32f0xx_hal.c **** 
  65:Drivers/STM32F0xx_HAL_Driver/Src/stm32f0xx_hal.c **** /* Private typedef -----------------------------------------------------------*/
  66:Drivers/STM32F0xx_HAL_Driver/Src/stm32f0xx_hal.c **** /* Private define ------------------------------------------------------------*/
  67:Drivers/STM32F0xx_HAL_Driver/Src/stm32f0xx_hal.c **** /** @defgroup HAL_Private_Constants HAL Private Constants
  68:Drivers/STM32F0xx_HAL_Driver/Src/stm32f0xx_hal.c ****   * @{
  69:Drivers/STM32F0xx_HAL_Driver/Src/stm32f0xx_hal.c ****   */
  70:Drivers/STM32F0xx_HAL_Driver/Src/stm32f0xx_hal.c **** /** 
  71:Drivers/STM32F0xx_HAL_Driver/Src/stm32f0xx_hal.c ****   * @brief STM32F0xx HAL Driver version number V1.6.0
  72:Drivers/STM32F0xx_HAL_Driver/Src/stm32f0xx_hal.c ****   */
  73:Drivers/STM32F0xx_HAL_Driver/Src/stm32f0xx_hal.c **** #define __STM32F0xx_HAL_VERSION_MAIN   (0x01) /*!< [31:24] main version */
  74:Drivers/STM32F0xx_HAL_Driver/Src/stm32f0xx_hal.c **** #define __STM32F0xx_HAL_VERSION_SUB1   (0x06) /*!< [23:16] sub1 version */
  75:Drivers/STM32F0xx_HAL_Driver/Src/stm32f0xx_hal.c **** #define __STM32F0xx_HAL_VERSION_SUB2   (0x00) /*!< [15:8]  sub2 version */
  76:Drivers/STM32F0xx_HAL_Driver/Src/stm32f0xx_hal.c **** #define __STM32F0xx_HAL_VERSION_RC     (0x00) /*!< [7:0]  release candidate */ 
  77:Drivers/STM32F0xx_HAL_Driver/Src/stm32f0xx_hal.c **** #define __STM32F0xx_HAL_VERSION         ((__STM32F0xx_HAL_VERSION_MAIN << 24U)\
  78:Drivers/STM32F0xx_HAL_Driver/Src/stm32f0xx_hal.c ****                                         |(__STM32F0xx_HAL_VERSION_SUB1 << 16U)\
  79:Drivers/STM32F0xx_HAL_Driver/Src/stm32f0xx_hal.c ****                                         |(__STM32F0xx_HAL_VERSION_SUB2 << 8U )\
  80:Drivers/STM32F0xx_HAL_Driver/Src/stm32f0xx_hal.c ****                                         |(__STM32F0xx_HAL_VERSION_RC))
  81:Drivers/STM32F0xx_HAL_Driver/Src/stm32f0xx_hal.c **** 
  82:Drivers/STM32F0xx_HAL_Driver/Src/stm32f0xx_hal.c **** #define IDCODE_DEVID_MASK    (0x00000FFFU)
  83:Drivers/STM32F0xx_HAL_Driver/Src/stm32f0xx_hal.c **** /**
  84:Drivers/STM32F0xx_HAL_Driver/Src/stm32f0xx_hal.c ****   * @}
  85:Drivers/STM32F0xx_HAL_Driver/Src/stm32f0xx_hal.c ****   */
  86:Drivers/STM32F0xx_HAL_Driver/Src/stm32f0xx_hal.c **** 
  87:Drivers/STM32F0xx_HAL_Driver/Src/stm32f0xx_hal.c **** /* Private macro -------------------------------------------------------------*/
  88:Drivers/STM32F0xx_HAL_Driver/Src/stm32f0xx_hal.c **** /** @defgroup HAL_Private_Macros HAL Private Macros
  89:Drivers/STM32F0xx_HAL_Driver/Src/stm32f0xx_hal.c ****   * @{
  90:Drivers/STM32F0xx_HAL_Driver/Src/stm32f0xx_hal.c ****   */
ARM GAS  C:\Users\Wojciech\AppData\Local\Temp\ccoSSshb.s 			page 3


  91:Drivers/STM32F0xx_HAL_Driver/Src/stm32f0xx_hal.c **** /**
  92:Drivers/STM32F0xx_HAL_Driver/Src/stm32f0xx_hal.c ****   * @}
  93:Drivers/STM32F0xx_HAL_Driver/Src/stm32f0xx_hal.c ****   */
  94:Drivers/STM32F0xx_HAL_Driver/Src/stm32f0xx_hal.c **** 
  95:Drivers/STM32F0xx_HAL_Driver/Src/stm32f0xx_hal.c **** /* Private variables ---------------------------------------------------------*/
  96:Drivers/STM32F0xx_HAL_Driver/Src/stm32f0xx_hal.c **** /** @defgroup HAL_Private_Variables HAL Private Variables
  97:Drivers/STM32F0xx_HAL_Driver/Src/stm32f0xx_hal.c ****   * @{
  98:Drivers/STM32F0xx_HAL_Driver/Src/stm32f0xx_hal.c ****   */
  99:Drivers/STM32F0xx_HAL_Driver/Src/stm32f0xx_hal.c **** __IO uint32_t uwTick;
 100:Drivers/STM32F0xx_HAL_Driver/Src/stm32f0xx_hal.c **** /**
 101:Drivers/STM32F0xx_HAL_Driver/Src/stm32f0xx_hal.c ****   * @}
 102:Drivers/STM32F0xx_HAL_Driver/Src/stm32f0xx_hal.c ****   */
 103:Drivers/STM32F0xx_HAL_Driver/Src/stm32f0xx_hal.c **** /* Private function prototypes -----------------------------------------------*/
 104:Drivers/STM32F0xx_HAL_Driver/Src/stm32f0xx_hal.c **** /* Exported functions ---------------------------------------------------------*/
 105:Drivers/STM32F0xx_HAL_Driver/Src/stm32f0xx_hal.c **** 
 106:Drivers/STM32F0xx_HAL_Driver/Src/stm32f0xx_hal.c **** /** @defgroup HAL_Exported_Functions HAL Exported Functions
 107:Drivers/STM32F0xx_HAL_Driver/Src/stm32f0xx_hal.c ****   * @{
 108:Drivers/STM32F0xx_HAL_Driver/Src/stm32f0xx_hal.c ****   */
 109:Drivers/STM32F0xx_HAL_Driver/Src/stm32f0xx_hal.c **** 
 110:Drivers/STM32F0xx_HAL_Driver/Src/stm32f0xx_hal.c **** /** @defgroup HAL_Exported_Functions_Group1 Initialization and de-initialization Functions 
 111:Drivers/STM32F0xx_HAL_Driver/Src/stm32f0xx_hal.c ****   * @brief    Initialization and de-initialization functions
 112:Drivers/STM32F0xx_HAL_Driver/Src/stm32f0xx_hal.c ****   *
 113:Drivers/STM32F0xx_HAL_Driver/Src/stm32f0xx_hal.c **** @verbatim
 114:Drivers/STM32F0xx_HAL_Driver/Src/stm32f0xx_hal.c ****  ===============================================================================
 115:Drivers/STM32F0xx_HAL_Driver/Src/stm32f0xx_hal.c ****               ##### Initialization and de-initialization functions #####
 116:Drivers/STM32F0xx_HAL_Driver/Src/stm32f0xx_hal.c ****  ===============================================================================
 117:Drivers/STM32F0xx_HAL_Driver/Src/stm32f0xx_hal.c ****    [..]  This section provides functions allowing to:
 118:Drivers/STM32F0xx_HAL_Driver/Src/stm32f0xx_hal.c ****       (+) Initializes the Flash interface, the NVIC allocation and initial clock 
 119:Drivers/STM32F0xx_HAL_Driver/Src/stm32f0xx_hal.c ****           configuration. It initializes the source of time base also when timeout 
 120:Drivers/STM32F0xx_HAL_Driver/Src/stm32f0xx_hal.c ****           is needed and the backup domain when enabled.
 121:Drivers/STM32F0xx_HAL_Driver/Src/stm32f0xx_hal.c ****       (+) de-Initializes common part of the HAL.
 122:Drivers/STM32F0xx_HAL_Driver/Src/stm32f0xx_hal.c ****       (+) Configure The time base source to have 1ms time base with a dedicated 
 123:Drivers/STM32F0xx_HAL_Driver/Src/stm32f0xx_hal.c ****           Tick interrupt priority. 
 124:Drivers/STM32F0xx_HAL_Driver/Src/stm32f0xx_hal.c ****         (++) Systick timer is used by default as source of time base, but user 
 125:Drivers/STM32F0xx_HAL_Driver/Src/stm32f0xx_hal.c ****              can eventually implement his proper time base source (a general purpose 
 126:Drivers/STM32F0xx_HAL_Driver/Src/stm32f0xx_hal.c ****              timer for example or other time source), keeping in mind that Time base 
 127:Drivers/STM32F0xx_HAL_Driver/Src/stm32f0xx_hal.c ****              duration should be kept 1ms since PPP_TIMEOUT_VALUEs are defined and 
 128:Drivers/STM32F0xx_HAL_Driver/Src/stm32f0xx_hal.c ****              handled in milliseconds basis.
 129:Drivers/STM32F0xx_HAL_Driver/Src/stm32f0xx_hal.c ****         (++) Time base configuration function (HAL_InitTick ()) is called automatically 
 130:Drivers/STM32F0xx_HAL_Driver/Src/stm32f0xx_hal.c ****              at the beginning of the program after reset by HAL_Init() or at any time 
 131:Drivers/STM32F0xx_HAL_Driver/Src/stm32f0xx_hal.c ****              when clock is configured, by HAL_RCC_ClockConfig(). 
 132:Drivers/STM32F0xx_HAL_Driver/Src/stm32f0xx_hal.c ****         (++) Source of time base is configured  to generate interrupts at regular 
 133:Drivers/STM32F0xx_HAL_Driver/Src/stm32f0xx_hal.c ****              time intervals. Care must be taken if HAL_Delay() is called from a 
 134:Drivers/STM32F0xx_HAL_Driver/Src/stm32f0xx_hal.c ****              peripheral ISR process, the Tick interrupt line must have higher priority 
 135:Drivers/STM32F0xx_HAL_Driver/Src/stm32f0xx_hal.c ****             (numerically lower) than the peripheral interrupt. Otherwise the caller 
 136:Drivers/STM32F0xx_HAL_Driver/Src/stm32f0xx_hal.c ****             ISR process will be blocked. 
 137:Drivers/STM32F0xx_HAL_Driver/Src/stm32f0xx_hal.c ****        (++) functions affecting time base configurations are declared as __Weak  
 138:Drivers/STM32F0xx_HAL_Driver/Src/stm32f0xx_hal.c ****              to make  override possible  in case of other  implementations in user file.
 139:Drivers/STM32F0xx_HAL_Driver/Src/stm32f0xx_hal.c ****  
 140:Drivers/STM32F0xx_HAL_Driver/Src/stm32f0xx_hal.c **** @endverbatim
 141:Drivers/STM32F0xx_HAL_Driver/Src/stm32f0xx_hal.c ****   * @{
 142:Drivers/STM32F0xx_HAL_Driver/Src/stm32f0xx_hal.c ****   */
 143:Drivers/STM32F0xx_HAL_Driver/Src/stm32f0xx_hal.c **** 
 144:Drivers/STM32F0xx_HAL_Driver/Src/stm32f0xx_hal.c **** /**
 145:Drivers/STM32F0xx_HAL_Driver/Src/stm32f0xx_hal.c ****   * @brief  This function configures the Flash prefetch,
 146:Drivers/STM32F0xx_HAL_Driver/Src/stm32f0xx_hal.c ****   *        Configures time base source, NVIC and Low level hardware
 147:Drivers/STM32F0xx_HAL_Driver/Src/stm32f0xx_hal.c ****   * @note This function is called at the beginning of program after reset and before 
ARM GAS  C:\Users\Wojciech\AppData\Local\Temp\ccoSSshb.s 			page 4


 148:Drivers/STM32F0xx_HAL_Driver/Src/stm32f0xx_hal.c ****   *       the clock configuration
 149:Drivers/STM32F0xx_HAL_Driver/Src/stm32f0xx_hal.c ****   * @note The time base configuration is based on HSI clock when exiting from Reset.
 150:Drivers/STM32F0xx_HAL_Driver/Src/stm32f0xx_hal.c ****   *       Once done, time base tick start incrementing.
 151:Drivers/STM32F0xx_HAL_Driver/Src/stm32f0xx_hal.c ****   *       In the default implementation,Systick is used as source of time base.
 152:Drivers/STM32F0xx_HAL_Driver/Src/stm32f0xx_hal.c ****   *       The tick variable is incremented each 1ms in its ISR.
 153:Drivers/STM32F0xx_HAL_Driver/Src/stm32f0xx_hal.c ****   * @retval HAL status
 154:Drivers/STM32F0xx_HAL_Driver/Src/stm32f0xx_hal.c ****   */
 155:Drivers/STM32F0xx_HAL_Driver/Src/stm32f0xx_hal.c **** HAL_StatusTypeDef HAL_Init(void)
 156:Drivers/STM32F0xx_HAL_Driver/Src/stm32f0xx_hal.c **** {
 157:Drivers/STM32F0xx_HAL_Driver/Src/stm32f0xx_hal.c ****   /* Configure Flash prefetch */ 
 158:Drivers/STM32F0xx_HAL_Driver/Src/stm32f0xx_hal.c **** #if (PREFETCH_ENABLE != 0)
 159:Drivers/STM32F0xx_HAL_Driver/Src/stm32f0xx_hal.c ****   __HAL_FLASH_PREFETCH_BUFFER_ENABLE();
 160:Drivers/STM32F0xx_HAL_Driver/Src/stm32f0xx_hal.c **** #endif /* PREFETCH_ENABLE */
 161:Drivers/STM32F0xx_HAL_Driver/Src/stm32f0xx_hal.c **** 
 162:Drivers/STM32F0xx_HAL_Driver/Src/stm32f0xx_hal.c ****   /* Use systick as time base source and configure 1ms tick (default clock after Reset is HSI) */
 163:Drivers/STM32F0xx_HAL_Driver/Src/stm32f0xx_hal.c **** 
 164:Drivers/STM32F0xx_HAL_Driver/Src/stm32f0xx_hal.c ****   HAL_InitTick(TICK_INT_PRIORITY);
 165:Drivers/STM32F0xx_HAL_Driver/Src/stm32f0xx_hal.c **** 
 166:Drivers/STM32F0xx_HAL_Driver/Src/stm32f0xx_hal.c ****   /* Init the low level hardware */
 167:Drivers/STM32F0xx_HAL_Driver/Src/stm32f0xx_hal.c ****   HAL_MspInit();
 168:Drivers/STM32F0xx_HAL_Driver/Src/stm32f0xx_hal.c **** 
 169:Drivers/STM32F0xx_HAL_Driver/Src/stm32f0xx_hal.c ****   /* Return function status */
 170:Drivers/STM32F0xx_HAL_Driver/Src/stm32f0xx_hal.c ****   return HAL_OK;
 171:Drivers/STM32F0xx_HAL_Driver/Src/stm32f0xx_hal.c **** }
 172:Drivers/STM32F0xx_HAL_Driver/Src/stm32f0xx_hal.c **** 
 173:Drivers/STM32F0xx_HAL_Driver/Src/stm32f0xx_hal.c **** /**
 174:Drivers/STM32F0xx_HAL_Driver/Src/stm32f0xx_hal.c ****   * @brief This function de-Initializes common part of the HAL and stops the source
 175:Drivers/STM32F0xx_HAL_Driver/Src/stm32f0xx_hal.c ****   *        of time base.
 176:Drivers/STM32F0xx_HAL_Driver/Src/stm32f0xx_hal.c ****   * @note This function is optional.
 177:Drivers/STM32F0xx_HAL_Driver/Src/stm32f0xx_hal.c ****   * @retval HAL status
 178:Drivers/STM32F0xx_HAL_Driver/Src/stm32f0xx_hal.c ****   */
 179:Drivers/STM32F0xx_HAL_Driver/Src/stm32f0xx_hal.c **** HAL_StatusTypeDef HAL_DeInit(void)
 180:Drivers/STM32F0xx_HAL_Driver/Src/stm32f0xx_hal.c **** {
 181:Drivers/STM32F0xx_HAL_Driver/Src/stm32f0xx_hal.c ****   /* Reset of all peripherals */
 182:Drivers/STM32F0xx_HAL_Driver/Src/stm32f0xx_hal.c ****   __HAL_RCC_APB1_FORCE_RESET();
 183:Drivers/STM32F0xx_HAL_Driver/Src/stm32f0xx_hal.c ****   __HAL_RCC_APB1_RELEASE_RESET();
 184:Drivers/STM32F0xx_HAL_Driver/Src/stm32f0xx_hal.c **** 
 185:Drivers/STM32F0xx_HAL_Driver/Src/stm32f0xx_hal.c ****   __HAL_RCC_APB2_FORCE_RESET();
 186:Drivers/STM32F0xx_HAL_Driver/Src/stm32f0xx_hal.c ****   __HAL_RCC_APB2_RELEASE_RESET();
 187:Drivers/STM32F0xx_HAL_Driver/Src/stm32f0xx_hal.c **** 
 188:Drivers/STM32F0xx_HAL_Driver/Src/stm32f0xx_hal.c ****   __HAL_RCC_AHB_FORCE_RESET();
 189:Drivers/STM32F0xx_HAL_Driver/Src/stm32f0xx_hal.c ****   __HAL_RCC_AHB_RELEASE_RESET();
 190:Drivers/STM32F0xx_HAL_Driver/Src/stm32f0xx_hal.c **** 
 191:Drivers/STM32F0xx_HAL_Driver/Src/stm32f0xx_hal.c ****   /* De-Init the low level hardware */
 192:Drivers/STM32F0xx_HAL_Driver/Src/stm32f0xx_hal.c ****   HAL_MspDeInit();
 193:Drivers/STM32F0xx_HAL_Driver/Src/stm32f0xx_hal.c ****     
 194:Drivers/STM32F0xx_HAL_Driver/Src/stm32f0xx_hal.c ****   /* Return function status */
 195:Drivers/STM32F0xx_HAL_Driver/Src/stm32f0xx_hal.c ****   return HAL_OK;
 196:Drivers/STM32F0xx_HAL_Driver/Src/stm32f0xx_hal.c **** }
 197:Drivers/STM32F0xx_HAL_Driver/Src/stm32f0xx_hal.c **** 
 198:Drivers/STM32F0xx_HAL_Driver/Src/stm32f0xx_hal.c **** /**
 199:Drivers/STM32F0xx_HAL_Driver/Src/stm32f0xx_hal.c ****   * @brief  Initializes the MSP.
 200:Drivers/STM32F0xx_HAL_Driver/Src/stm32f0xx_hal.c ****   * @retval None
 201:Drivers/STM32F0xx_HAL_Driver/Src/stm32f0xx_hal.c ****   */
 202:Drivers/STM32F0xx_HAL_Driver/Src/stm32f0xx_hal.c **** __weak void HAL_MspInit(void)
 203:Drivers/STM32F0xx_HAL_Driver/Src/stm32f0xx_hal.c **** {
  26              		.loc 1 203 0
ARM GAS  C:\Users\Wojciech\AppData\Local\Temp\ccoSSshb.s 			page 5


  27              		.cfi_startproc
  28              		@ args = 0, pretend = 0, frame = 0
  29              		@ frame_needed = 0, uses_anonymous_args = 0
  30              		@ link register save eliminated.
 204:Drivers/STM32F0xx_HAL_Driver/Src/stm32f0xx_hal.c ****   /* NOTE : This function Should not be modified, when the callback is needed,
 205:Drivers/STM32F0xx_HAL_Driver/Src/stm32f0xx_hal.c ****             the HAL_MspInit could be implemented in the user file
 206:Drivers/STM32F0xx_HAL_Driver/Src/stm32f0xx_hal.c ****    */
 207:Drivers/STM32F0xx_HAL_Driver/Src/stm32f0xx_hal.c **** }
  31              		.loc 1 207 0
  32              		@ sp needed
  33 0000 7047     		bx	lr
  34              		.cfi_endproc
  35              	.LFE37:
  37              		.section	.text.HAL_MspDeInit,"ax",%progbits
  38              		.align	1
  39              		.weak	HAL_MspDeInit
  40              		.syntax unified
  41              		.code	16
  42              		.thumb_func
  43              		.fpu softvfp
  45              	HAL_MspDeInit:
  46              	.LFB38:
 208:Drivers/STM32F0xx_HAL_Driver/Src/stm32f0xx_hal.c **** 
 209:Drivers/STM32F0xx_HAL_Driver/Src/stm32f0xx_hal.c **** /**
 210:Drivers/STM32F0xx_HAL_Driver/Src/stm32f0xx_hal.c ****   * @brief  DeInitializes the MSP.
 211:Drivers/STM32F0xx_HAL_Driver/Src/stm32f0xx_hal.c ****   * @retval None
 212:Drivers/STM32F0xx_HAL_Driver/Src/stm32f0xx_hal.c ****   */
 213:Drivers/STM32F0xx_HAL_Driver/Src/stm32f0xx_hal.c **** __weak void HAL_MspDeInit(void)
 214:Drivers/STM32F0xx_HAL_Driver/Src/stm32f0xx_hal.c **** {
  47              		.loc 1 214 0
  48              		.cfi_startproc
  49              		@ args = 0, pretend = 0, frame = 0
  50              		@ frame_needed = 0, uses_anonymous_args = 0
  51              		@ link register save eliminated.
 215:Drivers/STM32F0xx_HAL_Driver/Src/stm32f0xx_hal.c ****   /* NOTE : This function Should not be modified, when the callback is needed,
 216:Drivers/STM32F0xx_HAL_Driver/Src/stm32f0xx_hal.c ****             the HAL_MspDeInit could be implemented in the user file
 217:Drivers/STM32F0xx_HAL_Driver/Src/stm32f0xx_hal.c ****    */
 218:Drivers/STM32F0xx_HAL_Driver/Src/stm32f0xx_hal.c **** }
  52              		.loc 1 218 0
  53              		@ sp needed
  54 0000 7047     		bx	lr
  55              		.cfi_endproc
  56              	.LFE38:
  58              		.section	.text.HAL_DeInit,"ax",%progbits
  59              		.align	1
  60              		.global	HAL_DeInit
  61              		.syntax unified
  62              		.code	16
  63              		.thumb_func
  64              		.fpu softvfp
  66              	HAL_DeInit:
  67              	.LFB36:
 180:Drivers/STM32F0xx_HAL_Driver/Src/stm32f0xx_hal.c ****   /* Reset of all peripherals */
  68              		.loc 1 180 0
  69              		.cfi_startproc
  70              		@ args = 0, pretend = 0, frame = 0
  71              		@ frame_needed = 0, uses_anonymous_args = 0
ARM GAS  C:\Users\Wojciech\AppData\Local\Temp\ccoSSshb.s 			page 6


  72 0000 10B5     		push	{r4, lr}
  73              	.LCFI0:
  74              		.cfi_def_cfa_offset 8
  75              		.cfi_offset 4, -8
  76              		.cfi_offset 14, -4
 182:Drivers/STM32F0xx_HAL_Driver/Src/stm32f0xx_hal.c ****   __HAL_RCC_APB1_RELEASE_RESET();
  77              		.loc 1 182 0
  78 0002 074B     		ldr	r3, .L4
  79 0004 0121     		movs	r1, #1
  80 0006 4942     		rsbs	r1, r1, #0
  81 0008 1961     		str	r1, [r3, #16]
 183:Drivers/STM32F0xx_HAL_Driver/Src/stm32f0xx_hal.c **** 
  82              		.loc 1 183 0
  83 000a 0022     		movs	r2, #0
  84 000c 1A61     		str	r2, [r3, #16]
 185:Drivers/STM32F0xx_HAL_Driver/Src/stm32f0xx_hal.c ****   __HAL_RCC_APB2_RELEASE_RESET();
  85              		.loc 1 185 0
  86 000e D960     		str	r1, [r3, #12]
 186:Drivers/STM32F0xx_HAL_Driver/Src/stm32f0xx_hal.c **** 
  87              		.loc 1 186 0
  88 0010 DA60     		str	r2, [r3, #12]
 188:Drivers/STM32F0xx_HAL_Driver/Src/stm32f0xx_hal.c ****   __HAL_RCC_AHB_RELEASE_RESET();
  89              		.loc 1 188 0
  90 0012 9962     		str	r1, [r3, #40]
 189:Drivers/STM32F0xx_HAL_Driver/Src/stm32f0xx_hal.c **** 
  91              		.loc 1 189 0
  92 0014 9A62     		str	r2, [r3, #40]
 192:Drivers/STM32F0xx_HAL_Driver/Src/stm32f0xx_hal.c ****     
  93              		.loc 1 192 0
  94 0016 FFF7FEFF 		bl	HAL_MspDeInit
  95              	.LVL0:
 196:Drivers/STM32F0xx_HAL_Driver/Src/stm32f0xx_hal.c **** 
  96              		.loc 1 196 0
  97 001a 0020     		movs	r0, #0
  98              		@ sp needed
  99 001c 10BD     		pop	{r4, pc}
 100              	.L5:
 101 001e C046     		.align	2
 102              	.L4:
 103 0020 00100240 		.word	1073876992
 104              		.cfi_endproc
 105              	.LFE36:
 107              		.global	__aeabi_uidiv
 108              		.section	.text.HAL_InitTick,"ax",%progbits
 109              		.align	1
 110              		.weak	HAL_InitTick
 111              		.syntax unified
 112              		.code	16
 113              		.thumb_func
 114              		.fpu softvfp
 116              	HAL_InitTick:
 117              	.LFB39:
 219:Drivers/STM32F0xx_HAL_Driver/Src/stm32f0xx_hal.c **** 
 220:Drivers/STM32F0xx_HAL_Driver/Src/stm32f0xx_hal.c **** /**
 221:Drivers/STM32F0xx_HAL_Driver/Src/stm32f0xx_hal.c ****   * @brief This function configures the source of the time base. 
 222:Drivers/STM32F0xx_HAL_Driver/Src/stm32f0xx_hal.c ****   *        The time source is configured  to have 1ms time base with a dedicated 
 223:Drivers/STM32F0xx_HAL_Driver/Src/stm32f0xx_hal.c ****   *        Tick interrupt priority.
ARM GAS  C:\Users\Wojciech\AppData\Local\Temp\ccoSSshb.s 			page 7


 224:Drivers/STM32F0xx_HAL_Driver/Src/stm32f0xx_hal.c ****   * @note This function is called  automatically at the beginning of program after
 225:Drivers/STM32F0xx_HAL_Driver/Src/stm32f0xx_hal.c ****   *       reset by HAL_Init() or at any time when clock is reconfigured  by HAL_RCC_ClockConfig(). 
 226:Drivers/STM32F0xx_HAL_Driver/Src/stm32f0xx_hal.c ****   * @note In the default implementation, SysTick timer is the source of time base. 
 227:Drivers/STM32F0xx_HAL_Driver/Src/stm32f0xx_hal.c ****   *       It is used to generate interrupts at regular time intervals. 
 228:Drivers/STM32F0xx_HAL_Driver/Src/stm32f0xx_hal.c ****   *       Care must be taken if HAL_Delay() is called from a peripheral ISR process, 
 229:Drivers/STM32F0xx_HAL_Driver/Src/stm32f0xx_hal.c ****   *       The the SysTick interrupt must have higher priority (numerically lower) 
 230:Drivers/STM32F0xx_HAL_Driver/Src/stm32f0xx_hal.c ****   *       than the peripheral interrupt. Otherwise the caller ISR process will be blocked.
 231:Drivers/STM32F0xx_HAL_Driver/Src/stm32f0xx_hal.c ****   *       The function is declared as __Weak  to be overwritten  in case of other
 232:Drivers/STM32F0xx_HAL_Driver/Src/stm32f0xx_hal.c ****   *       implementation  in user file.
 233:Drivers/STM32F0xx_HAL_Driver/Src/stm32f0xx_hal.c ****   * @param TickPriority: Tick interrupt priority.
 234:Drivers/STM32F0xx_HAL_Driver/Src/stm32f0xx_hal.c ****   * @retval HAL status
 235:Drivers/STM32F0xx_HAL_Driver/Src/stm32f0xx_hal.c ****   */
 236:Drivers/STM32F0xx_HAL_Driver/Src/stm32f0xx_hal.c **** __weak HAL_StatusTypeDef HAL_InitTick(uint32_t TickPriority)
 237:Drivers/STM32F0xx_HAL_Driver/Src/stm32f0xx_hal.c **** {
 118              		.loc 1 237 0
 119              		.cfi_startproc
 120              		@ args = 0, pretend = 0, frame = 0
 121              		@ frame_needed = 0, uses_anonymous_args = 0
 122              	.LVL1:
 123 0000 10B5     		push	{r4, lr}
 124              	.LCFI1:
 125              		.cfi_def_cfa_offset 8
 126              		.cfi_offset 4, -8
 127              		.cfi_offset 14, -4
 128 0002 0400     		movs	r4, r0
 238:Drivers/STM32F0xx_HAL_Driver/Src/stm32f0xx_hal.c ****   /*Configure the SysTick to have interrupt in 1ms time basis*/
 239:Drivers/STM32F0xx_HAL_Driver/Src/stm32f0xx_hal.c ****   HAL_SYSTICK_Config(HAL_RCC_GetHCLKFreq()/1000U);
 129              		.loc 1 239 0
 130 0004 FFF7FEFF 		bl	HAL_RCC_GetHCLKFreq
 131              	.LVL2:
 132 0008 FA21     		movs	r1, #250
 133 000a 8900     		lsls	r1, r1, #2
 134 000c FFF7FEFF 		bl	__aeabi_uidiv
 135              	.LVL3:
 136 0010 FFF7FEFF 		bl	HAL_SYSTICK_Config
 137              	.LVL4:
 240:Drivers/STM32F0xx_HAL_Driver/Src/stm32f0xx_hal.c **** 
 241:Drivers/STM32F0xx_HAL_Driver/Src/stm32f0xx_hal.c ****   /*Configure the SysTick IRQ priority */
 242:Drivers/STM32F0xx_HAL_Driver/Src/stm32f0xx_hal.c ****   HAL_NVIC_SetPriority(SysTick_IRQn, TickPriority ,0U);
 138              		.loc 1 242 0
 139 0014 0022     		movs	r2, #0
 140 0016 2100     		movs	r1, r4
 141 0018 0120     		movs	r0, #1
 142 001a 4042     		rsbs	r0, r0, #0
 143 001c FFF7FEFF 		bl	HAL_NVIC_SetPriority
 144              	.LVL5:
 243:Drivers/STM32F0xx_HAL_Driver/Src/stm32f0xx_hal.c **** 
 244:Drivers/STM32F0xx_HAL_Driver/Src/stm32f0xx_hal.c ****    /* Return function status */
 245:Drivers/STM32F0xx_HAL_Driver/Src/stm32f0xx_hal.c ****   return HAL_OK;
 246:Drivers/STM32F0xx_HAL_Driver/Src/stm32f0xx_hal.c **** }
 145              		.loc 1 246 0
 146 0020 0020     		movs	r0, #0
 147              		@ sp needed
 148              	.LVL6:
 149 0022 10BD     		pop	{r4, pc}
 150              		.cfi_endproc
 151              	.LFE39:
ARM GAS  C:\Users\Wojciech\AppData\Local\Temp\ccoSSshb.s 			page 8


 153              		.section	.text.HAL_Init,"ax",%progbits
 154              		.align	1
 155              		.global	HAL_Init
 156              		.syntax unified
 157              		.code	16
 158              		.thumb_func
 159              		.fpu softvfp
 161              	HAL_Init:
 162              	.LFB35:
 156:Drivers/STM32F0xx_HAL_Driver/Src/stm32f0xx_hal.c ****   /* Configure Flash prefetch */ 
 163              		.loc 1 156 0
 164              		.cfi_startproc
 165              		@ args = 0, pretend = 0, frame = 0
 166              		@ frame_needed = 0, uses_anonymous_args = 0
 167 0000 10B5     		push	{r4, lr}
 168              	.LCFI2:
 169              		.cfi_def_cfa_offset 8
 170              		.cfi_offset 4, -8
 171              		.cfi_offset 14, -4
 159:Drivers/STM32F0xx_HAL_Driver/Src/stm32f0xx_hal.c **** #endif /* PREFETCH_ENABLE */
 172              		.loc 1 159 0
 173 0002 064A     		ldr	r2, .L8
 174 0004 1368     		ldr	r3, [r2]
 175 0006 1021     		movs	r1, #16
 176 0008 0B43     		orrs	r3, r1
 177 000a 1360     		str	r3, [r2]
 164:Drivers/STM32F0xx_HAL_Driver/Src/stm32f0xx_hal.c **** 
 178              		.loc 1 164 0
 179 000c 0020     		movs	r0, #0
 180 000e FFF7FEFF 		bl	HAL_InitTick
 181              	.LVL7:
 167:Drivers/STM32F0xx_HAL_Driver/Src/stm32f0xx_hal.c **** 
 182              		.loc 1 167 0
 183 0012 FFF7FEFF 		bl	HAL_MspInit
 184              	.LVL8:
 171:Drivers/STM32F0xx_HAL_Driver/Src/stm32f0xx_hal.c **** 
 185              		.loc 1 171 0
 186 0016 0020     		movs	r0, #0
 187              		@ sp needed
 188 0018 10BD     		pop	{r4, pc}
 189              	.L9:
 190 001a C046     		.align	2
 191              	.L8:
 192 001c 00200240 		.word	1073881088
 193              		.cfi_endproc
 194              	.LFE35:
 196              		.section	.text.HAL_IncTick,"ax",%progbits
 197              		.align	1
 198              		.weak	HAL_IncTick
 199              		.syntax unified
 200              		.code	16
 201              		.thumb_func
 202              		.fpu softvfp
 204              	HAL_IncTick:
 205              	.LFB40:
 247:Drivers/STM32F0xx_HAL_Driver/Src/stm32f0xx_hal.c **** 
 248:Drivers/STM32F0xx_HAL_Driver/Src/stm32f0xx_hal.c **** /**
ARM GAS  C:\Users\Wojciech\AppData\Local\Temp\ccoSSshb.s 			page 9


 249:Drivers/STM32F0xx_HAL_Driver/Src/stm32f0xx_hal.c ****   * @}
 250:Drivers/STM32F0xx_HAL_Driver/Src/stm32f0xx_hal.c ****   */
 251:Drivers/STM32F0xx_HAL_Driver/Src/stm32f0xx_hal.c **** 
 252:Drivers/STM32F0xx_HAL_Driver/Src/stm32f0xx_hal.c **** /** @defgroup HAL_Exported_Functions_Group2 HAL Control functions 
 253:Drivers/STM32F0xx_HAL_Driver/Src/stm32f0xx_hal.c ****   * @brief    HAL Control functions
 254:Drivers/STM32F0xx_HAL_Driver/Src/stm32f0xx_hal.c ****   *
 255:Drivers/STM32F0xx_HAL_Driver/Src/stm32f0xx_hal.c **** @verbatim
 256:Drivers/STM32F0xx_HAL_Driver/Src/stm32f0xx_hal.c ****  ===============================================================================
 257:Drivers/STM32F0xx_HAL_Driver/Src/stm32f0xx_hal.c ****                       ##### HAL Control functions #####
 258:Drivers/STM32F0xx_HAL_Driver/Src/stm32f0xx_hal.c ****  ===============================================================================
 259:Drivers/STM32F0xx_HAL_Driver/Src/stm32f0xx_hal.c ****     [..]  This section provides functions allowing to:
 260:Drivers/STM32F0xx_HAL_Driver/Src/stm32f0xx_hal.c ****       (+) Provide a tick value in millisecond
 261:Drivers/STM32F0xx_HAL_Driver/Src/stm32f0xx_hal.c ****       (+) Provide a blocking delay in millisecond
 262:Drivers/STM32F0xx_HAL_Driver/Src/stm32f0xx_hal.c ****       (+) Suspend the time base source interrupt
 263:Drivers/STM32F0xx_HAL_Driver/Src/stm32f0xx_hal.c ****       (+) Resume the time base source interrupt
 264:Drivers/STM32F0xx_HAL_Driver/Src/stm32f0xx_hal.c ****       (+) Get the HAL API driver version
 265:Drivers/STM32F0xx_HAL_Driver/Src/stm32f0xx_hal.c ****       (+) Get the device identifier
 266:Drivers/STM32F0xx_HAL_Driver/Src/stm32f0xx_hal.c ****       (+) Get the device revision identifier
 267:Drivers/STM32F0xx_HAL_Driver/Src/stm32f0xx_hal.c ****       (+) Enable/Disable Debug module during Sleep mode
 268:Drivers/STM32F0xx_HAL_Driver/Src/stm32f0xx_hal.c ****       (+) Enable/Disable Debug module during STOP mode
 269:Drivers/STM32F0xx_HAL_Driver/Src/stm32f0xx_hal.c ****       (+) Enable/Disable Debug module during STANDBY mode
 270:Drivers/STM32F0xx_HAL_Driver/Src/stm32f0xx_hal.c ****       
 271:Drivers/STM32F0xx_HAL_Driver/Src/stm32f0xx_hal.c **** @endverbatim
 272:Drivers/STM32F0xx_HAL_Driver/Src/stm32f0xx_hal.c ****   * @{
 273:Drivers/STM32F0xx_HAL_Driver/Src/stm32f0xx_hal.c ****   */
 274:Drivers/STM32F0xx_HAL_Driver/Src/stm32f0xx_hal.c **** 
 275:Drivers/STM32F0xx_HAL_Driver/Src/stm32f0xx_hal.c **** /**
 276:Drivers/STM32F0xx_HAL_Driver/Src/stm32f0xx_hal.c ****   * @brief This function is called to increment  a global variable "uwTick"
 277:Drivers/STM32F0xx_HAL_Driver/Src/stm32f0xx_hal.c ****   *        used as application time base.
 278:Drivers/STM32F0xx_HAL_Driver/Src/stm32f0xx_hal.c ****   * @note In the default implementation, this variable is incremented each 1ms
 279:Drivers/STM32F0xx_HAL_Driver/Src/stm32f0xx_hal.c ****   *       in Systick ISR.
 280:Drivers/STM32F0xx_HAL_Driver/Src/stm32f0xx_hal.c ****   * @note This function is declared as __weak to be overwritten in case of other 
 281:Drivers/STM32F0xx_HAL_Driver/Src/stm32f0xx_hal.c ****   *       implementations in user file.
 282:Drivers/STM32F0xx_HAL_Driver/Src/stm32f0xx_hal.c ****   * @retval None
 283:Drivers/STM32F0xx_HAL_Driver/Src/stm32f0xx_hal.c ****   */
 284:Drivers/STM32F0xx_HAL_Driver/Src/stm32f0xx_hal.c **** __weak void HAL_IncTick(void)
 285:Drivers/STM32F0xx_HAL_Driver/Src/stm32f0xx_hal.c **** {
 206              		.loc 1 285 0
 207              		.cfi_startproc
 208              		@ args = 0, pretend = 0, frame = 0
 209              		@ frame_needed = 0, uses_anonymous_args = 0
 210              		@ link register save eliminated.
 286:Drivers/STM32F0xx_HAL_Driver/Src/stm32f0xx_hal.c ****   uwTick++;
 211              		.loc 1 286 0
 212 0000 024A     		ldr	r2, .L11
 213 0002 1368     		ldr	r3, [r2]
 214 0004 0133     		adds	r3, r3, #1
 215 0006 1360     		str	r3, [r2]
 287:Drivers/STM32F0xx_HAL_Driver/Src/stm32f0xx_hal.c **** }
 216              		.loc 1 287 0
 217              		@ sp needed
 218 0008 7047     		bx	lr
 219              	.L12:
 220 000a C046     		.align	2
 221              	.L11:
 222 000c 00000000 		.word	uwTick
 223              		.cfi_endproc
ARM GAS  C:\Users\Wojciech\AppData\Local\Temp\ccoSSshb.s 			page 10


 224              	.LFE40:
 226              		.section	.text.HAL_GetTick,"ax",%progbits
 227              		.align	1
 228              		.weak	HAL_GetTick
 229              		.syntax unified
 230              		.code	16
 231              		.thumb_func
 232              		.fpu softvfp
 234              	HAL_GetTick:
 235              	.LFB41:
 288:Drivers/STM32F0xx_HAL_Driver/Src/stm32f0xx_hal.c **** 
 289:Drivers/STM32F0xx_HAL_Driver/Src/stm32f0xx_hal.c **** /**
 290:Drivers/STM32F0xx_HAL_Driver/Src/stm32f0xx_hal.c ****   * @brief  Provides a tick value in millisecond.
 291:Drivers/STM32F0xx_HAL_Driver/Src/stm32f0xx_hal.c ****   * @note   This function is declared as __weak  to be overwritten  in case of other 
 292:Drivers/STM32F0xx_HAL_Driver/Src/stm32f0xx_hal.c ****   *       implementations in user file.
 293:Drivers/STM32F0xx_HAL_Driver/Src/stm32f0xx_hal.c ****   * @retval tick value
 294:Drivers/STM32F0xx_HAL_Driver/Src/stm32f0xx_hal.c ****   */
 295:Drivers/STM32F0xx_HAL_Driver/Src/stm32f0xx_hal.c **** __weak uint32_t HAL_GetTick(void)
 296:Drivers/STM32F0xx_HAL_Driver/Src/stm32f0xx_hal.c **** {
 236              		.loc 1 296 0
 237              		.cfi_startproc
 238              		@ args = 0, pretend = 0, frame = 0
 239              		@ frame_needed = 0, uses_anonymous_args = 0
 240              		@ link register save eliminated.
 297:Drivers/STM32F0xx_HAL_Driver/Src/stm32f0xx_hal.c ****   return uwTick;
 241              		.loc 1 297 0
 242 0000 014B     		ldr	r3, .L14
 243 0002 1868     		ldr	r0, [r3]
 298:Drivers/STM32F0xx_HAL_Driver/Src/stm32f0xx_hal.c **** }
 244              		.loc 1 298 0
 245              		@ sp needed
 246 0004 7047     		bx	lr
 247              	.L15:
 248 0006 C046     		.align	2
 249              	.L14:
 250 0008 00000000 		.word	uwTick
 251              		.cfi_endproc
 252              	.LFE41:
 254              		.section	.text.HAL_Delay,"ax",%progbits
 255              		.align	1
 256              		.weak	HAL_Delay
 257              		.syntax unified
 258              		.code	16
 259              		.thumb_func
 260              		.fpu softvfp
 262              	HAL_Delay:
 263              	.LFB42:
 299:Drivers/STM32F0xx_HAL_Driver/Src/stm32f0xx_hal.c **** 
 300:Drivers/STM32F0xx_HAL_Driver/Src/stm32f0xx_hal.c **** /**
 301:Drivers/STM32F0xx_HAL_Driver/Src/stm32f0xx_hal.c ****   * @brief This function provides accurate delay (in milliseconds) based 
 302:Drivers/STM32F0xx_HAL_Driver/Src/stm32f0xx_hal.c ****   *        on variable incremented.
 303:Drivers/STM32F0xx_HAL_Driver/Src/stm32f0xx_hal.c ****   * @note In the default implementation , SysTick timer is the source of time base.
 304:Drivers/STM32F0xx_HAL_Driver/Src/stm32f0xx_hal.c ****   *       It is used to generate interrupts at regular time intervals where uwTick
 305:Drivers/STM32F0xx_HAL_Driver/Src/stm32f0xx_hal.c ****   *       is incremented.
 306:Drivers/STM32F0xx_HAL_Driver/Src/stm32f0xx_hal.c ****   * @note ThiS function is declared as __weak to be overwritten in case of other
 307:Drivers/STM32F0xx_HAL_Driver/Src/stm32f0xx_hal.c ****   *       implementations in user file.
 308:Drivers/STM32F0xx_HAL_Driver/Src/stm32f0xx_hal.c ****   * @param Delay: specifies the delay time length, in milliseconds.
ARM GAS  C:\Users\Wojciech\AppData\Local\Temp\ccoSSshb.s 			page 11


 309:Drivers/STM32F0xx_HAL_Driver/Src/stm32f0xx_hal.c ****   * @retval None
 310:Drivers/STM32F0xx_HAL_Driver/Src/stm32f0xx_hal.c ****   */
 311:Drivers/STM32F0xx_HAL_Driver/Src/stm32f0xx_hal.c **** __weak void HAL_Delay(__IO uint32_t Delay)
 312:Drivers/STM32F0xx_HAL_Driver/Src/stm32f0xx_hal.c **** {
 264              		.loc 1 312 0
 265              		.cfi_startproc
 266              		@ args = 0, pretend = 0, frame = 8
 267              		@ frame_needed = 0, uses_anonymous_args = 0
 268              	.LVL9:
 269 0000 30B5     		push	{r4, r5, lr}
 270              	.LCFI3:
 271              		.cfi_def_cfa_offset 12
 272              		.cfi_offset 4, -12
 273              		.cfi_offset 5, -8
 274              		.cfi_offset 14, -4
 275 0002 83B0     		sub	sp, sp, #12
 276              	.LCFI4:
 277              		.cfi_def_cfa_offset 24
 278 0004 0190     		str	r0, [sp, #4]
 313:Drivers/STM32F0xx_HAL_Driver/Src/stm32f0xx_hal.c ****   uint32_t tickstart = HAL_GetTick();
 279              		.loc 1 313 0
 280 0006 FFF7FEFF 		bl	HAL_GetTick
 281              	.LVL10:
 282 000a 0500     		movs	r5, r0
 283              	.LVL11:
 314:Drivers/STM32F0xx_HAL_Driver/Src/stm32f0xx_hal.c ****   uint32_t wait = Delay;
 284              		.loc 1 314 0
 285 000c 019C     		ldr	r4, [sp, #4]
 286              	.LVL12:
 315:Drivers/STM32F0xx_HAL_Driver/Src/stm32f0xx_hal.c ****   
 316:Drivers/STM32F0xx_HAL_Driver/Src/stm32f0xx_hal.c ****   /* Add a period to guarantee minimum wait */
 317:Drivers/STM32F0xx_HAL_Driver/Src/stm32f0xx_hal.c ****   if (wait < HAL_MAX_DELAY)
 287              		.loc 1 317 0
 288 000e 631C     		adds	r3, r4, #1
 289 0010 00D0     		beq	.L18
 318:Drivers/STM32F0xx_HAL_Driver/Src/stm32f0xx_hal.c ****   {
 319:Drivers/STM32F0xx_HAL_Driver/Src/stm32f0xx_hal.c ****      wait++;
 290              		.loc 1 319 0
 291 0012 0134     		adds	r4, r4, #1
 292              	.LVL13:
 293              	.L18:
 320:Drivers/STM32F0xx_HAL_Driver/Src/stm32f0xx_hal.c ****   }
 321:Drivers/STM32F0xx_HAL_Driver/Src/stm32f0xx_hal.c ****   
 322:Drivers/STM32F0xx_HAL_Driver/Src/stm32f0xx_hal.c ****   while((HAL_GetTick() - tickstart) < wait)
 294              		.loc 1 322 0 discriminator 1
 295 0014 FFF7FEFF 		bl	HAL_GetTick
 296              	.LVL14:
 297 0018 401B     		subs	r0, r0, r5
 298 001a A042     		cmp	r0, r4
 299 001c FAD3     		bcc	.L18
 323:Drivers/STM32F0xx_HAL_Driver/Src/stm32f0xx_hal.c ****   {
 324:Drivers/STM32F0xx_HAL_Driver/Src/stm32f0xx_hal.c ****   }
 325:Drivers/STM32F0xx_HAL_Driver/Src/stm32f0xx_hal.c **** }
 300              		.loc 1 325 0
 301 001e 03B0     		add	sp, sp, #12
 302              		@ sp needed
 303              	.LVL15:
ARM GAS  C:\Users\Wojciech\AppData\Local\Temp\ccoSSshb.s 			page 12


 304              	.LVL16:
 305 0020 30BD     		pop	{r4, r5, pc}
 306              		.cfi_endproc
 307              	.LFE42:
 309              		.section	.text.HAL_SuspendTick,"ax",%progbits
 310              		.align	1
 311              		.weak	HAL_SuspendTick
 312              		.syntax unified
 313              		.code	16
 314              		.thumb_func
 315              		.fpu softvfp
 317              	HAL_SuspendTick:
 318              	.LFB43:
 326:Drivers/STM32F0xx_HAL_Driver/Src/stm32f0xx_hal.c **** 
 327:Drivers/STM32F0xx_HAL_Driver/Src/stm32f0xx_hal.c **** /**
 328:Drivers/STM32F0xx_HAL_Driver/Src/stm32f0xx_hal.c ****   * @brief Suspend Tick increment.
 329:Drivers/STM32F0xx_HAL_Driver/Src/stm32f0xx_hal.c ****   * @note In the default implementation , SysTick timer is the source of time base. It is
 330:Drivers/STM32F0xx_HAL_Driver/Src/stm32f0xx_hal.c ****   *       used to generate interrupts at regular time intervals. Once HAL_SuspendTick()
 331:Drivers/STM32F0xx_HAL_Driver/Src/stm32f0xx_hal.c ****   *       is called, the the SysTick interrupt will be disabled and so Tick increment 
 332:Drivers/STM32F0xx_HAL_Driver/Src/stm32f0xx_hal.c ****   *       is suspended.
 333:Drivers/STM32F0xx_HAL_Driver/Src/stm32f0xx_hal.c ****   * @note This function is declared as __weak to be overwritten in case of other
 334:Drivers/STM32F0xx_HAL_Driver/Src/stm32f0xx_hal.c ****   *       implementations in user file.
 335:Drivers/STM32F0xx_HAL_Driver/Src/stm32f0xx_hal.c ****   * @retval None
 336:Drivers/STM32F0xx_HAL_Driver/Src/stm32f0xx_hal.c ****   */
 337:Drivers/STM32F0xx_HAL_Driver/Src/stm32f0xx_hal.c **** __weak void HAL_SuspendTick(void)
 338:Drivers/STM32F0xx_HAL_Driver/Src/stm32f0xx_hal.c **** 
 339:Drivers/STM32F0xx_HAL_Driver/Src/stm32f0xx_hal.c **** {
 319              		.loc 1 339 0
 320              		.cfi_startproc
 321              		@ args = 0, pretend = 0, frame = 0
 322              		@ frame_needed = 0, uses_anonymous_args = 0
 323              		@ link register save eliminated.
 340:Drivers/STM32F0xx_HAL_Driver/Src/stm32f0xx_hal.c ****   /* Disable SysTick Interrupt */
 341:Drivers/STM32F0xx_HAL_Driver/Src/stm32f0xx_hal.c ****   CLEAR_BIT(SysTick->CTRL,SysTick_CTRL_TICKINT_Msk);
 324              		.loc 1 341 0
 325 0000 024A     		ldr	r2, .L20
 326 0002 1368     		ldr	r3, [r2]
 327 0004 0221     		movs	r1, #2
 328 0006 8B43     		bics	r3, r1
 329 0008 1360     		str	r3, [r2]
 342:Drivers/STM32F0xx_HAL_Driver/Src/stm32f0xx_hal.c **** }
 330              		.loc 1 342 0
 331              		@ sp needed
 332 000a 7047     		bx	lr
 333              	.L21:
 334              		.align	2
 335              	.L20:
 336 000c 10E000E0 		.word	-536813552
 337              		.cfi_endproc
 338              	.LFE43:
 340              		.section	.text.HAL_ResumeTick,"ax",%progbits
 341              		.align	1
 342              		.weak	HAL_ResumeTick
 343              		.syntax unified
 344              		.code	16
 345              		.thumb_func
 346              		.fpu softvfp
ARM GAS  C:\Users\Wojciech\AppData\Local\Temp\ccoSSshb.s 			page 13


 348              	HAL_ResumeTick:
 349              	.LFB44:
 343:Drivers/STM32F0xx_HAL_Driver/Src/stm32f0xx_hal.c **** 
 344:Drivers/STM32F0xx_HAL_Driver/Src/stm32f0xx_hal.c **** /**
 345:Drivers/STM32F0xx_HAL_Driver/Src/stm32f0xx_hal.c ****   * @brief Resume Tick increment.
 346:Drivers/STM32F0xx_HAL_Driver/Src/stm32f0xx_hal.c ****   * @note In the default implementation , SysTick timer is the source of time base. It is
 347:Drivers/STM32F0xx_HAL_Driver/Src/stm32f0xx_hal.c ****   *       used to generate interrupts at regular time intervals. Once HAL_ResumeTick()
 348:Drivers/STM32F0xx_HAL_Driver/Src/stm32f0xx_hal.c ****   *       is called, the the SysTick interrupt will be enabled and so Tick increment 
 349:Drivers/STM32F0xx_HAL_Driver/Src/stm32f0xx_hal.c ****   *       is resumed.
 350:Drivers/STM32F0xx_HAL_Driver/Src/stm32f0xx_hal.c ****   * @note This function is declared as __weak  to be overwritten  in case of other
 351:Drivers/STM32F0xx_HAL_Driver/Src/stm32f0xx_hal.c ****   *       implementations in user file.
 352:Drivers/STM32F0xx_HAL_Driver/Src/stm32f0xx_hal.c ****   * @retval None
 353:Drivers/STM32F0xx_HAL_Driver/Src/stm32f0xx_hal.c ****   */
 354:Drivers/STM32F0xx_HAL_Driver/Src/stm32f0xx_hal.c **** __weak void HAL_ResumeTick(void)
 355:Drivers/STM32F0xx_HAL_Driver/Src/stm32f0xx_hal.c **** {
 350              		.loc 1 355 0
 351              		.cfi_startproc
 352              		@ args = 0, pretend = 0, frame = 0
 353              		@ frame_needed = 0, uses_anonymous_args = 0
 354              		@ link register save eliminated.
 356:Drivers/STM32F0xx_HAL_Driver/Src/stm32f0xx_hal.c ****   /* Enable SysTick Interrupt */
 357:Drivers/STM32F0xx_HAL_Driver/Src/stm32f0xx_hal.c ****   SET_BIT(SysTick->CTRL,SysTick_CTRL_TICKINT_Msk);
 355              		.loc 1 357 0
 356 0000 024A     		ldr	r2, .L23
 357 0002 1368     		ldr	r3, [r2]
 358 0004 0221     		movs	r1, #2
 359 0006 0B43     		orrs	r3, r1
 360 0008 1360     		str	r3, [r2]
 358:Drivers/STM32F0xx_HAL_Driver/Src/stm32f0xx_hal.c **** }
 361              		.loc 1 358 0
 362              		@ sp needed
 363 000a 7047     		bx	lr
 364              	.L24:
 365              		.align	2
 366              	.L23:
 367 000c 10E000E0 		.word	-536813552
 368              		.cfi_endproc
 369              	.LFE44:
 371              		.section	.text.HAL_GetHalVersion,"ax",%progbits
 372              		.align	1
 373              		.global	HAL_GetHalVersion
 374              		.syntax unified
 375              		.code	16
 376              		.thumb_func
 377              		.fpu softvfp
 379              	HAL_GetHalVersion:
 380              	.LFB45:
 359:Drivers/STM32F0xx_HAL_Driver/Src/stm32f0xx_hal.c **** 
 360:Drivers/STM32F0xx_HAL_Driver/Src/stm32f0xx_hal.c **** /**
 361:Drivers/STM32F0xx_HAL_Driver/Src/stm32f0xx_hal.c ****   * @brief  This method returns the HAL revision
 362:Drivers/STM32F0xx_HAL_Driver/Src/stm32f0xx_hal.c ****   * @retval version : 0xXYZR (8bits for each decimal, R for RC)
 363:Drivers/STM32F0xx_HAL_Driver/Src/stm32f0xx_hal.c ****   */
 364:Drivers/STM32F0xx_HAL_Driver/Src/stm32f0xx_hal.c **** uint32_t HAL_GetHalVersion(void)
 365:Drivers/STM32F0xx_HAL_Driver/Src/stm32f0xx_hal.c **** {
 381              		.loc 1 365 0
 382              		.cfi_startproc
 383              		@ args = 0, pretend = 0, frame = 0
ARM GAS  C:\Users\Wojciech\AppData\Local\Temp\ccoSSshb.s 			page 14


 384              		@ frame_needed = 0, uses_anonymous_args = 0
 385              		@ link register save eliminated.
 366:Drivers/STM32F0xx_HAL_Driver/Src/stm32f0xx_hal.c ****  return __STM32F0xx_HAL_VERSION;
 367:Drivers/STM32F0xx_HAL_Driver/Src/stm32f0xx_hal.c **** }
 386              		.loc 1 367 0
 387 0000 8320     		movs	r0, #131
 388 0002 4004     		lsls	r0, r0, #17
 389              		@ sp needed
 390 0004 7047     		bx	lr
 391              		.cfi_endproc
 392              	.LFE45:
 394              		.section	.text.HAL_GetREVID,"ax",%progbits
 395              		.align	1
 396              		.global	HAL_GetREVID
 397              		.syntax unified
 398              		.code	16
 399              		.thumb_func
 400              		.fpu softvfp
 402              	HAL_GetREVID:
 403              	.LFB46:
 368:Drivers/STM32F0xx_HAL_Driver/Src/stm32f0xx_hal.c **** 
 369:Drivers/STM32F0xx_HAL_Driver/Src/stm32f0xx_hal.c **** /**
 370:Drivers/STM32F0xx_HAL_Driver/Src/stm32f0xx_hal.c ****   * @brief  Returns the device revision identifier.
 371:Drivers/STM32F0xx_HAL_Driver/Src/stm32f0xx_hal.c ****   * @retval Device revision identifier
 372:Drivers/STM32F0xx_HAL_Driver/Src/stm32f0xx_hal.c ****   */
 373:Drivers/STM32F0xx_HAL_Driver/Src/stm32f0xx_hal.c **** uint32_t HAL_GetREVID(void)
 374:Drivers/STM32F0xx_HAL_Driver/Src/stm32f0xx_hal.c **** {
 404              		.loc 1 374 0
 405              		.cfi_startproc
 406              		@ args = 0, pretend = 0, frame = 0
 407              		@ frame_needed = 0, uses_anonymous_args = 0
 408              		@ link register save eliminated.
 375:Drivers/STM32F0xx_HAL_Driver/Src/stm32f0xx_hal.c ****    return((DBGMCU->IDCODE) >> 16U);
 409              		.loc 1 375 0
 410 0000 014B     		ldr	r3, .L27
 411 0002 1868     		ldr	r0, [r3]
 412 0004 000C     		lsrs	r0, r0, #16
 376:Drivers/STM32F0xx_HAL_Driver/Src/stm32f0xx_hal.c **** }
 413              		.loc 1 376 0
 414              		@ sp needed
 415 0006 7047     		bx	lr
 416              	.L28:
 417              		.align	2
 418              	.L27:
 419 0008 00580140 		.word	1073829888
 420              		.cfi_endproc
 421              	.LFE46:
 423              		.section	.text.HAL_GetDEVID,"ax",%progbits
 424              		.align	1
 425              		.global	HAL_GetDEVID
 426              		.syntax unified
 427              		.code	16
 428              		.thumb_func
 429              		.fpu softvfp
 431              	HAL_GetDEVID:
 432              	.LFB47:
 377:Drivers/STM32F0xx_HAL_Driver/Src/stm32f0xx_hal.c **** 
ARM GAS  C:\Users\Wojciech\AppData\Local\Temp\ccoSSshb.s 			page 15


 378:Drivers/STM32F0xx_HAL_Driver/Src/stm32f0xx_hal.c **** /**
 379:Drivers/STM32F0xx_HAL_Driver/Src/stm32f0xx_hal.c ****   * @brief  Returns the device identifier.
 380:Drivers/STM32F0xx_HAL_Driver/Src/stm32f0xx_hal.c ****   * @retval Device identifier
 381:Drivers/STM32F0xx_HAL_Driver/Src/stm32f0xx_hal.c ****   */
 382:Drivers/STM32F0xx_HAL_Driver/Src/stm32f0xx_hal.c **** uint32_t HAL_GetDEVID(void)
 383:Drivers/STM32F0xx_HAL_Driver/Src/stm32f0xx_hal.c **** {
 433              		.loc 1 383 0
 434              		.cfi_startproc
 435              		@ args = 0, pretend = 0, frame = 0
 436              		@ frame_needed = 0, uses_anonymous_args = 0
 437              		@ link register save eliminated.
 384:Drivers/STM32F0xx_HAL_Driver/Src/stm32f0xx_hal.c ****    return((DBGMCU->IDCODE) & IDCODE_DEVID_MASK);
 438              		.loc 1 384 0
 439 0000 024B     		ldr	r3, .L30
 440 0002 1868     		ldr	r0, [r3]
 441 0004 0005     		lsls	r0, r0, #20
 442 0006 000D     		lsrs	r0, r0, #20
 385:Drivers/STM32F0xx_HAL_Driver/Src/stm32f0xx_hal.c **** }
 443              		.loc 1 385 0
 444              		@ sp needed
 445 0008 7047     		bx	lr
 446              	.L31:
 447 000a C046     		.align	2
 448              	.L30:
 449 000c 00580140 		.word	1073829888
 450              		.cfi_endproc
 451              	.LFE47:
 453              		.section	.text.HAL_GetUIDw0,"ax",%progbits
 454              		.align	1
 455              		.global	HAL_GetUIDw0
 456              		.syntax unified
 457              		.code	16
 458              		.thumb_func
 459              		.fpu softvfp
 461              	HAL_GetUIDw0:
 462              	.LFB48:
 386:Drivers/STM32F0xx_HAL_Driver/Src/stm32f0xx_hal.c **** 
 387:Drivers/STM32F0xx_HAL_Driver/Src/stm32f0xx_hal.c **** /**
 388:Drivers/STM32F0xx_HAL_Driver/Src/stm32f0xx_hal.c ****   * @brief  Returns first word of the unique device identifier (UID based on 96 bits)
 389:Drivers/STM32F0xx_HAL_Driver/Src/stm32f0xx_hal.c ****   * @retval Device identifier
 390:Drivers/STM32F0xx_HAL_Driver/Src/stm32f0xx_hal.c ****   */
 391:Drivers/STM32F0xx_HAL_Driver/Src/stm32f0xx_hal.c **** uint32_t HAL_GetUIDw0(void)
 392:Drivers/STM32F0xx_HAL_Driver/Src/stm32f0xx_hal.c **** {
 463              		.loc 1 392 0
 464              		.cfi_startproc
 465              		@ args = 0, pretend = 0, frame = 0
 466              		@ frame_needed = 0, uses_anonymous_args = 0
 467              		@ link register save eliminated.
 393:Drivers/STM32F0xx_HAL_Driver/Src/stm32f0xx_hal.c ****    return(READ_REG(*((uint32_t *)UID_BASE)));
 468              		.loc 1 393 0
 469 0000 014B     		ldr	r3, .L33
 470 0002 1868     		ldr	r0, [r3]
 394:Drivers/STM32F0xx_HAL_Driver/Src/stm32f0xx_hal.c **** }
 471              		.loc 1 394 0
 472              		@ sp needed
 473 0004 7047     		bx	lr
 474              	.L34:
ARM GAS  C:\Users\Wojciech\AppData\Local\Temp\ccoSSshb.s 			page 16


 475 0006 C046     		.align	2
 476              	.L33:
 477 0008 ACF7FF1F 		.word	536868780
 478              		.cfi_endproc
 479              	.LFE48:
 481              		.section	.text.HAL_GetUIDw1,"ax",%progbits
 482              		.align	1
 483              		.global	HAL_GetUIDw1
 484              		.syntax unified
 485              		.code	16
 486              		.thumb_func
 487              		.fpu softvfp
 489              	HAL_GetUIDw1:
 490              	.LFB49:
 395:Drivers/STM32F0xx_HAL_Driver/Src/stm32f0xx_hal.c **** 
 396:Drivers/STM32F0xx_HAL_Driver/Src/stm32f0xx_hal.c **** /**
 397:Drivers/STM32F0xx_HAL_Driver/Src/stm32f0xx_hal.c ****   * @brief  Returns second word of the unique device identifier (UID based on 96 bits)
 398:Drivers/STM32F0xx_HAL_Driver/Src/stm32f0xx_hal.c ****   * @retval Device identifier
 399:Drivers/STM32F0xx_HAL_Driver/Src/stm32f0xx_hal.c ****   */
 400:Drivers/STM32F0xx_HAL_Driver/Src/stm32f0xx_hal.c **** uint32_t HAL_GetUIDw1(void)
 401:Drivers/STM32F0xx_HAL_Driver/Src/stm32f0xx_hal.c **** {
 491              		.loc 1 401 0
 492              		.cfi_startproc
 493              		@ args = 0, pretend = 0, frame = 0
 494              		@ frame_needed = 0, uses_anonymous_args = 0
 495              		@ link register save eliminated.
 402:Drivers/STM32F0xx_HAL_Driver/Src/stm32f0xx_hal.c ****    return(READ_REG(*((uint32_t *)(UID_BASE + 4U))));
 496              		.loc 1 402 0
 497 0000 014B     		ldr	r3, .L36
 498 0002 1868     		ldr	r0, [r3]
 403:Drivers/STM32F0xx_HAL_Driver/Src/stm32f0xx_hal.c **** }
 499              		.loc 1 403 0
 500              		@ sp needed
 501 0004 7047     		bx	lr
 502              	.L37:
 503 0006 C046     		.align	2
 504              	.L36:
 505 0008 B0F7FF1F 		.word	536868784
 506              		.cfi_endproc
 507              	.LFE49:
 509              		.section	.text.HAL_GetUIDw2,"ax",%progbits
 510              		.align	1
 511              		.global	HAL_GetUIDw2
 512              		.syntax unified
 513              		.code	16
 514              		.thumb_func
 515              		.fpu softvfp
 517              	HAL_GetUIDw2:
 518              	.LFB50:
 404:Drivers/STM32F0xx_HAL_Driver/Src/stm32f0xx_hal.c **** 
 405:Drivers/STM32F0xx_HAL_Driver/Src/stm32f0xx_hal.c **** /**
 406:Drivers/STM32F0xx_HAL_Driver/Src/stm32f0xx_hal.c ****   * @brief  Returns third word of the unique device identifier (UID based on 96 bits)
 407:Drivers/STM32F0xx_HAL_Driver/Src/stm32f0xx_hal.c ****   * @retval Device identifier
 408:Drivers/STM32F0xx_HAL_Driver/Src/stm32f0xx_hal.c ****   */
 409:Drivers/STM32F0xx_HAL_Driver/Src/stm32f0xx_hal.c **** uint32_t HAL_GetUIDw2(void)
 410:Drivers/STM32F0xx_HAL_Driver/Src/stm32f0xx_hal.c **** {
 519              		.loc 1 410 0
ARM GAS  C:\Users\Wojciech\AppData\Local\Temp\ccoSSshb.s 			page 17


 520              		.cfi_startproc
 521              		@ args = 0, pretend = 0, frame = 0
 522              		@ frame_needed = 0, uses_anonymous_args = 0
 523              		@ link register save eliminated.
 411:Drivers/STM32F0xx_HAL_Driver/Src/stm32f0xx_hal.c ****    return(READ_REG(*((uint32_t *)(UID_BASE + 8U))));
 524              		.loc 1 411 0
 525 0000 014B     		ldr	r3, .L39
 526 0002 1868     		ldr	r0, [r3]
 412:Drivers/STM32F0xx_HAL_Driver/Src/stm32f0xx_hal.c **** }
 527              		.loc 1 412 0
 528              		@ sp needed
 529 0004 7047     		bx	lr
 530              	.L40:
 531 0006 C046     		.align	2
 532              	.L39:
 533 0008 B4F7FF1F 		.word	536868788
 534              		.cfi_endproc
 535              	.LFE50:
 537              		.section	.text.HAL_DBGMCU_EnableDBGStopMode,"ax",%progbits
 538              		.align	1
 539              		.global	HAL_DBGMCU_EnableDBGStopMode
 540              		.syntax unified
 541              		.code	16
 542              		.thumb_func
 543              		.fpu softvfp
 545              	HAL_DBGMCU_EnableDBGStopMode:
 546              	.LFB51:
 413:Drivers/STM32F0xx_HAL_Driver/Src/stm32f0xx_hal.c **** 
 414:Drivers/STM32F0xx_HAL_Driver/Src/stm32f0xx_hal.c **** /**
 415:Drivers/STM32F0xx_HAL_Driver/Src/stm32f0xx_hal.c ****   * @brief  Enable the Debug Module during STOP mode       
 416:Drivers/STM32F0xx_HAL_Driver/Src/stm32f0xx_hal.c ****   * @retval None
 417:Drivers/STM32F0xx_HAL_Driver/Src/stm32f0xx_hal.c ****   */
 418:Drivers/STM32F0xx_HAL_Driver/Src/stm32f0xx_hal.c **** void HAL_DBGMCU_EnableDBGStopMode(void)
 419:Drivers/STM32F0xx_HAL_Driver/Src/stm32f0xx_hal.c **** {
 547              		.loc 1 419 0
 548              		.cfi_startproc
 549              		@ args = 0, pretend = 0, frame = 0
 550              		@ frame_needed = 0, uses_anonymous_args = 0
 551              		@ link register save eliminated.
 420:Drivers/STM32F0xx_HAL_Driver/Src/stm32f0xx_hal.c ****   SET_BIT(DBGMCU->CR, DBGMCU_CR_DBG_STOP);
 552              		.loc 1 420 0
 553 0000 024A     		ldr	r2, .L42
 554 0002 5368     		ldr	r3, [r2, #4]
 555 0004 0221     		movs	r1, #2
 556 0006 0B43     		orrs	r3, r1
 557 0008 5360     		str	r3, [r2, #4]
 421:Drivers/STM32F0xx_HAL_Driver/Src/stm32f0xx_hal.c **** }
 558              		.loc 1 421 0
 559              		@ sp needed
 560 000a 7047     		bx	lr
 561              	.L43:
 562              		.align	2
 563              	.L42:
 564 000c 00580140 		.word	1073829888
 565              		.cfi_endproc
 566              	.LFE51:
 568              		.section	.text.HAL_DBGMCU_DisableDBGStopMode,"ax",%progbits
ARM GAS  C:\Users\Wojciech\AppData\Local\Temp\ccoSSshb.s 			page 18


 569              		.align	1
 570              		.global	HAL_DBGMCU_DisableDBGStopMode
 571              		.syntax unified
 572              		.code	16
 573              		.thumb_func
 574              		.fpu softvfp
 576              	HAL_DBGMCU_DisableDBGStopMode:
 577              	.LFB52:
 422:Drivers/STM32F0xx_HAL_Driver/Src/stm32f0xx_hal.c **** 
 423:Drivers/STM32F0xx_HAL_Driver/Src/stm32f0xx_hal.c **** /**
 424:Drivers/STM32F0xx_HAL_Driver/Src/stm32f0xx_hal.c ****   * @brief  Disable the Debug Module during STOP mode       
 425:Drivers/STM32F0xx_HAL_Driver/Src/stm32f0xx_hal.c ****   * @retval None
 426:Drivers/STM32F0xx_HAL_Driver/Src/stm32f0xx_hal.c ****   */
 427:Drivers/STM32F0xx_HAL_Driver/Src/stm32f0xx_hal.c **** void HAL_DBGMCU_DisableDBGStopMode(void)
 428:Drivers/STM32F0xx_HAL_Driver/Src/stm32f0xx_hal.c **** {
 578              		.loc 1 428 0
 579              		.cfi_startproc
 580              		@ args = 0, pretend = 0, frame = 0
 581              		@ frame_needed = 0, uses_anonymous_args = 0
 582              		@ link register save eliminated.
 429:Drivers/STM32F0xx_HAL_Driver/Src/stm32f0xx_hal.c ****   CLEAR_BIT(DBGMCU->CR, DBGMCU_CR_DBG_STOP);
 583              		.loc 1 429 0
 584 0000 024A     		ldr	r2, .L45
 585 0002 5368     		ldr	r3, [r2, #4]
 586 0004 0221     		movs	r1, #2
 587 0006 8B43     		bics	r3, r1
 588 0008 5360     		str	r3, [r2, #4]
 430:Drivers/STM32F0xx_HAL_Driver/Src/stm32f0xx_hal.c **** }
 589              		.loc 1 430 0
 590              		@ sp needed
 591 000a 7047     		bx	lr
 592              	.L46:
 593              		.align	2
 594              	.L45:
 595 000c 00580140 		.word	1073829888
 596              		.cfi_endproc
 597              	.LFE52:
 599              		.section	.text.HAL_DBGMCU_EnableDBGStandbyMode,"ax",%progbits
 600              		.align	1
 601              		.global	HAL_DBGMCU_EnableDBGStandbyMode
 602              		.syntax unified
 603              		.code	16
 604              		.thumb_func
 605              		.fpu softvfp
 607              	HAL_DBGMCU_EnableDBGStandbyMode:
 608              	.LFB53:
 431:Drivers/STM32F0xx_HAL_Driver/Src/stm32f0xx_hal.c **** 
 432:Drivers/STM32F0xx_HAL_Driver/Src/stm32f0xx_hal.c **** /**
 433:Drivers/STM32F0xx_HAL_Driver/Src/stm32f0xx_hal.c ****   * @brief  Enable the Debug Module during STANDBY mode       
 434:Drivers/STM32F0xx_HAL_Driver/Src/stm32f0xx_hal.c ****   * @retval None
 435:Drivers/STM32F0xx_HAL_Driver/Src/stm32f0xx_hal.c ****   */
 436:Drivers/STM32F0xx_HAL_Driver/Src/stm32f0xx_hal.c **** void HAL_DBGMCU_EnableDBGStandbyMode(void)
 437:Drivers/STM32F0xx_HAL_Driver/Src/stm32f0xx_hal.c **** {
 609              		.loc 1 437 0
 610              		.cfi_startproc
 611              		@ args = 0, pretend = 0, frame = 0
 612              		@ frame_needed = 0, uses_anonymous_args = 0
ARM GAS  C:\Users\Wojciech\AppData\Local\Temp\ccoSSshb.s 			page 19


 613              		@ link register save eliminated.
 438:Drivers/STM32F0xx_HAL_Driver/Src/stm32f0xx_hal.c ****   SET_BIT(DBGMCU->CR, DBGMCU_CR_DBG_STANDBY);
 614              		.loc 1 438 0
 615 0000 024A     		ldr	r2, .L48
 616 0002 5368     		ldr	r3, [r2, #4]
 617 0004 0421     		movs	r1, #4
 618 0006 0B43     		orrs	r3, r1
 619 0008 5360     		str	r3, [r2, #4]
 439:Drivers/STM32F0xx_HAL_Driver/Src/stm32f0xx_hal.c **** }
 620              		.loc 1 439 0
 621              		@ sp needed
 622 000a 7047     		bx	lr
 623              	.L49:
 624              		.align	2
 625              	.L48:
 626 000c 00580140 		.word	1073829888
 627              		.cfi_endproc
 628              	.LFE53:
 630              		.section	.text.HAL_DBGMCU_DisableDBGStandbyMode,"ax",%progbits
 631              		.align	1
 632              		.global	HAL_DBGMCU_DisableDBGStandbyMode
 633              		.syntax unified
 634              		.code	16
 635              		.thumb_func
 636              		.fpu softvfp
 638              	HAL_DBGMCU_DisableDBGStandbyMode:
 639              	.LFB54:
 440:Drivers/STM32F0xx_HAL_Driver/Src/stm32f0xx_hal.c **** 
 441:Drivers/STM32F0xx_HAL_Driver/Src/stm32f0xx_hal.c **** /**
 442:Drivers/STM32F0xx_HAL_Driver/Src/stm32f0xx_hal.c ****   * @brief  Disable the Debug Module during STANDBY mode       
 443:Drivers/STM32F0xx_HAL_Driver/Src/stm32f0xx_hal.c ****   * @retval None
 444:Drivers/STM32F0xx_HAL_Driver/Src/stm32f0xx_hal.c ****   */
 445:Drivers/STM32F0xx_HAL_Driver/Src/stm32f0xx_hal.c **** void HAL_DBGMCU_DisableDBGStandbyMode(void)
 446:Drivers/STM32F0xx_HAL_Driver/Src/stm32f0xx_hal.c **** {
 640              		.loc 1 446 0
 641              		.cfi_startproc
 642              		@ args = 0, pretend = 0, frame = 0
 643              		@ frame_needed = 0, uses_anonymous_args = 0
 644              		@ link register save eliminated.
 447:Drivers/STM32F0xx_HAL_Driver/Src/stm32f0xx_hal.c ****   CLEAR_BIT(DBGMCU->CR, DBGMCU_CR_DBG_STANDBY);
 645              		.loc 1 447 0
 646 0000 024A     		ldr	r2, .L51
 647 0002 5368     		ldr	r3, [r2, #4]
 648 0004 0421     		movs	r1, #4
 649 0006 8B43     		bics	r3, r1
 650 0008 5360     		str	r3, [r2, #4]
 448:Drivers/STM32F0xx_HAL_Driver/Src/stm32f0xx_hal.c **** }
 651              		.loc 1 448 0
 652              		@ sp needed
 653 000a 7047     		bx	lr
 654              	.L52:
 655              		.align	2
 656              	.L51:
 657 000c 00580140 		.word	1073829888
 658              		.cfi_endproc
 659              	.LFE54:
 661              		.comm	uwTick,4,4
ARM GAS  C:\Users\Wojciech\AppData\Local\Temp\ccoSSshb.s 			page 20


 662              		.text
 663              	.Letext0:
 664              		.file 2 "c:\\program files (x86)\\gnu tools arm embedded\\6 2017-q2-update\\arm-none-eabi\\include
 665              		.file 3 "c:\\program files (x86)\\gnu tools arm embedded\\6 2017-q2-update\\arm-none-eabi\\include
 666              		.file 4 "Drivers/CMSIS/Include/core_cm0.h"
 667              		.file 5 "Drivers/CMSIS/Device/ST/STM32F0xx/Include/system_stm32f0xx.h"
 668              		.file 6 "Drivers/CMSIS/Device/ST/STM32F0xx/Include/stm32f042x6.h"
 669              		.file 7 "c:\\program files (x86)\\gnu tools arm embedded\\6 2017-q2-update\\arm-none-eabi\\include
 670              		.file 8 "c:\\program files (x86)\\gnu tools arm embedded\\6 2017-q2-update\\arm-none-eabi\\include
 671              		.file 9 "c:\\program files (x86)\\gnu tools arm embedded\\6 2017-q2-update\\lib\\gcc\\arm-none-eab
 672              		.file 10 "c:\\program files (x86)\\gnu tools arm embedded\\6 2017-q2-update\\arm-none-eabi\\includ
 673              		.file 11 "Drivers/STM32F0xx_HAL_Driver/Inc/stm32f0xx_hal_def.h"
 674              		.file 12 "Drivers/STM32F0xx_HAL_Driver/Inc/stm32f0xx_hal_rcc.h"
 675              		.file 13 "Drivers/STM32F0xx_HAL_Driver/Inc/stm32f0xx_hal_cortex.h"
ARM GAS  C:\Users\Wojciech\AppData\Local\Temp\ccoSSshb.s 			page 21


DEFINED SYMBOLS
                            *ABS*:00000000 stm32f0xx_hal.c
C:\Users\Wojciech\AppData\Local\Temp\ccoSSshb.s:16     .text.HAL_MspInit:00000000 $t
C:\Users\Wojciech\AppData\Local\Temp\ccoSSshb.s:23     .text.HAL_MspInit:00000000 HAL_MspInit
C:\Users\Wojciech\AppData\Local\Temp\ccoSSshb.s:38     .text.HAL_MspDeInit:00000000 $t
C:\Users\Wojciech\AppData\Local\Temp\ccoSSshb.s:45     .text.HAL_MspDeInit:00000000 HAL_MspDeInit
C:\Users\Wojciech\AppData\Local\Temp\ccoSSshb.s:59     .text.HAL_DeInit:00000000 $t
C:\Users\Wojciech\AppData\Local\Temp\ccoSSshb.s:66     .text.HAL_DeInit:00000000 HAL_DeInit
C:\Users\Wojciech\AppData\Local\Temp\ccoSSshb.s:103    .text.HAL_DeInit:00000020 $d
C:\Users\Wojciech\AppData\Local\Temp\ccoSSshb.s:109    .text.HAL_InitTick:00000000 $t
C:\Users\Wojciech\AppData\Local\Temp\ccoSSshb.s:116    .text.HAL_InitTick:00000000 HAL_InitTick
C:\Users\Wojciech\AppData\Local\Temp\ccoSSshb.s:154    .text.HAL_Init:00000000 $t
C:\Users\Wojciech\AppData\Local\Temp\ccoSSshb.s:161    .text.HAL_Init:00000000 HAL_Init
C:\Users\Wojciech\AppData\Local\Temp\ccoSSshb.s:192    .text.HAL_Init:0000001c $d
C:\Users\Wojciech\AppData\Local\Temp\ccoSSshb.s:197    .text.HAL_IncTick:00000000 $t
C:\Users\Wojciech\AppData\Local\Temp\ccoSSshb.s:204    .text.HAL_IncTick:00000000 HAL_IncTick
C:\Users\Wojciech\AppData\Local\Temp\ccoSSshb.s:222    .text.HAL_IncTick:0000000c $d
                            *COM*:00000004 uwTick
C:\Users\Wojciech\AppData\Local\Temp\ccoSSshb.s:227    .text.HAL_GetTick:00000000 $t
C:\Users\Wojciech\AppData\Local\Temp\ccoSSshb.s:234    .text.HAL_GetTick:00000000 HAL_GetTick
C:\Users\Wojciech\AppData\Local\Temp\ccoSSshb.s:250    .text.HAL_GetTick:00000008 $d
C:\Users\Wojciech\AppData\Local\Temp\ccoSSshb.s:255    .text.HAL_Delay:00000000 $t
C:\Users\Wojciech\AppData\Local\Temp\ccoSSshb.s:262    .text.HAL_Delay:00000000 HAL_Delay
C:\Users\Wojciech\AppData\Local\Temp\ccoSSshb.s:310    .text.HAL_SuspendTick:00000000 $t
C:\Users\Wojciech\AppData\Local\Temp\ccoSSshb.s:317    .text.HAL_SuspendTick:00000000 HAL_SuspendTick
C:\Users\Wojciech\AppData\Local\Temp\ccoSSshb.s:336    .text.HAL_SuspendTick:0000000c $d
C:\Users\Wojciech\AppData\Local\Temp\ccoSSshb.s:341    .text.HAL_ResumeTick:00000000 $t
C:\Users\Wojciech\AppData\Local\Temp\ccoSSshb.s:348    .text.HAL_ResumeTick:00000000 HAL_ResumeTick
C:\Users\Wojciech\AppData\Local\Temp\ccoSSshb.s:367    .text.HAL_ResumeTick:0000000c $d
C:\Users\Wojciech\AppData\Local\Temp\ccoSSshb.s:372    .text.HAL_GetHalVersion:00000000 $t
C:\Users\Wojciech\AppData\Local\Temp\ccoSSshb.s:379    .text.HAL_GetHalVersion:00000000 HAL_GetHalVersion
C:\Users\Wojciech\AppData\Local\Temp\ccoSSshb.s:395    .text.HAL_GetREVID:00000000 $t
C:\Users\Wojciech\AppData\Local\Temp\ccoSSshb.s:402    .text.HAL_GetREVID:00000000 HAL_GetREVID
C:\Users\Wojciech\AppData\Local\Temp\ccoSSshb.s:419    .text.HAL_GetREVID:00000008 $d
C:\Users\Wojciech\AppData\Local\Temp\ccoSSshb.s:424    .text.HAL_GetDEVID:00000000 $t
C:\Users\Wojciech\AppData\Local\Temp\ccoSSshb.s:431    .text.HAL_GetDEVID:00000000 HAL_GetDEVID
C:\Users\Wojciech\AppData\Local\Temp\ccoSSshb.s:449    .text.HAL_GetDEVID:0000000c $d
C:\Users\Wojciech\AppData\Local\Temp\ccoSSshb.s:454    .text.HAL_GetUIDw0:00000000 $t
C:\Users\Wojciech\AppData\Local\Temp\ccoSSshb.s:461    .text.HAL_GetUIDw0:00000000 HAL_GetUIDw0
C:\Users\Wojciech\AppData\Local\Temp\ccoSSshb.s:477    .text.HAL_GetUIDw0:00000008 $d
C:\Users\Wojciech\AppData\Local\Temp\ccoSSshb.s:482    .text.HAL_GetUIDw1:00000000 $t
C:\Users\Wojciech\AppData\Local\Temp\ccoSSshb.s:489    .text.HAL_GetUIDw1:00000000 HAL_GetUIDw1
C:\Users\Wojciech\AppData\Local\Temp\ccoSSshb.s:505    .text.HAL_GetUIDw1:00000008 $d
C:\Users\Wojciech\AppData\Local\Temp\ccoSSshb.s:510    .text.HAL_GetUIDw2:00000000 $t
C:\Users\Wojciech\AppData\Local\Temp\ccoSSshb.s:517    .text.HAL_GetUIDw2:00000000 HAL_GetUIDw2
C:\Users\Wojciech\AppData\Local\Temp\ccoSSshb.s:533    .text.HAL_GetUIDw2:00000008 $d
C:\Users\Wojciech\AppData\Local\Temp\ccoSSshb.s:538    .text.HAL_DBGMCU_EnableDBGStopMode:00000000 $t
C:\Users\Wojciech\AppData\Local\Temp\ccoSSshb.s:545    .text.HAL_DBGMCU_EnableDBGStopMode:00000000 HAL_DBGMCU_EnableDBGStopMode
C:\Users\Wojciech\AppData\Local\Temp\ccoSSshb.s:564    .text.HAL_DBGMCU_EnableDBGStopMode:0000000c $d
C:\Users\Wojciech\AppData\Local\Temp\ccoSSshb.s:569    .text.HAL_DBGMCU_DisableDBGStopMode:00000000 $t
C:\Users\Wojciech\AppData\Local\Temp\ccoSSshb.s:576    .text.HAL_DBGMCU_DisableDBGStopMode:00000000 HAL_DBGMCU_DisableDBGStopMode
C:\Users\Wojciech\AppData\Local\Temp\ccoSSshb.s:595    .text.HAL_DBGMCU_DisableDBGStopMode:0000000c $d
C:\Users\Wojciech\AppData\Local\Temp\ccoSSshb.s:600    .text.HAL_DBGMCU_EnableDBGStandbyMode:00000000 $t
C:\Users\Wojciech\AppData\Local\Temp\ccoSSshb.s:607    .text.HAL_DBGMCU_EnableDBGStandbyMode:00000000 HAL_DBGMCU_EnableDBGStandbyMode
C:\Users\Wojciech\AppData\Local\Temp\ccoSSshb.s:626    .text.HAL_DBGMCU_EnableDBGStandbyMode:0000000c $d
C:\Users\Wojciech\AppData\Local\Temp\ccoSSshb.s:631    .text.HAL_DBGMCU_DisableDBGStandbyMode:00000000 $t
C:\Users\Wojciech\AppData\Local\Temp\ccoSSshb.s:638    .text.HAL_DBGMCU_DisableDBGStandbyMode:00000000 HAL_DBGMCU_DisableDBGStandbyMode
ARM GAS  C:\Users\Wojciech\AppData\Local\Temp\ccoSSshb.s 			page 22


C:\Users\Wojciech\AppData\Local\Temp\ccoSSshb.s:657    .text.HAL_DBGMCU_DisableDBGStandbyMode:0000000c $d
                     .debug_frame:00000010 $d

UNDEFINED SYMBOLS
__aeabi_uidiv
HAL_RCC_GetHCLKFreq
HAL_SYSTICK_Config
HAL_NVIC_SetPriority
