ARM GAS  C:\Users\Wojciech\AppData\Local\Temp\ccooK0KR.s 			page 1


   1              		.cpu cortex-m0
   2              		.eabi_attribute 20, 1
   3              		.eabi_attribute 21, 1
   4              		.eabi_attribute 23, 3
   5              		.eabi_attribute 24, 1
   6              		.eabi_attribute 25, 1
   7              		.eabi_attribute 26, 1
   8              		.eabi_attribute 30, 1
   9              		.eabi_attribute 34, 0
  10              		.eabi_attribute 18, 4
  11              		.file	"stop_pedal.c"
  12              		.text
  13              	.Ltext0:
  14              		.cfi_sections	.debug_frame
  15              		.section	.text.StopPedal_Read,"ax",%progbits
  16              		.align	1
  17              		.global	StopPedal_Read
  18              		.syntax unified
  19              		.code	16
  20              		.thumb_func
  21              		.fpu softvfp
  23              	StopPedal_Read:
  24              	.LFB35:
  25              		.file 1 "Src/stop_pedal.c"
   1:Src/stop_pedal.c **** /*
   2:Src/stop_pedal.c ****  * stop_pedal.c
   3:Src/stop_pedal.c ****  *
   4:Src/stop_pedal.c ****  *  Created on: May 11, 2017
   5:Src/stop_pedal.c ****  *      Author: Wojciech
   6:Src/stop_pedal.c ****  */
   7:Src/stop_pedal.c **** 
   8:Src/stop_pedal.c **** #include "gpio.h"
   9:Src/stop_pedal.c **** #include "main.h"
  10:Src/stop_pedal.c **** 
  11:Src/stop_pedal.c **** /**
  12:Src/stop_pedal.c ****   * @brief  Read stop pedal value.
  13:Src/stop_pedal.c ****   * @note	Pedal is pulled-up, so positive value on pin means that pedal is not pressed down.
  14:Src/stop_pedal.c ****   * @retval	0 - pedal not pressed, 1 - pedal pressed.
  15:Src/stop_pedal.c ****   */
  16:Src/stop_pedal.c **** uint8_t StopPedal_Read(void){
  26              		.loc 1 16 0
  27              		.cfi_startproc
  28              		@ args = 0, pretend = 0, frame = 0
  29              		@ frame_needed = 0, uses_anonymous_args = 0
  30 0000 10B5     		push	{r4, lr}
  31              	.LCFI0:
  32              		.cfi_def_cfa_offset 8
  33              		.cfi_offset 4, -8
  34              		.cfi_offset 14, -4
  17:Src/stop_pedal.c **** 
  18:Src/stop_pedal.c **** 	if(GPIO_PIN_SET == HAL_GPIO_ReadPin(STOP_PEDAL_GPIO_Port, STOP_PEDAL_Pin)){
  35              		.loc 1 18 0
  36 0002 8021     		movs	r1, #128
  37 0004 4900     		lsls	r1, r1, #1
  38 0006 9020     		movs	r0, #144
  39 0008 C005     		lsls	r0, r0, #23
  40 000a FFF7FEFF 		bl	HAL_GPIO_ReadPin
ARM GAS  C:\Users\Wojciech\AppData\Local\Temp\ccooK0KR.s 			page 2


  41              	.LVL0:
  42 000e 0128     		cmp	r0, #1
  43 0010 01D0     		beq	.L4
  19:Src/stop_pedal.c **** 		return 0xFF;
  20:Src/stop_pedal.c **** 	}
  21:Src/stop_pedal.c **** 	return 0;
  44              		.loc 1 21 0
  45 0012 0020     		movs	r0, #0
  46              	.L2:
  22:Src/stop_pedal.c **** }
  47              		.loc 1 22 0
  48              		@ sp needed
  49 0014 10BD     		pop	{r4, pc}
  50              	.L4:
  19:Src/stop_pedal.c **** 		return 0xFF;
  51              		.loc 1 19 0
  52 0016 FE30     		adds	r0, r0, #254
  53 0018 FCE7     		b	.L2
  54              		.cfi_endproc
  55              	.LFE35:
  57              		.text
  58              	.Letext0:
  59              		.file 2 "c:\\program files (x86)\\gnu tools arm embedded\\6 2017-q2-update\\arm-none-eabi\\include
  60              		.file 3 "c:\\program files (x86)\\gnu tools arm embedded\\6 2017-q2-update\\arm-none-eabi\\include
  61              		.file 4 "Drivers/CMSIS/Device/ST/STM32F0xx/Include/system_stm32f0xx.h"
  62              		.file 5 "Drivers/CMSIS/Device/ST/STM32F0xx/Include/stm32f042x6.h"
  63              		.file 6 "c:\\program files (x86)\\gnu tools arm embedded\\6 2017-q2-update\\arm-none-eabi\\include
  64              		.file 7 "c:\\program files (x86)\\gnu tools arm embedded\\6 2017-q2-update\\arm-none-eabi\\include
  65              		.file 8 "c:\\program files (x86)\\gnu tools arm embedded\\6 2017-q2-update\\lib\\gcc\\arm-none-eab
  66              		.file 9 "c:\\program files (x86)\\gnu tools arm embedded\\6 2017-q2-update\\arm-none-eabi\\include
  67              		.file 10 "Drivers/STM32F0xx_HAL_Driver/Inc/stm32f0xx_hal_gpio.h"
ARM GAS  C:\Users\Wojciech\AppData\Local\Temp\ccooK0KR.s 			page 3


DEFINED SYMBOLS
                            *ABS*:00000000 stop_pedal.c
C:\Users\Wojciech\AppData\Local\Temp\ccooK0KR.s:16     .text.StopPedal_Read:00000000 $t
C:\Users\Wojciech\AppData\Local\Temp\ccooK0KR.s:23     .text.StopPedal_Read:00000000 StopPedal_Read
                     .debug_frame:00000010 $d

UNDEFINED SYMBOLS
HAL_GPIO_ReadPin
